#
# There is insufficient memory for the Java Runtime Environment to continue.
# Native memory allocation (malloc) failed to allocate 583088 bytes for Chunk::new
# Possible reasons:
#   The system is out of physical RAM or swap space
#   The process is running with CompressedOops enabled, and the Java Heap may be blocking the growth of the native heap
# Possible solutions:
#   Reduce memory load on the system
#   Increase physical memory or swap space
#   Check if swap backing store is full
#   Decrease Java heap size (-Xmx/-Xms)
#   Decrease number of Java threads
#   Decrease Java thread stack sizes (-Xss)
#   Set larger code cache with -XX:ReservedCodeCacheSize=
#   JVM is running with Unscaled Compressed Oops mode in which the Java heap is
#     placed in the first 4GB address space. The Java Heap base address is the
#     maximum limit for the native heap growth. Please use -XX:HeapBaseMinAddress
#     to set the Java Heap base and to place the Java Heap above 4GB virtual address.
# This output file may be truncated or incomplete.
#
#  Out of Memory Error (allocation.cpp:389), pid=11636, tid=0x0000000000002740
#
# JRE version: Java(TM) SE Runtime Environment (8.0_231-b11) (build 1.8.0_231-b11)
# Java VM: Java HotSpot(TM) 64-Bit Server VM (25.231-b11 mixed mode windows-amd64 compressed oops)
# Failed to write core dump. Minidumps are not enabled by default on client versions of Windows
#

---------------  T H R E A D  ---------------

Current thread (0x0000000018c2a000):  JavaThread "C2 CompilerThread0" daemon [_thread_in_native, id=10048, stack(0x0000000019120000,0x0000000019220000)]

Stack: [0x0000000019120000,0x0000000019220000]
[error occurred during error reporting (printing stack bounds), id 0xc0000005]

Native frames: (J=compiled Java code, j=interpreted, Vv=VM code, C=native code)


Current CompileTask:
C2:  18260 3364       4       java.lang.Class::privateGetMethodRecursive (130 bytes)


---------------  P R O C E S S  ---------------

Java Threads: ( => current thread )
  0x000000001a623800 JavaThread "Darkroom Processing Line" daemon [_thread_blocked, id=5980, stack(0x000000001ee20000,0x000000001ef20000)]
  0x000000001a622000 JavaThread "Okio Watchdog" daemon [_thread_blocked, id=6692, stack(0x000000001f120000,0x000000001f220000)]
  0x000000001a621000 JavaThread "OkHttp ConnectionPool" daemon [_thread_blocked, id=7760, stack(0x000000001f020000,0x000000001f120000)]
  0x000000001a620800 JavaThread "ForkJoinPool.commonPool-worker-0" daemon [_thread_blocked, id=4108, stack(0x000000001ef20000,0x000000001f020000)]
  0x000000001a61e000 JavaThread "Exec Stream Pumper" daemon [_thread_in_native, id=6012, stack(0x000000001ed20000,0x000000001ee20000)]
  0x000000001a622800 JavaThread "Exec Stream Pumper" daemon [_thread_in_native, id=4784, stack(0x000000001ec20000,0x000000001ed20000)]
  0x000000001a625000 JavaThread "UrlChecker-2" daemon [_thread_blocked, id=12780, stack(0x000000001d250000,0x000000001d350000)]
  0x000000001a61f800 JavaThread "Exec Default Executor" daemon [_thread_in_native, id=13440, stack(0x000000001af60000,0x000000001b060000)]
  0x0000000018c9f800 JavaThread "Service Thread" daemon [_thread_blocked, id=12808, stack(0x0000000019420000,0x0000000019520000)]
  0x0000000018c89800 JavaThread "C1 CompilerThread2" daemon [_thread_blocked, id=12816, stack(0x0000000019320000,0x0000000019420000)]
  0x0000000018c2b000 JavaThread "C2 CompilerThread1" daemon [_thread_in_native, id=11428, stack(0x0000000019220000,0x0000000019320000)]
=>0x0000000018c2a000 JavaThread "C2 CompilerThread0" daemon [_thread_in_native, id=10048, stack(0x0000000019120000,0x0000000019220000)]
  0x0000000018c28800 JavaThread "Monitor Ctrl-Break" daemon [_thread_in_native, id=10616, stack(0x0000000019020000,0x0000000019120000)]
  0x0000000017584000 JavaThread "Attach Listener" daemon [_thread_blocked, id=1584, stack(0x0000000018b20000,0x0000000018c20000)]
  0x0000000017582800 JavaThread "Signal Dispatcher" daemon [_thread_blocked, id=6416, stack(0x0000000018a20000,0x0000000018b20000)]
  0x0000000017569800 JavaThread "Finalizer" daemon [_thread_blocked, id=9764, stack(0x0000000018800000,0x0000000018900000)]
  0x0000000002a02000 JavaThread "Reference Handler" daemon [_thread_blocked, id=8292, stack(0x0000000018700000,0x0000000018800000)]
  0x0000000002912800 JavaThread "Forwarding isElementEnabled on session 5843a9f6b1d93a602bf40449404c8c24 to remote" [_thread_in_native, id=13248, stack(0x0000000002710000,0x0000000002810000)]

Other Threads:
  0x0000000017548000 VMThread [stack: 0x0000000018600000,0x0000000018700000] [id=11532]
  0x0000000018ca3800 WatcherThread [stack: 0x0000000019520000,0x0000000019620000] [id=7036]

VM state:not at safepoint (normal execution)

VM Mutex/Monitor currently owned by a thread: None

heap address: 0x0000000081400000, size: 2028 MB, Compressed Oops mode: 32-bit
Narrow klass base: 0x0000000000000000, Narrow klass shift: 3
Compressed class space size: 1073741824 Address: 0x0000000100000000

Heap:
 PSYoungGen      total 98304K, used 14919K [0x00000000d5c00000, 0x00000000dc900000, 0x0000000100000000)
  eden space 88064K, 5% used [0x00000000d5c00000,0x00000000d60e8380,0x00000000db200000)
  from space 10240K, 96% used [0x00000000dbd00000,0x00000000dc6a99d8,0x00000000dc700000)
  to   space 11264K, 0% used [0x00000000db200000,0x00000000db200000,0x00000000dbd00000)
 ParOldGen       total 59904K, used 9043K [0x0000000081400000, 0x0000000084e80000, 0x00000000d5c00000)
  object space 59904K, 15% used [0x0000000081400000,0x0000000081cd4e58,0x0000000084e80000)
 Metaspace       used 33533K, capacity 34752K, committed 34992K, reserved 1079296K
  class space    used 4653K, capacity 4934K, committed 5040K, reserved 1048576K

Card table byte_map: [0x0000000011dd0000,0x00000000121d0000] byte_map_base: 0x00000000119c6000

Marking Bits: (ParMarkBitMap*) 0x0000000051686d90
 Begin Bits: [0x0000000012880000, 0x0000000014830000)
 End Bits:   [0x0000000014830000, 0x00000000167e0000)

Polling page: 0x0000000000d20000

CodeCache: size=245760Kb used=9130Kb max_used=10322Kb free=236629Kb
 bounds [0x0000000002a10000, 0x0000000003450000, 0x0000000011a10000]
 total_blobs=3398 nmethods=2931 adapters=378
 compilation: enabled

Compilation events (10 events):
Event: 18.183 Thread 0x0000000018c89800 3390   !   3       java.lang.invoke.CallSite::makeSite (457 bytes)
Event: 18.189 Thread 0x0000000018c89800 nmethod 3390 0x0000000002cb0290 code [0x0000000002cb08c0, 0x0000000002cb56c8]
Event: 18.189 Thread 0x0000000018c89800 3393       3       java.lang.invoke.AbstractValidatingLambdaMetafactory::validateMetafactoryArgs (864 bytes)
Event: 18.203 Thread 0x0000000018c89800 nmethod 3393 0x000000000342d090 code [0x000000000342dfa0, 0x000000000343a3c8]
Event: 18.203 Thread 0x0000000018c89800 3391       3       java.lang.invoke.Invokers::callSiteForm (295 bytes)
Event: 18.205 Thread 0x0000000018c89800 nmethod 3391 0x0000000003196a10 code [0x0000000003196cc0, 0x0000000003198438]
Event: 18.205 Thread 0x0000000018c89800 3394   !   3       java.lang.invoke.InnerClassLambdaMetafactory::buildCallSite (156 bytes)
Event: 18.207 Thread 0x0000000018c89800 nmethod 3394 0x0000000002fef310 code [0x0000000002fef660, 0x0000000002ff10a8]
Event: 18.207 Thread 0x0000000018c89800 3392       3       java.lang.invoke.LambdaForm$BMH/611739613::reinvoke (89 bytes)
Event: 18.208 Thread 0x0000000018c89800 nmethod 3392 0x0000000003100cd0 code [0x0000000003100f60, 0x0000000003102448]

GC Heap History (10 events):
Event: 4.049 GC heap before
{Heap before GC invocations=7 (full 1):
 PSYoungGen      total 38400K, used 33280K [0x00000000d5c00000, 0x00000000dae00000, 0x0000000100000000)
  eden space 33280K, 100% used [0x00000000d5c00000,0x00000000d7c80000,0x00000000d7c80000)
  from space 5120K, 0% used [0x00000000d7c80000,0x00000000d7c80000,0x00000000d8180000)
  to   space 8704K, 0% used [0x00000000da580000,0x00000000da580000,0x00000000dae00000)
 ParOldGen       total 59904K, used 7347K [0x0000000081400000, 0x0000000084e80000, 0x00000000d5c00000)
  object space 59904K, 12% used [0x0000000081400000,0x0000000081b2cea8,0x0000000084e80000)
 Metaspace       used 23949K, capacity 24604K, committed 24752K, reserved 1071104K
  class space    used 3271K, capacity 3436K, committed 3504K, reserved 1048576K
Event: 4.055 GC heap after
Heap after GC invocations=7 (full 1):
 PSYoungGen      total 53248K, used 3477K [0x00000000d5c00000, 0x00000000da900000, 0x0000000100000000)
  eden space 49664K, 0% used [0x00000000d5c00000,0x00000000d5c00000,0x00000000d8c80000)
  from space 3584K, 97% used [0x00000000da580000,0x00000000da8e56f0,0x00000000da900000)
  to   space 8704K, 0% used [0x00000000d9800000,0x00000000d9800000,0x00000000da080000)
 ParOldGen       total 59904K, used 7355K [0x0000000081400000, 0x0000000084e80000, 0x00000000d5c00000)
  object space 59904K, 12% used [0x0000000081400000,0x0000000081b2eea8,0x0000000084e80000)
 Metaspace       used 23949K, capacity 24604K, committed 24752K, reserved 1071104K
  class space    used 3271K, capacity 3436K, committed 3504K, reserved 1048576K
}
Event: 4.730 GC heap before
{Heap before GC invocations=8 (full 1):
 PSYoungGen      total 53248K, used 53141K [0x00000000d5c00000, 0x00000000da900000, 0x0000000100000000)
  eden space 49664K, 100% used [0x00000000d5c00000,0x00000000d8c80000,0x00000000d8c80000)
  from space 3584K, 97% used [0x00000000da580000,0x00000000da8e56f0,0x00000000da900000)
  to   space 8704K, 0% used [0x00000000d9800000,0x00000000d9800000,0x00000000da080000)
 ParOldGen       total 59904K, used 7355K [0x0000000081400000, 0x0000000084e80000, 0x00000000d5c00000)
  object space 59904K, 12% used [0x0000000081400000,0x0000000081b2eea8,0x0000000084e80000)
 Metaspace       used 26515K, capacity 27174K, committed 27440K, reserved 1073152K
  class space    used 3664K, capacity 3803K, committed 3888K, reserved 1048576K
Event: 4.735 GC heap after
Heap after GC invocations=8 (full 1):
 PSYoungGen      total 70144K, used 3454K [0x00000000d5c00000, 0x00000000db500000, 0x0000000100000000)
  eden space 61440K, 0% used [0x00000000d5c00000,0x00000000d5c00000,0x00000000d9800000)
  from space 8704K, 39% used [0x00000000d9800000,0x00000000d9b5faa0,0x00000000da080000)
  to   space 9216K, 0% used [0x00000000dac00000,0x00000000dac00000,0x00000000db500000)
 ParOldGen       total 59904K, used 7363K [0x0000000081400000, 0x0000000084e80000, 0x00000000d5c00000)
  object space 59904K, 12% used [0x0000000081400000,0x0000000081b30ea8,0x0000000084e80000)
 Metaspace       used 26515K, capacity 27174K, committed 27440K, reserved 1073152K
  class space    used 3664K, capacity 3803K, committed 3888K, reserved 1048576K
}
Event: 7.768 GC heap before
{Heap before GC invocations=9 (full 1):
 PSYoungGen      total 70144K, used 64894K [0x00000000d5c00000, 0x00000000db500000, 0x0000000100000000)
  eden space 61440K, 100% used [0x00000000d5c00000,0x00000000d9800000,0x00000000d9800000)
  from space 8704K, 39% used [0x00000000d9800000,0x00000000d9b5faa0,0x00000000da080000)
  to   space 9216K, 0% used [0x00000000dac00000,0x00000000dac00000,0x00000000db500000)
 ParOldGen       total 59904K, used 7363K [0x0000000081400000, 0x0000000084e80000, 0x00000000d5c00000)
  object space 59904K, 12% used [0x0000000081400000,0x0000000081b30ea8,0x0000000084e80000)
 Metaspace       used 31363K, capacity 32492K, committed 32688K, reserved 1077248K
  class space    used 4396K, capacity 4664K, committed 4784K, reserved 1048576K
Event: 7.775 GC heap after
Heap after GC invocations=9 (full 1):
 PSYoungGen      total 82432K, used 5902K [0x00000000d5c00000, 0x00000000dc200000, 0x0000000100000000)
  eden space 73216K, 0% used [0x00000000d5c00000,0x00000000d5c00000,0x00000000da380000)
  from space 9216K, 64% used [0x00000000dac00000,0x00000000db1c3890,0x00000000db500000)
  to   space 8704K, 0% used [0x00000000da380000,0x00000000da380000,0x00000000dac00000)
 ParOldGen       total 59904K, used 7371K [0x0000000081400000, 0x0000000084e80000, 0x00000000d5c00000)
  object space 59904K, 12% used [0x0000000081400000,0x0000000081b32ea8,0x0000000084e80000)
 Metaspace       used 31363K, capacity 32492K, committed 32688K, reserved 1077248K
  class space    used 4396K, capacity 4664K, committed 4784K, reserved 1048576K
}
Event: 16.661 GC heap before
{Heap before GC invocations=10 (full 1):
 PSYoungGen      total 82432K, used 79118K [0x00000000d5c00000, 0x00000000dc200000, 0x0000000100000000)
  eden space 73216K, 100% used [0x00000000d5c00000,0x00000000da380000,0x00000000da380000)
  from space 9216K, 64% used [0x00000000dac00000,0x00000000db1c3890,0x00000000db500000)
  to   space 8704K, 0% used [0x00000000da380000,0x00000000da380000,0x00000000dac00000)
 ParOldGen       total 59904K, used 7371K [0x0000000081400000, 0x0000000084e80000, 0x00000000d5c00000)
  object space 59904K, 12% used [0x0000000081400000,0x0000000081b32ea8,0x0000000084e80000)
 Metaspace       used 32333K, capacity 33580K, committed 33712K, reserved 1079296K
  class space    used 4514K, capacity 4784K, committed 4784K, reserved 1048576K
Event: 16.670 GC heap after
Heap after GC invocations=10 (full 1):
 PSYoungGen      total 81920K, used 8696K [0x00000000d5c00000, 0x00000000dc700000, 0x0000000100000000)
  eden space 73216K, 0% used [0x00000000d5c00000,0x00000000d5c00000,0x00000000da380000)
  from space 8704K, 99% used [0x00000000da380000,0x00000000dabfe0a8,0x00000000dac00000)
  to   space 10240K, 0% used [0x00000000dbd00000,0x00000000dbd00000,0x00000000dc700000)
 ParOldGen       total 59904K, used 9035K [0x0000000081400000, 0x0000000084e80000, 0x00000000d5c00000)
  object space 59904K, 15% used [0x0000000081400000,0x0000000081cd2e58,0x0000000084e80000)
 Metaspace       used 32333K, capacity 33580K, committed 33712K, reserved 1079296K
  class space    used 4514K, capacity 4784K, committed 4784K, reserved 1048576K
}
Event: 17.995 GC heap before
{Heap before GC invocations=11 (full 1):
 PSYoungGen      total 81920K, used 80854K [0x00000000d5c00000, 0x00000000dc700000, 0x0000000100000000)
  eden space 73216K, 98% used [0x00000000d5c00000,0x00000000da277b40,0x00000000da380000)
  from space 8704K, 99% used [0x00000000da380000,0x00000000dabfe0a8,0x00000000dac00000)
  to   space 10240K, 0% used [0x00000000dbd00000,0x00000000dbd00000,0x00000000dc700000)
 ParOldGen       total 59904K, used 9035K [0x0000000081400000, 0x0000000084e80000, 0x00000000d5c00000)
  object space 59904K, 15% used [0x0000000081400000,0x0000000081cd2e58,0x0000000084e80000)
 Metaspace       used 33484K, capacity 34654K, committed 34992K, reserved 1079296K
  class space    used 4649K, capacity 4929K, committed 5040K, reserved 1048576K
Event: 18.005 GC heap after
Heap after GC invocations=11 (full 1):
 PSYoungGen      total 98304K, used 9894K [0x00000000d5c00000, 0x00000000dc900000, 0x0000000100000000)
  eden space 88064K, 0% used [0x00000000d5c00000,0x00000000d5c00000,0x00000000db200000)
  from space 10240K, 96% used [0x00000000dbd00000,0x00000000dc6a99d8,0x00000000dc700000)
  to   space 11264K, 0% used [0x00000000db200000,0x00000000db200000,0x00000000dbd00000)
 ParOldGen       total 59904K, used 9043K [0x0000000081400000, 0x0000000084e80000, 0x00000000d5c00000)
  object space 59904K, 15% used [0x0000000081400000,0x0000000081cd4e58,0x0000000084e80000)
 Metaspace       used 33484K, capacity 34654K, committed 34992K, reserved 1079296K
  class space    used 4649K, capacity 4929K, committed 5040K, reserved 1048576K
}

Deoptimization events (10 events):
Event: 16.898 Thread 0x0000000002912800 Uncommon trap: reason=class_check action=maybe_recompile pc=0x00000000031bd500 method=net.bytebuddy.description.type.TypeDescription$Generic$OfNonGenericType.isPrimitive()Z @ 1
Event: 16.898 Thread 0x0000000002912800 Uncommon trap: reason=class_check action=maybe_recompile pc=0x0000000003243230 method=net.bytebuddy.description.type.TypeDescription$AbstractBase.isAssignable(Lnet/bytebuddy/description/type/TypeDescription;Lnet/bytebuddy/description/type/TypeDescription;
Event: 16.909 Thread 0x0000000002912800 Uncommon trap: reason=class_check action=maybe_recompile pc=0x0000000003243230 method=net.bytebuddy.description.type.TypeDescription$AbstractBase.isAssignable(Lnet/bytebuddy/description/type/TypeDescription;Lnet/bytebuddy/description/type/TypeDescription;
Event: 16.910 Thread 0x0000000002912800 Uncommon trap: reason=class_check action=maybe_recompile pc=0x0000000003243230 method=net.bytebuddy.description.type.TypeDescription$AbstractBase.isAssignable(Lnet/bytebuddy/description/type/TypeDescription;Lnet/bytebuddy/description/type/TypeDescription;
Event: 16.911 Thread 0x0000000002912800 Uncommon trap: reason=class_check action=maybe_recompile pc=0x0000000003243230 method=net.bytebuddy.description.type.TypeDescription$AbstractBase.isAssignable(Lnet/bytebuddy/description/type/TypeDescription;Lnet/bytebuddy/description/type/TypeDescription;
Event: 16.960 Thread 0x0000000002912800 Uncommon trap: reason=class_check action=maybe_recompile pc=0x000000000323c454 method=java.util.AbstractList.equals(Ljava/lang/Object;)Z @ 8
Event: 16.960 Thread 0x0000000002912800 Uncommon trap: reason=class_check action=maybe_recompile pc=0x000000000323c454 method=java.util.AbstractList.equals(Ljava/lang/Object;)Z @ 8
Event: 17.014 Thread 0x0000000002912800 Uncommon trap: reason=class_check action=maybe_recompile pc=0x000000000323c454 method=java.util.AbstractList.equals(Ljava/lang/Object;)Z @ 8
Event: 17.014 Thread 0x0000000002912800 Uncommon trap: reason=class_check action=maybe_recompile pc=0x000000000323c454 method=java.util.AbstractList.equals(Ljava/lang/Object;)Z @ 8
Event: 18.025 Thread 0x0000000002912800 Uncommon trap: reason=unstable_if action=reinterpret pc=0x0000000002d969ac method=java.util.Base64$Decoder.decode0([BII[B)I @ 53

Classes redefined (0 events):
No events

Internal exceptions (10 events):
Event: 10.697 Thread 0x0000000002912800 Exception <a 'java/lang/NoSuchMethodError': java.lang.Object.lambda$getResponseFunction$0(Lorg/openqa/selenium/remote/InitialHandshakeResponse;)Lorg/openqa/selenium/remote/ProtocolHandshake$Result;> (0x00000000d61e48c0) thrown at [C:\re\workspace\8-2-buil
Event: 10.888 Thread 0x0000000002912800 Exception <a 'java/net/SocketTimeoutException': Read timed out> (0x00000000d687dc48) thrown at [C:\re\workspace\8-2-build-windows-amd64-cygwin\jdk8u231\13620\hotspot\src\share\vm\prims\jni.cpp, line 736]
Event: 10.919 Thread 0x0000000002912800 Exception <a 'java/net/SocketTimeoutException': Read timed out> (0x00000000d68d1ad0) thrown at [C:\re\workspace\8-2-build-windows-amd64-cygwin\jdk8u231\13620\hotspot\src\share\vm\prims\jni.cpp, line 736]
Event: 15.661 Thread 0x0000000002912800 Exception <a 'java/net/SocketTimeoutException': Read timed out> (0x00000000d68e9d50) thrown at [C:\re\workspace\8-2-build-windows-amd64-cygwin\jdk8u231\13620\hotspot\src\share\vm\prims\jni.cpp, line 736]
Event: 15.707 Thread 0x0000000002912800 Exception <a 'java/net/SocketTimeoutException': Read timed out> (0x00000000d698a300) thrown at [C:\re\workspace\8-2-build-windows-amd64-cygwin\jdk8u231\13620\hotspot\src\share\vm\prims\jni.cpp, line 736]
Event: 15.755 Thread 0x0000000002912800 Exception <a 'java/net/SocketTimeoutException': Read timed out> (0x00000000d6a04c08) thrown at [C:\re\workspace\8-2-build-windows-amd64-cygwin\jdk8u231\13620\hotspot\src\share\vm\prims\jni.cpp, line 736]
Event: 16.975 Thread 0x0000000002912800 Exception <a 'java/net/SocketTimeoutException': Read timed out> (0x00000000d71b0ff0) thrown at [C:\re\workspace\8-2-build-windows-amd64-cygwin\jdk8u231\13620\hotspot\src\share\vm\prims\jni.cpp, line 736]
Event: 17.055 Thread 0x0000000002912800 Exception <a 'java/net/SocketTimeoutException': Read timed out> (0x00000000d72846b0) thrown at [C:\re\workspace\8-2-build-windows-amd64-cygwin\jdk8u231\13620\hotspot\src\share\vm\prims\jni.cpp, line 736]
Event: 17.086 Thread 0x0000000002912800 Exception <a 'java/net/SocketTimeoutException': Read timed out> (0x00000000d72a0ea0) thrown at [C:\re\workspace\8-2-build-windows-amd64-cygwin\jdk8u231\13620\hotspot\src\share\vm\prims\jni.cpp, line 736]
Event: 18.071 Thread 0x0000000002912800 Exception <a 'java/net/SocketTimeoutException': Read timed out> (0x00000000d5fce5a0) thrown at [C:\re\workspace\8-2-build-windows-amd64-cygwin\jdk8u231\13620\hotspot\src\share\vm\prims\jni.cpp, line 736]

Events (10 events):
Event: 18.181 loading class net/thucydides/core/annotations/locators/MethodTiming
Event: 18.182 loading class net/thucydides/core/annotations/locators/MethodTiming done
Event: 18.184 loading class net/thucydides/core/annotations/locators/MethodTiming
Event: 18.184 loading class net/thucydides/core/annotations/locators/MethodTiming done
Event: 18.185 loading class org/openqa/selenium/WebDriver
Event: 18.185 loading class org/openqa/selenium/WebDriver done
Event: 18.185 loading class org/openqa/selenium/WebDriver
Event: 18.185 loading class org/openqa/selenium/WebDriver done
Event: 18.185 loading class net/serenitybdd/core/pages/WebElementFacadeImpl
Event: 18.186 loading class net/serenitybdd/core/pages/WebElementFacadeImpl done


Dynamic libraries:
0x00007ff72d050000 - 0x00007ff72d087000 	C:\Program Files\Java\jdk1.8.0_231\bin\java.exe
0x00007ffd51a70000 - 0x00007ffd51c66000 	C:\WINDOWS\SYSTEM32\ntdll.dll
0x00007ffd51560000 - 0x00007ffd5161d000 	C:\WINDOWS\System32\KERNEL32.DLL
0x00007ffd4f320000 - 0x00007ffd4f5e8000 	C:\WINDOWS\System32\KERNELBASE.dll
0x00007ffd4fe50000 - 0x00007ffd4fefc000 	C:\WINDOWS\System32\ADVAPI32.dll
0x00007ffd4ff00000 - 0x00007ffd4ff9e000 	C:\WINDOWS\System32\msvcrt.dll
0x00007ffd517d0000 - 0x00007ffd5186b000 	C:\WINDOWS\System32\sechost.dll
0x00007ffd50900000 - 0x00007ffd50a24000 	C:\WINDOWS\System32\RPCRT4.dll
0x00007ffd50ae0000 - 0x00007ffd50c80000 	C:\WINDOWS\System32\USER32.dll
0x00007ffd4f960000 - 0x00007ffd4f982000 	C:\WINDOWS\System32\win32u.dll
0x00007ffd50a50000 - 0x00007ffd50a7a000 	C:\WINDOWS\System32\GDI32.dll
0x00007ffd4f6a0000 - 0x00007ffd4f7a9000 	C:\WINDOWS\System32\gdi32full.dll
0x00007ffd4f280000 - 0x00007ffd4f31d000 	C:\WINDOWS\System32\msvcp_win.dll
0x00007ffd4f180000 - 0x00007ffd4f280000 	C:\WINDOWS\System32\ucrtbase.dll
0x00007ffd3a0d0000 - 0x00007ffd3a36b000 	C:\WINDOWS\WinSxS\amd64_microsoft.windows.common-controls_6595b64144ccf1df_6.0.19041.488_none_ca04af081b815d21\COMCTL32.dll
0x00007ffd4fcc0000 - 0x00007ffd4fcf0000 	C:\WINDOWS\System32\IMM32.DLL
0x0000000051710000 - 0x00000000517e2000 	C:\Program Files\Java\jdk1.8.0_231\jre\bin\msvcr100.dll
0x0000000050e60000 - 0x0000000051706000 	C:\Program Files\Java\jdk1.8.0_231\jre\bin\server\jvm.dll
0x00007ffd51620000 - 0x00007ffd51628000 	C:\WINDOWS\System32\PSAPI.DLL
0x00007ffd4d7a0000 - 0x00007ffd4d7a9000 	C:\WINDOWS\SYSTEM32\WSOCK32.dll
0x00007ffd41550000 - 0x00007ffd4155a000 	C:\WINDOWS\SYSTEM32\VERSION.dll
0x00007ffd40a40000 - 0x00007ffd40a67000 	C:\WINDOWS\SYSTEM32\WINMM.dll
0x00007ffd51870000 - 0x00007ffd518db000 	C:\WINDOWS\System32\WS2_32.dll
0x00007ffd497f0000 - 0x00007ffd497ff000 	C:\Program Files\Java\jdk1.8.0_231\jre\bin\verify.dll
0x00007ffd455d0000 - 0x00007ffd455f9000 	C:\Program Files\Java\jdk1.8.0_231\jre\bin\java.dll
0x00007ffd3e080000 - 0x00007ffd3e0a3000 	C:\Program Files\Java\jdk1.8.0_231\jre\bin\instrument.dll
0x00007ffd452e0000 - 0x00007ffd452f6000 	C:\Program Files\Java\jdk1.8.0_231\jre\bin\zip.dll
0x00007ffd4ffa0000 - 0x00007ffd506e1000 	C:\WINDOWS\System32\SHELL32.dll
0x00007ffd4cfd0000 - 0x00007ffd4d765000 	C:\WINDOWS\SYSTEM32\windows.storage.dll
0x00007ffd511a0000 - 0x00007ffd514f5000 	C:\WINDOWS\System32\combase.dll
0x00007ffd4eb20000 - 0x00007ffd4eb4c000 	C:\WINDOWS\SYSTEM32\Wldp.dll
0x00007ffd51690000 - 0x00007ffd5173e000 	C:\WINDOWS\System32\SHCORE.dll
0x00007ffd51500000 - 0x00007ffd51555000 	C:\WINDOWS\System32\shlwapi.dll
0x00007ffd4f0b0000 - 0x00007ffd4f0d6000 	C:\WINDOWS\SYSTEM32\profapi.dll
0x00007ffd43590000 - 0x00007ffd435aa000 	C:\Program Files\JetBrains\IntelliJ IDEA Community Edition 2020.3.1\bin\breakgen64.dll
0x00007ffd451b0000 - 0x00007ffd451ca000 	C:\Program Files\Java\jdk1.8.0_231\jre\bin\net.dll
0x00007ffd4e8a0000 - 0x00007ffd4e90a000 	C:\WINDOWS\system32\mswsock.dll
0x00007ffd43dd0000 - 0x00007ffd43de2000 	C:\Program Files\Java\jdk1.8.0_231\jre\bin\nio.dll
0x00007ffd4e5d0000 - 0x00007ffd4e69b000 	C:\WINDOWS\SYSTEM32\DNSAPI.dll
0x00007ffd4e590000 - 0x00007ffd4e5cb000 	C:\WINDOWS\SYSTEM32\IPHLPAPI.DLL
0x00007ffd506f0000 - 0x00007ffd506f8000 	C:\WINDOWS\System32\NSI.dll
0x00007ffd42160000 - 0x00007ffd4216a000 	C:\Windows\System32\rasadhlp.dll
0x00007ffd42050000 - 0x00007ffd420cf000 	C:\WINDOWS\System32\fwpuclnt.dll
0x00007ffd4f990000 - 0x00007ffd4f9b7000 	C:\WINDOWS\System32\bcrypt.dll
0x00007ffd384b0000 - 0x00007ffd384d4000 	C:\Program Files\Java\jdk1.8.0_231\jre\bin\sunec.dll
0x00007ffd468a0000 - 0x00007ffd468ab000 	C:\Program Files\Java\jdk1.8.0_231\jre\bin\sunmscapi.dll
0x00007ffd4f800000 - 0x00007ffd4f95d000 	C:\WINDOWS\System32\CRYPT32.dll
0x00007ffd48470000 - 0x00007ffd48487000 	C:\WINDOWS\SYSTEM32\dhcpcsvc6.DLL
0x00007ffd48450000 - 0x00007ffd4846d000 	C:\WINDOWS\SYSTEM32\dhcpcsvc.DLL
0x00007ffd4ea70000 - 0x00007ffd4ea88000 	C:\WINDOWS\SYSTEM32\CRYPTSP.dll
0x00007ffd4e230000 - 0x00007ffd4e264000 	C:\WINDOWS\system32\rsaenh.dll
0x00007ffd4f030000 - 0x00007ffd4f05e000 	C:\WINDOWS\SYSTEM32\USERENV.dll
0x00007ffd4f9c0000 - 0x00007ffd4fa3f000 	C:\WINDOWS\System32\bcryptprimitives.dll
0x00007ffd4ea90000 - 0x00007ffd4ea9c000 	C:\WINDOWS\SYSTEM32\CRYPTBASE.dll

VM Arguments:
jvm_args: -ea -Didea.test.cyclic.buffer.size=1048576 -javaagent:C:\Program Files\JetBrains\IntelliJ IDEA Community Edition 2020.3.1\lib\idea_rt.jar=35220:C:\Program Files\JetBrains\IntelliJ IDEA Community Edition 2020.3.1\bin -Dfile.encoding=UTF-8 
java_command: com.intellij.rt.execution.CommandLineWrapper C:\Users\Usuario\AppData\Local\Temp\idea_classpath1288356141 com.intellij.rt.junit.JUnitStarter -ideVersion5 -junit4 co.com.choucair.certification.Proyecto1.runners.RunnerTags
java_class_path (initial): C:\Program Files\JetBrains\IntelliJ IDEA Community Edition 2020.3.1\lib\idea_rt.jar;C:\Program Files\JetBrains\IntelliJ IDEA Community Edition 2020.3.1\lib\idea_rt.jar
Launcher Type: SUN_STANDARD

Environment Variables:
JAVA_HOME=C:\Program Files\Java\jdk1.8.0_231
PATH=C:\WINDOWS\system32;C:\WINDOWS;C:\WINDOWS\System32\Wbem;C:\WINDOWS\System32\WindowsPowerShell\v1.0\;C:\Program Files\nodejs\;C:\Program Files\PuTTY\;C:\WINDOWS\System32\OpenSSH\;C:\Program Files\dotnet\;C:\Program Files\Microsoft SQL Server\130\Tools\Binn\;C:\Program Files\Microsoft SQL Server\Client SDK\ODBC\170\Tools\Binn\;C:\Program Files (x86)\Microsoft SQL Server\150\Tools\Binn\;C:\Program Files\Microsoft SQL Server\150\Tools\Binn\;C:\Program Files\Microsoft SQL Server\150\DTS\Binn\;C:\Program Files (x86)\Microsoft SQL Server\150\DTS\Binn\;C:\Program Files\Azure Data Studio\bin;C:\Program Files\Java\jdk1.8.0_231\bin;C:\GRADLE\gradle-6.7\bin;C:\Program Files\MySQL\MySQL Shell 8.0\bin\;C:\Users\Usuario\AppData\Local\Microsoft\WindowsApps;C:\Users\Usuario\AppData\Local\Programs\Microsoft VS Code\bin;C:\Program Files\Azure Data Studio\bin;
USERNAME=Usuario
OS=Windows_NT
PROCESSOR_IDENTIFIER=Intel64 Family 6 Model 61 Stepping 4, GenuineIntel



---------------  S Y S T E M  ---------------

OS: Windows 10.0 , 64 bit Build 19041 (10.0.19041.546)

CPU:total 4 (initial active 4) (2 cores per cpu, 2 threads per core) family 6 model 61 stepping 4, cmov, cx8, fxsr, mmx, sse, sse2, sse3, ssse3, sse4.1, sse4.2, popcnt, avx, avx2, aes, clmul, erms, 3dnowpref, lzcnt, ht, tsc, tscinvbit, bmi1, bmi2, adx

Memory: 4k page, physical 8301580k(1086384k free), swap 8301580k(3076k free)

vm_info: Java HotSpot(TM) 64-Bit Server VM (25.231-b11) for windows-amd64 JRE (1.8.0_231-b11), built on Oct  5 2019 03:11:30 by "java_re" with MS VC++ 10.0 (VS2010)

time: Wed Dec 30 20:23:30 2020
timezone: Hora est. Pacífico, Sudamérica
elapsed time: 18 seconds (0d 0h 0m 18s)

