#
# There is insufficient memory for the Java Runtime Environment to continue.
# Native memory allocation (malloc) failed to allocate 32744 bytes for ChunkPool::allocate
# Possible reasons:
#   The system is out of physical RAM or swap space
#   The process is running with CompressedOops enabled, and the Java Heap may be blocking the growth of the native heap
# Possible solutions:
#   Reduce memory load on the system
#   Increase physical memory or swap space
#   Check if swap backing store is full
#   Decrease Java heap size (-Xmx/-Xms)
#   Decrease number of Java threads
#   Decrease Java thread stack sizes (-Xss)
#   Set larger code cache with -XX:ReservedCodeCacheSize=
#   JVM is running with Unscaled Compressed Oops mode in which the Java heap is
#     placed in the first 4GB address space. The Java Heap base address is the
#     maximum limit for the native heap growth. Please use -XX:HeapBaseMinAddress
#     to set the Java Heap base and to place the Java Heap above 4GB virtual address.
# This output file may be truncated or incomplete.
#
#  Out of Memory Error (allocation.cpp:272), pid=12400, tid=0x0000000000001f74
#
# JRE version: Java(TM) SE Runtime Environment (8.0_231-b11) (build 1.8.0_231-b11)
# Java VM: Java HotSpot(TM) 64-Bit Server VM (25.231-b11 mixed mode windows-amd64 compressed oops)
# Failed to write core dump. Minidumps are not enabled by default on client versions of Windows
#

---------------  T H R E A D  ---------------

Current thread (0x000000001917b800):  JavaThread "C2 CompilerThread0" daemon [_thread_in_native, id=8052, stack(0x0000000019670000,0x0000000019770000)]

Stack: [0x0000000019670000,0x0000000019770000]
[error occurred during error reporting (printing stack bounds), id 0xc0000005]

Native frames: (J=compiled Java code, j=interpreted, Vv=VM code, C=native code)


Current CompileTask:
C2:  15793 3197       4       net.bytebuddy.description.type.TypeDescription$AbstractBase::isAssignableFrom (6 bytes)


---------------  P R O C E S S  ---------------

Java Threads: ( => current thread )
  0x000000001bf7a000 JavaThread "Darkroom Processing Line" daemon [_thread_blocked, id=7968, stack(0x000000001cd90000,0x000000001ce90000)]
  0x000000001bf7b800 JavaThread "Okio Watchdog" daemon [_thread_blocked, id=7448, stack(0x000000001f640000,0x000000001f740000)]
  0x000000001bf7b000 JavaThread "OkHttp ConnectionPool" daemon [_thread_blocked, id=11336, stack(0x000000001f540000,0x000000001f640000)]
  0x000000001bf79800 JavaThread "Exec Stream Pumper" daemon [_thread_in_native, id=4136, stack(0x000000001f240000,0x000000001f340000)]
  0x000000001a220000 JavaThread "Exec Stream Pumper" daemon [_thread_in_native, id=5152, stack(0x000000001f140000,0x000000001f240000)]
  0x000000001a21e800 JavaThread "UrlChecker-2" daemon [_thread_blocked, id=12008, stack(0x000000001d790000,0x000000001d890000)]
  0x000000001a21f800 JavaThread "Exec Default Executor" daemon [_thread_in_native, id=10508, stack(0x000000001b4b0000,0x000000001b5b0000)]
  0x000000001a21e000 JavaThread "ForkJoinPool.commonPool-worker-3" daemon [_thread_blocked, id=2100, stack(0x000000001ce90000,0x000000001cf90000)]
  0x00000000191e4000 JavaThread "Service Thread" daemon [_thread_blocked, id=11780, stack(0x0000000019970000,0x0000000019a70000)]
  0x00000000191de000 JavaThread "C1 CompilerThread2" daemon [_thread_in_native, id=8420, stack(0x0000000019870000,0x0000000019970000)]
  0x000000001917f000 JavaThread "C2 CompilerThread1" daemon [_thread_in_native, id=3396, stack(0x0000000019770000,0x0000000019870000)]
=>0x000000001917b800 JavaThread "C2 CompilerThread0" daemon [_thread_in_native, id=8052, stack(0x0000000019670000,0x0000000019770000)]
  0x0000000017b3d800 JavaThread "Monitor Ctrl-Break" daemon [_thread_in_native, id=4712, stack(0x0000000019570000,0x0000000019670000)]
  0x0000000017ae7800 JavaThread "Attach Listener" daemon [_thread_blocked, id=9996, stack(0x0000000019070000,0x0000000019170000)]
  0x0000000017ae4800 JavaThread "Signal Dispatcher" daemon [_thread_blocked, id=9576, stack(0x0000000018f70000,0x0000000019070000)]
  0x0000000017ac9800 JavaThread "Finalizer" daemon [_thread_blocked, id=8772, stack(0x0000000018d50000,0x0000000018e50000)]
  0x0000000002f62000 JavaThread "Reference Handler" daemon [_thread_blocked, id=10604, stack(0x0000000018c50000,0x0000000018d50000)]
  0x0000000002e72800 JavaThread "main" [_thread_in_Java, id=3536, stack(0x0000000002c60000,0x0000000002d60000)]

Other Threads:
  0x0000000017aa8000 VMThread [stack: 0x0000000018b50000,0x0000000018c50000] [id=12212]
  0x00000000191fd000 WatcherThread [stack: 0x0000000019a70000,0x0000000019b70000] [id=512]

VM state:not at safepoint (normal execution)

VM Mutex/Monitor currently owned by a thread: None

heap address: 0x0000000081400000, size: 2028 MB, Compressed Oops mode: 32-bit
Narrow klass base: 0x0000000000000000, Narrow klass shift: 3
Compressed class space size: 1073741824 Address: 0x0000000100000000

Heap:
 PSYoungGen      total 84480K, used 26715K [0x00000000d5c00000, 0x00000000dca00000, 0x0000000100000000)
  eden space 75776K, 24% used [0x00000000d5c00000,0x00000000d6e2bd08,0x00000000da600000)
  from space 8704K, 93% used [0x00000000da600000,0x00000000dadeb098,0x00000000dae80000)
  to   space 9728K, 0% used [0x00000000dc080000,0x00000000dc080000,0x00000000dca00000)
 ParOldGen       total 59392K, used 9697K [0x0000000081400000, 0x0000000084e00000, 0x00000000d5c00000)
  object space 59392K, 16% used [0x0000000081400000,0x0000000081d78608,0x0000000084e00000)
 Metaspace       used 33390K, capacity 34590K, committed 34736K, reserved 1079296K
  class space    used 4642K, capacity 4927K, committed 5040K, reserved 1048576K

Card table byte_map: [0x0000000012330000,0x0000000012730000] byte_map_base: 0x0000000011f26000

Marking Bits: (ParMarkBitMap*) 0x0000000051686d90
 Begin Bits: [0x0000000012de0000, 0x0000000014d90000)
 End Bits:   [0x0000000014d90000, 0x0000000016d40000)

Polling page: 0x0000000000e90000

CodeCache: size=245760Kb used=8679Kb max_used=10352Kb free=237080Kb
 bounds [0x0000000002f70000, 0x00000000039a0000, 0x0000000011f70000]
 total_blobs=3245 nmethods=2778 adapters=378
 compilation: enabled

Compilation events (10 events):
Event: 15.786 Thread 0x00000000191de000 nmethod 3214 0x00000000031bcbd0 code [0x00000000031bcd40, 0x00000000031bd090]
Event: 15.786 Thread 0x00000000191de000 3216       3       sun.reflect.generics.scope.ClassScope::make (9 bytes)
Event: 15.787 Thread 0x00000000191de000 nmethod 3216 0x00000000037db2d0 code [0x00000000037db440, 0x00000000037db6f0]
Event: 15.787 Thread 0x00000000191de000 3217       3       sun.reflect.generics.scope.ClassScope::<init> (6 bytes)
Event: 15.787 Thread 0x00000000191de000 nmethod 3217 0x000000000318f610 code [0x000000000318f780, 0x000000000318f9b0]
Event: 15.787 Thread 0x00000000191de000 3218       3       net.bytebuddy.description.type.TypeDescription$Generic$OfNonGenericType::getStackSize (10 bytes)
Event: 15.787 Thread 0x00000000191de000 nmethod 3218 0x00000000032f5450 code [0x00000000032f55c0, 0x00000000032f5898]
Event: 15.788 Thread 0x00000000191de000 3220       1       net.bytebuddy.dynamic.scaffold.TypeWriter$MethodPool$Record$Sort::isImplemented (5 bytes)
Event: 15.788 Thread 0x00000000191de000 nmethod 3220 0x000000000355aa10 code [0x000000000355ab60, 0x000000000355ac70]
Event: 15.788 Thread 0x00000000191de000 3221       3       net.bytebuddy.implementation.bytecode.assign.primitive.VoidAwareAssigner::assign (88 bytes)

GC Heap History (10 events):
Event: 3.339 GC heap before
{Heap before GC invocations=6 (full 1):
 PSYoungGen      total 38400K, used 5115K [0x00000000d5c00000, 0x00000000dae00000, 0x0000000100000000)
  eden space 33280K, 0% used [0x00000000d5c00000,0x00000000d5c00000,0x00000000d7c80000)
  from space 5120K, 99% used [0x00000000d7c80000,0x00000000d817ee20,0x00000000d8180000)
  to   space 8704K, 0% used [0x00000000da580000,0x00000000da580000,0x00000000dae00000)
 ParOldGen       total 87552K, used 5527K [0x0000000081400000, 0x0000000086980000, 0x00000000d5c00000)
  object space 87552K, 6% used [0x0000000081400000,0x0000000081965e28,0x0000000086980000)
 Metaspace       used 20800K, capacity 21282K, committed 21296K, reserved 1067008K
  class space    used 2749K, capacity 2861K, committed 2864K, reserved 1048576K
Event: 3.375 GC heap after
Heap after GC invocations=6 (full 1):
 PSYoungGen      total 38400K, used 0K [0x00000000d5c00000, 0x00000000dae00000, 0x0000000100000000)
  eden space 33280K, 0% used [0x00000000d5c00000,0x00000000d5c00000,0x00000000d7c80000)
  from space 5120K, 0% used [0x00000000d7c80000,0x00000000d7c80000,0x00000000d8180000)
  to   space 8704K, 0% used [0x00000000da580000,0x00000000da580000,0x00000000dae00000)
 ParOldGen       total 59392K, used 7369K [0x0000000081400000, 0x0000000084e00000, 0x00000000d5c00000)
  object space 59392K, 12% used [0x0000000081400000,0x0000000081b325f8,0x0000000084e00000)
 Metaspace       used 20800K, capacity 21282K, committed 21296K, reserved 1067008K
  class space    used 2749K, capacity 2861K, committed 2864K, reserved 1048576K
}
Event: 4.097 GC heap before
{Heap before GC invocations=7 (full 1):
 PSYoungGen      total 38400K, used 33280K [0x00000000d5c00000, 0x00000000dae00000, 0x0000000100000000)
  eden space 33280K, 100% used [0x00000000d5c00000,0x00000000d7c80000,0x00000000d7c80000)
  from space 5120K, 0% used [0x00000000d7c80000,0x00000000d7c80000,0x00000000d8180000)
  to   space 8704K, 0% used [0x00000000da580000,0x00000000da580000,0x00000000dae00000)
 ParOldGen       total 59392K, used 7369K [0x0000000081400000, 0x0000000084e00000, 0x00000000d5c00000)
  object space 59392K, 12% used [0x0000000081400000,0x0000000081b325f8,0x0000000084e00000)
 Metaspace       used 23948K, capacity 24596K, committed 24752K, reserved 1071104K
  class space    used 3274K, capacity 3436K, committed 3504K, reserved 1048576K
Event: 4.102 GC heap after
Heap after GC invocations=7 (full 1):
 PSYoungGen      total 53760K, used 3395K [0x00000000d5c00000, 0x00000000da900000, 0x0000000100000000)
  eden space 50176K, 0% used [0x00000000d5c00000,0x00000000d5c00000,0x00000000d8d00000)
  from space 3584K, 94% used [0x00000000da580000,0x00000000da8d0cf0,0x00000000da900000)
  to   space 9216K, 0% used [0x00000000d9700000,0x00000000d9700000,0x00000000da000000)
 ParOldGen       total 59392K, used 7377K [0x0000000081400000, 0x0000000084e00000, 0x00000000d5c00000)
  object space 59392K, 12% used [0x0000000081400000,0x0000000081b345f8,0x0000000084e00000)
 Metaspace       used 23948K, capacity 24596K, committed 24752K, reserved 1071104K
  class space    used 3274K, capacity 3436K, committed 3504K, reserved 1048576K
}
Event: 4.804 GC heap before
{Heap before GC invocations=8 (full 1):
 PSYoungGen      total 53760K, used 53571K [0x00000000d5c00000, 0x00000000da900000, 0x0000000100000000)
  eden space 50176K, 100% used [0x00000000d5c00000,0x00000000d8d00000,0x00000000d8d00000)
  from space 3584K, 94% used [0x00000000da580000,0x00000000da8d0cf0,0x00000000da900000)
  to   space 9216K, 0% used [0x00000000d9700000,0x00000000d9700000,0x00000000da000000)
 ParOldGen       total 59392K, used 7377K [0x0000000081400000, 0x0000000084e00000, 0x00000000d5c00000)
  object space 59392K, 12% used [0x0000000081400000,0x0000000081b345f8,0x0000000084e00000)
 Metaspace       used 26528K, capacity 27102K, committed 27440K, reserved 1073152K
  class space    used 3666K, capacity 3803K, committed 3888K, reserved 1048576K
Event: 4.811 GC heap after
Heap after GC invocations=8 (full 1):
 PSYoungGen      total 69632K, used 3661K [0x00000000d5c00000, 0x00000000db780000, 0x0000000100000000)
  eden space 60416K, 0% used [0x00000000d5c00000,0x00000000d5c00000,0x00000000d9700000)
  from space 9216K, 39% used [0x00000000d9700000,0x00000000d9a93430,0x00000000da000000)
  to   space 9216K, 0% used [0x00000000dae80000,0x00000000dae80000,0x00000000db780000)
 ParOldGen       total 59392K, used 7377K [0x0000000081400000, 0x0000000084e00000, 0x00000000d5c00000)
  object space 59392K, 12% used [0x0000000081400000,0x0000000081b345f8,0x0000000084e00000)
 Metaspace       used 26528K, capacity 27102K, committed 27440K, reserved 1073152K
  class space    used 3666K, capacity 3803K, committed 3888K, reserved 1048576K
}
Event: 7.746 GC heap before
{Heap before GC invocations=9 (full 1):
 PSYoungGen      total 69632K, used 64077K [0x00000000d5c00000, 0x00000000db780000, 0x0000000100000000)
  eden space 60416K, 100% used [0x00000000d5c00000,0x00000000d9700000,0x00000000d9700000)
  from space 9216K, 39% used [0x00000000d9700000,0x00000000d9a93430,0x00000000da000000)
  to   space 9216K, 0% used [0x00000000dae80000,0x00000000dae80000,0x00000000db780000)
 ParOldGen       total 59392K, used 7377K [0x0000000081400000, 0x0000000084e00000, 0x00000000d5c00000)
  object space 59392K, 12% used [0x0000000081400000,0x0000000081b345f8,0x0000000084e00000)
 Metaspace       used 31356K, capacity 32460K, committed 32560K, reserved 1077248K
  class space    used 4394K, capacity 4632K, committed 4656K, reserved 1048576K
Event: 7.753 GC heap after
Heap after GC invocations=9 (full 1):
 PSYoungGen      total 84992K, used 5870K [0x00000000d5c00000, 0x00000000dc280000, 0x0000000100000000)
  eden space 75776K, 0% used [0x00000000d5c00000,0x00000000d5c00000,0x00000000da600000)
  from space 9216K, 63% used [0x00000000dae80000,0x00000000db43b890,0x00000000db780000)
  to   space 8704K, 0% used [0x00000000da600000,0x00000000da600000,0x00000000dae80000)
 ParOldGen       total 59392K, used 7385K [0x0000000081400000, 0x0000000084e00000, 0x00000000d5c00000)
  object space 59392K, 12% used [0x0000000081400000,0x0000000081b365f8,0x0000000084e00000)
 Metaspace       used 31356K, capacity 32460K, committed 32560K, reserved 1077248K
  class space    used 4394K, capacity 4632K, committed 4656K, reserved 1048576K
}
Event: 15.570 GC heap before
{Heap before GC invocations=10 (full 1):
 PSYoungGen      total 84992K, used 81646K [0x00000000d5c00000, 0x00000000dc280000, 0x0000000100000000)
  eden space 75776K, 100% used [0x00000000d5c00000,0x00000000da600000,0x00000000da600000)
  from space 9216K, 63% used [0x00000000dae80000,0x00000000db43b890,0x00000000db780000)
  to   space 8704K, 0% used [0x00000000da600000,0x00000000da600000,0x00000000dae80000)
 ParOldGen       total 59392K, used 7385K [0x0000000081400000, 0x0000000084e00000, 0x00000000d5c00000)
  object space 59392K, 12% used [0x0000000081400000,0x0000000081b365f8,0x0000000084e00000)
 Metaspace       used 32338K, capacity 33520K, committed 33712K, reserved 1079296K
  class space    used 4515K, capacity 4784K, committed 4784K, reserved 1048576K
Event: 15.577 GC heap after
Heap after GC invocations=10 (full 1):
 PSYoungGen      total 84480K, used 8108K [0x00000000d5c00000, 0x00000000dca00000, 0x0000000100000000)
  eden space 75776K, 0% used [0x00000000d5c00000,0x00000000d5c00000,0x00000000da600000)
  from space 8704K, 93% used [0x00000000da600000,0x00000000dadeb098,0x00000000dae80000)
  to   space 9728K, 0% used [0x00000000dc080000,0x00000000dc080000,0x00000000dca00000)
 ParOldGen       total 59392K, used 9697K [0x0000000081400000, 0x0000000084e00000, 0x00000000d5c00000)
  object space 59392K, 16% used [0x0000000081400000,0x0000000081d78608,0x0000000084e00000)
 Metaspace       used 32338K, capacity 33520K, committed 33712K, reserved 1079296K
  class space    used 4515K, capacity 4784K, committed 4784K, reserved 1048576K
}

Deoptimization events (10 events):
Event: 14.671 Thread 0x0000000002e72800 Uncommon trap: reason=unstable_if action=reinterpret pc=0x00000000035820b4 method=java.util.HashMap.putVal(ILjava/lang/Object;Ljava/lang/Object;ZZ)Ljava/lang/Object; @ 162
Event: 14.671 Thread 0x0000000002e72800 Uncommon trap: reason=unstable_if action=reinterpret pc=0x00000000034e95ec method=java.util.HashMap.resize()[Ljava/util/HashMap$Node; @ 206
Event: 15.596 Thread 0x0000000002e72800 Uncommon trap: reason=unstable_if action=reinterpret pc=0x0000000003101424 method=sun.nio.cs.ISO_8859_1$Encoder.encodeISOArray([CI[BII)I @ 7
Event: 15.604 Thread 0x0000000002e72800 Uncommon trap: reason=unstable_if action=reinterpret pc=0x00000000032f620c method=java.util.Base64$Decoder.outLength([BII)I @ 78
Event: 15.760 Thread 0x0000000002e72800 Uncommon trap: reason=class_check action=maybe_recompile pc=0x00000000037a711c method=net.bytebuddy.description.type.TypeDescription$AbstractBase.isAssignable(Lnet/bytebuddy/description/type/TypeDescription;Lnet/bytebuddy/description/type/TypeDescription;
Event: 15.760 Thread 0x0000000002e72800 Uncommon trap: reason=class_check action=maybe_recompile pc=0x00000000037a711c method=net.bytebuddy.description.type.TypeDescription$AbstractBase.isAssignable(Lnet/bytebuddy/description/type/TypeDescription;Lnet/bytebuddy/description/type/TypeDescription;
Event: 15.761 Thread 0x0000000002e72800 Uncommon trap: reason=class_check action=maybe_recompile pc=0x00000000037a711c method=net.bytebuddy.description.type.TypeDescription$AbstractBase.isAssignable(Lnet/bytebuddy/description/type/TypeDescription;Lnet/bytebuddy/description/type/TypeDescription;
Event: 15.761 Thread 0x0000000002e72800 Uncommon trap: reason=class_check action=maybe_recompile pc=0x00000000037a711c method=net.bytebuddy.description.type.TypeDescription$AbstractBase.isAssignable(Lnet/bytebuddy/description/type/TypeDescription;Lnet/bytebuddy/description/type/TypeDescription;
Event: 15.763 Thread 0x0000000002e72800 Uncommon trap: reason=unstable_if action=reinterpret pc=0x00000000037c82d0 method=net.bytebuddy.implementation.bytecode.assign.primitive.VoidAwareAssigner.assign(Lnet/bytebuddy/description/type/TypeDescription$Generic;Lnet/bytebuddy/description/type/TypeD
Event: 15.764 Thread 0x0000000002e72800 Uncommon trap: reason=class_check action=maybe_recompile pc=0x000000000372c540 method=net.bytebuddy.description.type.TypeDescription$Generic$OfNonGenericType.isPrimitive()Z @ 1

Classes redefined (0 events):
No events

Internal exceptions (10 events):
Event: 3.734 Thread 0x0000000002e72800 Exception <a 'java/lang/NoSuchMethodError': java.lang.Object.lambda$comparingInt$7b0bb60$1(Ljava/util/function/ToIntFunction;Ljava/lang/Object;Ljava/lang/Object;)I> (0x00000000d70b9368) thrown at [C:\re\workspace\8-2-build-windows-amd64-cygwin\jdk8u231\13
Event: 5.242 Thread 0x0000000002e72800 Exception <a 'java/lang/NoSuchMethodError': java.lang.Object.lambda$comparing$77a9974f$1(Ljava/util/function/Function;Ljava/lang/Object;Ljava/lang/Object;)I> (0x00000000d7628660) thrown at [C:\re\workspace\8-2-build-windows-amd64-cygwin\jdk8u231\13620\hot
Event: 7.456 Thread 0x000000001a21e800 Exception <a 'java/net/SocketTimeoutException': connect timed out> (0x00000000d8c7f1f0) thrown at [C:\re\workspace\8-2-build-windows-amd64-cygwin\jdk8u231\13620\hotspot\src\share\vm\prims\jni.cpp, line 736]
Event: 7.618 Thread 0x0000000002e72800 Exception <a 'java/lang/NoSuchMethodError': java.lang.Object.lambda$chars$0()Ljava/util/Spliterator$OfInt;> (0x00000000d9059460) thrown at [C:\re\workspace\8-2-build-windows-amd64-cygwin\jdk8u231\13620\hotspot\src\share\vm\interpreter\linkResolver.cpp, li
Event: 10.658 Thread 0x0000000002e72800 Exception <a 'java/lang/NoSuchMethodError': java.lang.Object.lambda$getResponseFunction$0(Lorg/openqa/selenium/remote/InitialHandshakeResponse;)Lorg/openqa/selenium/remote/ProtocolHandshake$Result;> (0x00000000d61f8a10) thrown at [C:\re\workspace\8-2-buil
Event: 10.846 Thread 0x0000000002e72800 Exception <a 'java/net/SocketTimeoutException': Read timed out> (0x00000000d6892278) thrown at [C:\re\workspace\8-2-build-windows-amd64-cygwin\jdk8u231\13620\hotspot\src\share\vm\prims\jni.cpp, line 736]
Event: 10.877 Thread 0x0000000002e72800 Exception <a 'java/net/SocketTimeoutException': Read timed out> (0x00000000d68e60b0) thrown at [C:\re\workspace\8-2-build-windows-amd64-cygwin\jdk8u231\13620\hotspot\src\share\vm\prims\jni.cpp, line 736]
Event: 14.547 Thread 0x0000000002e72800 Exception <a 'java/net/SocketTimeoutException': Read timed out> (0x00000000d68fe330) thrown at [C:\re\workspace\8-2-build-windows-amd64-cygwin\jdk8u231\13620\hotspot\src\share\vm\prims\jni.cpp, line 736]
Event: 14.608 Thread 0x0000000002e72800 Exception <a 'java/net/SocketTimeoutException': Read timed out> (0x00000000d6a1ce38) thrown at [C:\re\workspace\8-2-build-windows-amd64-cygwin\jdk8u231\13620\hotspot\src\share\vm\prims\jni.cpp, line 736]
Event: 14.655 Thread 0x0000000002e72800 Exception <a 'java/net/SocketTimeoutException': Read timed out> (0x00000000d6a97740) thrown at [C:\re\workspace\8-2-build-windows-amd64-cygwin\jdk8u231\13620\hotspot\src\share\vm\prims\jni.cpp, line 736]

Events (10 events):
Event: 15.763 Thread 0x0000000002e72800 Uncommon trap: trap_request=0xffffff65 fr.pc=0x00000000037c82d0
Event: 15.763 Thread 0x0000000002e72800 DEOPT PACKING pc=0x00000000037c82d0 sp=0x0000000002d5ba60
Event: 15.763 Thread 0x0000000002e72800 DEOPT UNPACKING pc=0x0000000002fb583b sp=0x0000000002d5ba68 mode 2
Event: 15.764 Thread 0x0000000002e72800 Uncommon trap: trap_request=0xffffffde fr.pc=0x000000000372c540
Event: 15.764 Thread 0x0000000002e72800 DEOPT PACKING pc=0x000000000372c540 sp=0x0000000002d5b950
Event: 15.764 Thread 0x0000000002e72800 DEOPT UNPACKING pc=0x0000000002fb583b sp=0x0000000002d5b900 mode 2
Event: 15.769 loading class org/openqa/selenium/Keys
Event: 15.769 loading class org/openqa/selenium/Keys done
Event: 15.773 loading class net/bytebuddy/implementation/bytecode/assign/TypeCasting
Event: 15.773 loading class net/bytebuddy/implementation/bytecode/assign/TypeCasting done


Dynamic libraries:
0x00007ff72d050000 - 0x00007ff72d087000 	C:\Program Files\Java\jdk1.8.0_231\bin\java.exe
0x00007ffd51a70000 - 0x00007ffd51c66000 	C:\WINDOWS\SYSTEM32\ntdll.dll
0x00007ffd51560000 - 0x00007ffd5161d000 	C:\WINDOWS\System32\KERNEL32.DLL
0x00007ffd4f320000 - 0x00007ffd4f5e8000 	C:\WINDOWS\System32\KERNELBASE.dll
0x00007ffd4fe50000 - 0x00007ffd4fefc000 	C:\WINDOWS\System32\ADVAPI32.dll
0x00007ffd4ff00000 - 0x00007ffd4ff9e000 	C:\WINDOWS\System32\msvcrt.dll
0x00007ffd517d0000 - 0x00007ffd5186b000 	C:\WINDOWS\System32\sechost.dll
0x00007ffd50900000 - 0x00007ffd50a24000 	C:\WINDOWS\System32\RPCRT4.dll
0x00007ffd50ae0000 - 0x00007ffd50c80000 	C:\WINDOWS\System32\USER32.dll
0x00007ffd4f960000 - 0x00007ffd4f982000 	C:\WINDOWS\System32\win32u.dll
0x00007ffd50a50000 - 0x00007ffd50a7a000 	C:\WINDOWS\System32\GDI32.dll
0x00007ffd4f6a0000 - 0x00007ffd4f7a9000 	C:\WINDOWS\System32\gdi32full.dll
0x00007ffd4f280000 - 0x00007ffd4f31d000 	C:\WINDOWS\System32\msvcp_win.dll
0x00007ffd4f180000 - 0x00007ffd4f280000 	C:\WINDOWS\System32\ucrtbase.dll
0x00007ffd3a0d0000 - 0x00007ffd3a36b000 	C:\WINDOWS\WinSxS\amd64_microsoft.windows.common-controls_6595b64144ccf1df_6.0.19041.488_none_ca04af081b815d21\COMCTL32.dll
0x00007ffd4fcc0000 - 0x00007ffd4fcf0000 	C:\WINDOWS\System32\IMM32.DLL
0x0000000051710000 - 0x00000000517e2000 	C:\Program Files\Java\jdk1.8.0_231\jre\bin\msvcr100.dll
0x0000000050e60000 - 0x0000000051706000 	C:\Program Files\Java\jdk1.8.0_231\jre\bin\server\jvm.dll
0x00007ffd51620000 - 0x00007ffd51628000 	C:\WINDOWS\System32\PSAPI.DLL
0x00007ffd40a40000 - 0x00007ffd40a67000 	C:\WINDOWS\SYSTEM32\WINMM.dll
0x00007ffd4d7a0000 - 0x00007ffd4d7a9000 	C:\WINDOWS\SYSTEM32\WSOCK32.dll
0x00007ffd41550000 - 0x00007ffd4155a000 	C:\WINDOWS\SYSTEM32\VERSION.dll
0x00007ffd51870000 - 0x00007ffd518db000 	C:\WINDOWS\System32\WS2_32.dll
0x00007ffd497f0000 - 0x00007ffd497ff000 	C:\Program Files\Java\jdk1.8.0_231\jre\bin\verify.dll
0x00007ffd455d0000 - 0x00007ffd455f9000 	C:\Program Files\Java\jdk1.8.0_231\jre\bin\java.dll
0x00007ffd3e200000 - 0x00007ffd3e223000 	C:\Program Files\Java\jdk1.8.0_231\jre\bin\instrument.dll
0x00007ffd452e0000 - 0x00007ffd452f6000 	C:\Program Files\Java\jdk1.8.0_231\jre\bin\zip.dll
0x00007ffd4ffa0000 - 0x00007ffd506e1000 	C:\WINDOWS\System32\SHELL32.dll
0x00007ffd4cfd0000 - 0x00007ffd4d765000 	C:\WINDOWS\SYSTEM32\windows.storage.dll
0x00007ffd511a0000 - 0x00007ffd514f5000 	C:\WINDOWS\System32\combase.dll
0x00007ffd4eb20000 - 0x00007ffd4eb4c000 	C:\WINDOWS\SYSTEM32\Wldp.dll
0x00007ffd51690000 - 0x00007ffd5173e000 	C:\WINDOWS\System32\SHCORE.dll
0x00007ffd51500000 - 0x00007ffd51555000 	C:\WINDOWS\System32\shlwapi.dll
0x00007ffd4f0b0000 - 0x00007ffd4f0d6000 	C:\WINDOWS\SYSTEM32\profapi.dll
0x00007ffd43590000 - 0x00007ffd435aa000 	C:\Program Files\JetBrains\IntelliJ IDEA Community Edition 2020.3.1\bin\breakgen64.dll
0x00007ffd451b0000 - 0x00007ffd451ca000 	C:\Program Files\Java\jdk1.8.0_231\jre\bin\net.dll
0x00007ffd4e8a0000 - 0x00007ffd4e90a000 	C:\WINDOWS\system32\mswsock.dll
0x00007ffd43dd0000 - 0x00007ffd43de2000 	C:\Program Files\Java\jdk1.8.0_231\jre\bin\nio.dll
0x00007ffd4e5d0000 - 0x00007ffd4e69b000 	C:\WINDOWS\SYSTEM32\DNSAPI.dll
0x00007ffd4e590000 - 0x00007ffd4e5cb000 	C:\WINDOWS\SYSTEM32\IPHLPAPI.DLL
0x00007ffd506f0000 - 0x00007ffd506f8000 	C:\WINDOWS\System32\NSI.dll
0x00007ffd42160000 - 0x00007ffd4216a000 	C:\Windows\System32\rasadhlp.dll
0x00007ffd42050000 - 0x00007ffd420cf000 	C:\WINDOWS\System32\fwpuclnt.dll
0x00007ffd4f990000 - 0x00007ffd4f9b7000 	C:\WINDOWS\System32\bcrypt.dll
0x00007ffd3e080000 - 0x00007ffd3e0a4000 	C:\Program Files\Java\jdk1.8.0_231\jre\bin\sunec.dll
0x00007ffd45670000 - 0x00007ffd4567b000 	C:\Program Files\Java\jdk1.8.0_231\jre\bin\sunmscapi.dll
0x00007ffd4f800000 - 0x00007ffd4f95d000 	C:\WINDOWS\System32\CRYPT32.dll
0x00007ffd48470000 - 0x00007ffd48487000 	C:\WINDOWS\SYSTEM32\dhcpcsvc6.DLL
0x00007ffd48450000 - 0x00007ffd4846d000 	C:\WINDOWS\SYSTEM32\dhcpcsvc.DLL
0x00007ffd4ea70000 - 0x00007ffd4ea88000 	C:\WINDOWS\SYSTEM32\CRYPTSP.dll
0x00007ffd4e230000 - 0x00007ffd4e264000 	C:\WINDOWS\system32\rsaenh.dll
0x00007ffd4f030000 - 0x00007ffd4f05e000 	C:\WINDOWS\SYSTEM32\USERENV.dll
0x00007ffd4f9c0000 - 0x00007ffd4fa3f000 	C:\WINDOWS\System32\bcryptprimitives.dll
0x00007ffd4ea90000 - 0x00007ffd4ea9c000 	C:\WINDOWS\SYSTEM32\CRYPTBASE.dll

VM Arguments:
jvm_args: -ea -Didea.test.cyclic.buffer.size=1048576 -javaagent:C:\Program Files\JetBrains\IntelliJ IDEA Community Edition 2020.3.1\lib\idea_rt.jar=35280:C:\Program Files\JetBrains\IntelliJ IDEA Community Edition 2020.3.1\bin -Dfile.encoding=UTF-8 
java_command: com.intellij.rt.execution.CommandLineWrapper C:\Users\Usuario\AppData\Local\Temp\idea_classpath685883892 com.intellij.rt.junit.JUnitStarter -ideVersion5 -junit4 co.com.choucair.certification.Proyecto1.runners.RunnerTags
java_class_path (initial): C:\Program Files\JetBrains\IntelliJ IDEA Community Edition 2020.3.1\lib\idea_rt.jar;C:\Program Files\JetBrains\IntelliJ IDEA Community Edition 2020.3.1\lib\idea_rt.jar
Launcher Type: SUN_STANDARD

Environment Variables:
JAVA_HOME=C:\Program Files\Java\jdk1.8.0_231
PATH=C:\WINDOWS\system32;C:\WINDOWS;C:\WINDOWS\System32\Wbem;C:\WINDOWS\System32\WindowsPowerShell\v1.0\;C:\Program Files\nodejs\;C:\Program Files\PuTTY\;C:\WINDOWS\System32\OpenSSH\;C:\Program Files\dotnet\;C:\Program Files\Microsoft SQL Server\130\Tools\Binn\;C:\Program Files\Microsoft SQL Server\Client SDK\ODBC\170\Tools\Binn\;C:\Program Files (x86)\Microsoft SQL Server\150\Tools\Binn\;C:\Program Files\Microsoft SQL Server\150\Tools\Binn\;C:\Program Files\Microsoft SQL Server\150\DTS\Binn\;C:\Program Files (x86)\Microsoft SQL Server\150\DTS\Binn\;C:\Program Files\Azure Data Studio\bin;C:\Program Files\Java\jdk1.8.0_231\bin;C:\GRADLE\gradle-6.7\bin;C:\Program Files\MySQL\MySQL Shell 8.0\bin\;C:\Users\Usuario\AppData\Local\Microsoft\WindowsApps;C:\Users\Usuario\AppData\Local\Programs\Microsoft VS Code\bin;C:\Program Files\Azure Data Studio\bin;
USERNAME=Usuario
OS=Windows_NT
PROCESSOR_IDENTIFIER=Intel64 Family 6 Model 61 Stepping 4, GenuineIntel



---------------  S Y S T E M  ---------------

OS: Windows 10.0 , 64 bit Build 19041 (10.0.19041.546)

CPU:total 4 (initial active 4) (2 cores per cpu, 2 threads per core) family 6 model 61 stepping 4, cmov, cx8, fxsr, mmx, sse, sse2, sse3, ssse3, sse4.1, sse4.2, popcnt, avx, avx2, aes, clmul, erms, 3dnowpref, lzcnt, ht, tsc, tscinvbit, bmi1, bmi2, adx

Memory: 4k page, physical 8301580k(1114524k free), swap 8301580k(5188k free)

vm_info: Java HotSpot(TM) 64-Bit Server VM (25.231-b11) for windows-amd64 JRE (1.8.0_231-b11), built on Oct  5 2019 03:11:30 by "java_re" with MS VC++ 10.0 (VS2010)

time: Wed Dec 30 20:25:21 2020
timezone: Hora est. Pacífico, Sudamérica
elapsed time: 15 seconds (0d 0h 0m 15s)

