JvmtiExport can_access_local_variables 0
JvmtiExport can_hotswap_or_post_breakpoint 0
JvmtiExport can_post_on_exceptions 0
# 300 ciObject found
ciMethod java/lang/Object <init> ()V 4097 1 760169 0 0
ciMethod java/lang/Object hashCode ()I 2049 1 256 0 -1
ciMethod java/lang/Object equals (Ljava/lang/Object;)Z 2049 1 7185 0 64
ciMethod java/lang/String equals (Ljava/lang/Object;)Z 3073 15417 9116 0 -1
ciMethod java/lang/String indexOf (I)I 2049 1 117356 0 288
ciMethod java/lang/String indexOf (II)I 1857 57345 5673 0 384
ciMethod java/lang/String indexOfSupplementary (II)I 0 0 1 0 -1
ciMethod java/lang/String substring (II)Ljava/lang/String; 2273 1 9819 0 -1
ciMethod java/lang/Class isAssignableFrom (Ljava/lang/Class;)Z 2057 1 257 0 -1
ciMethod java/lang/Class isArray ()Z 2049 1 256 0 -1
ciMethod java/lang/Class getName ()Ljava/lang/String; 2057 1 36162 0 96
ciMethod java/lang/Class getName0 ()Ljava/lang/String; 3121 1 390 0 -1
ciMethod java/lang/Class getSuperclass ()Ljava/lang/Class; 3073 1 384 0 -1
ciMethod java/lang/Class getInterfaces ()[Ljava/lang/Class; 177 1 6073 0 -1
ciMethod java/lang/Class getComponentType ()Ljava/lang/Class; 2057 1 257 0 -1
ciMethod java/lang/Class getModifiers ()I 3073 1 384 0 -1
ciMethod java/util/Map get (Ljava/lang/Object;)Ljava/lang/Object; 0 0 1 0 -1
ciMethod java/util/AbstractList <init> ()V 2049 1 141797 0 32
ciMethod java/util/AbstractList get (I)Ljava/lang/Object; 0 0 1 0 -1
ciMethod java/util/AbstractList iterator ()Ljava/util/Iterator; 2049 1 30797 0 192
ciMethod java/util/AbstractCollection <init> ()V 641 1 163365 0 32
ciMethod java/util/AbstractCollection iterator ()Ljava/util/Iterator; 0 0 1 0 -1
ciMethod java/util/AbstractCollection size ()I 0 0 1 0 -1
ciMethod java/util/AbstractCollection contains (Ljava/lang/Object;)Z 1 1 6 0 0
ciMethod java/util/HashMap hash (Ljava/lang/Object;)I 2185 1 120007 0 160
ciMethod java/util/HashMap get (Ljava/lang/Object;)Ljava/lang/Object; 3169 1 71302 0 544
ciMethod java/util/HashMap getNode (ILjava/lang/Object;)Ljava/util/HashMap$Node; 2065 25 7460 0 544
ciMethod java/util/Iterator hasNext ()Z 0 0 1 0 -1
ciMethod java/util/Iterator next ()Ljava/lang/Object; 0 0 1 0 -1
ciMethodData java/lang/Object <init> ()V 2 760180 orig 264 104 163 68 81 0 0 0 0 128 4 20 23 0 0 0 0 32 1 0 0 0 0 0 0 0 0 0 0 0 0 0 0 0 0 0 0 0 0 0 0 0 0 0 0 0 0 0 0 0 0 0 0 0 0 0 0 0 0 0 0 0 0 0 0 0 0 0 0 0 0 0 0 0 0 0 0 0 0 0 0 77 68 79 32 101 120 116 114 97 32 100 97 116 97 32 108 111 99 107 0 0 0 0 0 0 0 0 0 0 0 0 0 0 0 0 0 0 0 0 0 0 0 0 0 0 0 0 0 0 0 0 0 0 0 0 0 0 0 0 0 0 0 0 0 0 0 0 0 0 0 0 0 0 0 0 0 0 0 0 0 0 0 0 0 0 0 0 0 0 0 0 0 0 0 0 0 0 0 0 0 0 0 0 0 1 0 0 0 0 0 0 0 1 0 0 0 0 0 0 0 1 0 0 0 0 0 0 0 0 0 0 0 0 0 0 0 0 2 0 0 161 187 92 0 1 0 0 0 0 0 0 0 0 0 0 0 2 0 0 0 0 0 3 0 1 0 0 0 0 0 0 0 255 255 255 255 0 0 0 0 0 0 0 0 data 0 oops 0
ciMethod java/util/HashMap$TreeNode getTreeNode (ILjava/lang/Object;)Ljava/util/HashMap$TreeNode; 0 0 1 0 -1
ciMethodData java/lang/String indexOf (II)I 2 24686 orig 264 104 163 68 81 0 0 0 0 56 81 20 23 0 0 0 0 16 2 0 0 88 0 0 0 0 0 0 0 0 0 0 0 0 0 0 0 0 0 0 0 0 0 0 0 0 0 0 0 0 0 0 0 0 0 0 0 0 0 0 0 0 0 0 0 0 0 0 0 0 0 0 0 0 0 0 0 0 0 0 0 77 68 79 32 101 120 116 114 97 32 100 97 116 97 32 108 111 99 107 0 0 0 0 0 0 0 0 0 0 0 0 0 0 0 0 0 0 0 0 0 0 0 0 0 0 0 0 0 0 0 0 0 0 0 0 0 0 0 0 0 0 0 0 0 0 0 0 0 0 0 0 0 0 0 0 0 0 0 0 0 0 0 0 0 0 0 0 0 0 0 0 0 0 0 0 0 0 0 0 0 0 0 0 0 17 0 0 0 0 0 0 0 0 0 0 0 0 0 0 0 1 0 0 0 0 0 0 0 0 0 0 0 0 0 0 0 0 28 0 0 9 170 0 0 113 35 2 0 0 0 0 0 0 0 0 0 2 0 0 0 1 0 15 0 2 0 0 0 224 0 0 0 255 255 255 255 7 0 7 0 0 0 0 0 data 28 0x70007 0x1541 0x38 0x0 0xc0003 0x0 0x38 0x110007 0xbaf 0x20 0x992 0x190007 0x0 0x78 0xbaf 0x280007 0xb8e 0x58 0x445b 0x310007 0x443a 0x20 0x21 0x3a0003 0x443a 0xffffffffffffffc0 0x420002 0x0 oops 0
ciMethodData java/lang/String indexOf (I)I 2 117357 orig 264 104 163 68 81 0 0 0 0 80 80 20 23 0 0 0 0 128 1 0 0 0 0 0 0 0 0 0 0 0 0 0 0 0 0 0 0 0 0 0 0 0 0 0 0 0 0 0 0 0 0 0 0 0 0 0 0 0 0 0 0 0 0 0 0 0 0 0 0 0 0 0 0 0 0 0 0 0 0 0 0 77 68 79 32 101 120 116 114 97 32 100 97 116 97 32 108 111 99 107 0 0 0 0 0 0 0 0 0 0 0 0 0 0 0 0 0 0 0 0 0 0 0 0 0 0 0 0 0 0 0 0 0 0 0 0 0 0 0 0 0 0 0 0 0 0 0 0 0 0 0 0 0 0 0 0 0 0 0 0 0 0 0 0 0 0 0 0 0 0 0 0 0 0 0 0 0 0 0 0 0 0 0 0 0 17 0 0 0 0 0 0 0 0 0 0 0 0 0 0 0 1 0 0 0 0 0 0 0 0 0 0 0 0 0 0 0 0 1 0 0 105 75 14 0 1 0 0 0 0 0 0 0 0 0 0 0 2 0 0 0 0 0 3 0 2 0 0 0 48 0 0 0 255 255 255 255 5 0 3 0 0 0 0 0 data 6 0x30005 0x0 0x2e7b6c0 0x1c96d 0x0 0x0 oops 1 2 java/lang/String
ciMethodData java/lang/Class getName ()Ljava/lang/String; 2 36164 orig 264 104 163 68 81 0 0 0 0 248 198 20 23 0 0 0 0 80 1 0 0 0 0 0 0 0 0 0 0 0 0 0 0 0 0 0 0 0 0 0 0 0 0 0 0 0 0 0 0 0 0 0 0 0 0 0 0 0 0 0 0 0 0 0 0 0 0 0 0 0 0 0 0 0 0 0 0 0 0 0 0 77 68 79 32 101 120 116 114 97 32 100 97 116 97 32 108 111 99 107 0 0 0 0 0 0 0 0 0 0 0 0 0 0 0 0 0 0 0 0 0 0 0 0 0 0 0 0 0 0 0 0 0 0 0 0 0 0 0 0 0 0 0 0 0 0 0 0 0 0 0 0 0 0 0 0 0 0 0 0 0 0 0 0 0 0 0 0 0 0 0 0 0 0 0 0 0 0 0 0 0 0 0 0 0 17 0 0 0 0 0 0 0 0 0 0 0 0 0 0 0 0 0 0 0 0 0 0 0 0 0 0 0 0 0 0 0 1 1 0 0 25 98 4 0 1 0 0 0 0 0 0 0 0 0 0 0 2 0 0 0 0 0 6 0 2 0 0 0 48 0 0 0 255 255 255 255 7 0 6 0 0 0 0 0 data 6 0x60007 0x8b0e 0x30 0x135 0xb0002 0x135 oops 0
ciMethodData java/util/HashMap hash (Ljava/lang/Object;)I 2 120010 orig 264 104 163 68 81 0 0 0 0 224 139 34 23 0 0 0 0 176 1 0 0 0 0 0 0 0 0 0 0 0 0 0 0 0 0 0 0 0 0 0 0 0 0 0 0 0 0 0 0 0 0 0 0 0 0 0 0 0 0 0 0 0 0 0 0 0 0 0 0 0 0 0 0 0 0 0 0 0 0 0 0 77 68 79 32 101 120 116 114 97 32 100 97 116 97 32 108 111 99 107 0 0 0 0 0 0 0 0 0 0 0 0 0 0 0 0 0 0 0 0 0 0 0 0 0 0 0 0 0 0 0 0 0 0 0 0 0 0 0 0 0 0 0 0 0 0 0 0 0 0 0 0 0 0 0 0 0 0 0 0 0 0 0 0 0 0 0 0 0 0 0 0 0 0 0 0 0 0 0 0 1 0 0 0 0 17 0 0 0 0 0 0 0 0 0 0 0 0 0 0 0 0 0 0 0 0 0 0 0 0 0 0 0 0 0 0 0 17 1 0 0 201 157 14 0 1 0 0 0 65 65 0 0 0 0 0 0 2 0 0 0 0 0 6 0 2 0 0 0 104 0 0 0 255 255 255 255 7 224 1 0 0 0 0 0 data 13 0x1e007 0x1d3b5 0x38 0x5 0x50003 0x5 0x48 0x90005 0xa6f2 0x2e7b6c0 0x3568 0x2e7b750 0xece7 oops 2 9 java/lang/String 11 java/lang/Class
ciMethodData java/util/HashMap getNode (ILjava/lang/Object;)Ljava/util/HashMap$Node; 2 7460 orig 264 104 163 68 81 0 0 0 0 144 149 34 23 0 0 0 0 8 4 0 0 176 1 0 0 0 0 0 0 0 0 0 0 0 0 0 0 0 0 0 0 0 0 0 0 0 0 0 0 0 0 0 0 0 0 0 0 0 0 0 0 0 0 0 0 0 0 0 0 0 0 0 0 0 0 0 0 0 0 0 0 77 68 79 32 101 120 116 114 97 32 100 97 116 97 32 108 111 99 107 0 0 0 0 0 0 0 0 0 0 0 0 0 0 0 0 0 0 0 0 0 0 0 0 0 0 0 0 0 0 0 0 0 0 0 0 0 0 0 0 0 0 0 0 0 0 0 0 0 0 0 0 0 0 0 0 0 0 0 0 0 0 0 0 0 0 0 0 0 0 0 0 0 0 0 0 0 0 0 0 0 0 0 0 0 17 0 0 0 0 0 0 0 0 0 0 0 0 0 0 0 1 0 0 0 0 0 0 0 0 0 0 0 0 0 0 0 2 1 0 0 17 225 0 0 201 12 0 0 0 0 0 0 0 0 0 0 2 0 0 0 1 0 37 0 2 0 0 0 176 2 0 0 255 255 255 255 7 0 6 0 0 0 0 0 data 86 0x60007 0x24c 0x2b0 0x19d6 0xe0007 0x0 0x290 0x19d6 0x1c0007 0x6dd 0x270 0x12f9 0x250007 0x800 0xb0 0xaf9 0x310007 0x47c 0x90 0x67d 0x350007 0x0 0x70 0x67d 0x3b0005 0x551 0x1b42e8a0 0x39 0x191822e0 0xf3 0x3e0007 0xa6 0x20 0x5d7 0x4c0007 0x4c4 0x1a0 0x3e2 0x510004 0xfffffffffffffc1e 0x0 0x0 0x0 0x0 0x540007 0x3e2 0x80 0x0 0x590004 0x0 0x0 0x0 0x0 0x0 0x5e0005 0x0 0x0 0x0 0x0 0x0 0x680007 0x197 0xb0 0x2e4 0x740007 0xa6 0x90 0x23e 0x780007 0x0 0x70 0x23e 0x7e0005 0x112 0x1b42e8a0 0x17 0x1b42e950 0x115 0x810007 0x2 0x20 0x23c 0x8f0007 0x99 0xffffffffffffff50 0x100 oops 4 26 java/util/jar/Attributes$Name 28 java/security/CodeSource 74 java/util/jar/Attributes$Name 76 sun/misc/ProxyGenerator$ConstantPool$IndirectEntry
ciMethodData java/util/AbstractCollection <init> ()V 2 163370 orig 264 104 163 68 81 0 0 0 0 40 122 32 23 0 0 0 0 48 1 0 0 0 0 0 0 0 0 0 0 0 0 0 0 0 0 0 0 0 0 0 0 0 0 0 0 0 0 0 0 0 0 0 0 0 0 0 0 0 0 0 0 0 0 0 0 0 0 0 0 0 0 0 0 0 0 0 0 0 0 0 0 77 68 79 32 101 120 116 114 97 32 100 97 116 97 32 108 111 99 107 0 0 0 0 0 0 0 0 0 0 0 0 0 0 0 0 0 0 0 0 0 0 0 0 0 0 0 0 0 0 0 0 0 0 0 0 0 0 0 0 0 0 0 0 0 0 0 0 0 0 0 0 0 0 0 0 0 0 0 0 0 0 0 0 0 0 0 0 0 0 0 0 0 0 0 0 0 0 0 0 0 0 0 0 0 1 0 0 0 0 0 0 0 0 0 0 0 0 0 0 0 1 0 0 0 0 0 0 0 0 0 0 0 0 0 0 0 80 0 0 0 209 238 19 0 1 0 0 0 0 0 0 0 0 0 0 0 2 0 0 0 0 0 3 0 2 0 0 0 16 0 0 0 255 255 255 255 2 0 1 0 0 0 0 0 data 2 0x10002 0x27ddb oops 0
ciMethodData java/util/HashMap get (Ljava/lang/Object;)Ljava/lang/Object; 2 71307 orig 264 104 163 68 81 0 0 0 0 96 148 34 23 0 0 0 0 200 1 0 0 0 0 0 0 0 0 0 0 0 0 0 0 0 0 0 0 0 0 0 0 0 0 0 0 0 0 0 0 0 0 0 0 0 0 0 0 0 0 0 0 0 0 0 0 0 0 0 0 0 0 0 0 0 0 0 0 0 0 0 0 77 68 79 32 101 120 116 114 97 32 100 97 116 97 32 108 111 99 107 0 0 0 0 0 0 0 0 0 0 0 0 0 0 0 0 0 0 0 0 0 0 0 0 0 0 0 0 0 0 0 0 0 0 0 0 0 0 0 0 0 0 0 0 0 0 0 0 0 0 0 0 0 0 0 0 0 0 0 0 0 0 0 0 0 0 0 0 0 0 0 0 0 0 0 0 0 0 0 0 0 0 0 0 0 17 0 0 0 0 0 0 0 0 0 0 0 0 0 0 0 1 0 0 0 0 0 0 0 0 0 0 0 0 0 0 0 138 1 0 0 249 167 8 0 1 0 0 0 0 0 0 0 0 0 0 0 2 0 0 0 0 0 10 0 2 0 0 0 120 0 0 0 255 255 255 255 2 0 2 0 0 0 0 0 data 15 0x20002 0x114ff 0x60005 0x9c 0x1a91f1c0 0x11437 0x1a921c50 0x2c 0xb0007 0x4be0 0x38 0xc91f 0xf0003 0xc91f 0x18 oops 2 4 java/util/HashMap 6 java/lang/ProcessEnvironment
ciMethod java/util/AbstractList$Itr <init> (Ljava/util/AbstractList;)V 2089 1 9986 0 96
ciMethod java/util/AbstractList$Itr hasNext ()Z 3073 1 64553 0 96
ciMethod java/util/AbstractList$Itr next ()Ljava/lang/Object; 3393 1 5807 0 192
ciMethod java/util/AbstractList$Itr checkForComodification ()V 3537 1 5807 0 0
ciMethod java/util/AbstractList$Itr <init> (Ljava/util/AbstractList;Ljava/util/AbstractList$1;)V 2089 1 43506 0 96
ciMethodData java/util/AbstractList <init> ()V 2 141802 orig 264 104 163 68 81 0 0 0 0 192 102 32 23 0 0 0 0 48 1 0 0 0 0 0 0 0 0 0 0 0 0 0 0 0 0 0 0 0 0 0 0 0 0 0 0 0 0 0 0 0 0 0 0 0 0 0 0 0 0 0 0 0 0 0 0 0 0 0 0 0 0 0 0 0 0 0 0 0 0 0 0 77 68 79 32 101 120 116 114 97 32 100 97 116 97 32 108 111 99 107 0 0 0 0 0 0 0 0 0 0 0 0 0 0 0 0 0 0 0 0 0 0 0 0 0 0 0 0 0 0 0 0 0 0 0 0 0 0 0 0 0 0 0 0 0 0 0 0 0 0 0 0 0 0 0 0 0 0 0 0 0 0 0 0 0 0 0 0 0 0 0 0 0 0 0 0 0 0 0 0 0 0 0 0 0 1 0 0 0 0 0 0 0 0 0 0 0 0 0 0 0 1 0 0 0 0 0 0 0 0 0 0 0 0 0 0 0 0 1 0 0 81 71 17 0 1 0 0 0 0 0 0 0 0 0 0 0 2 0 0 0 0 0 3 0 2 0 0 0 16 0 0 0 255 255 255 255 2 0 1 0 0 0 0 0 data 2 0x10002 0x228ea oops 0
ciMethodData java/lang/Object equals (Ljava/lang/Object;)Z 2 7185 orig 264 104 163 68 81 0 0 0 0 232 6 20 23 0 0 0 0 136 1 0 0 0 0 0 0 0 0 0 0 0 0 0 0 0 0 0 0 0 0 0 0 0 0 0 0 0 0 0 0 0 0 0 0 0 0 0 0 0 0 0 0 0 0 0 0 0 0 0 0 0 0 0 0 0 0 0 0 0 0 0 0 77 68 79 32 101 120 116 114 97 32 100 97 116 97 32 108 111 99 107 0 0 0 0 0 0 0 0 0 0 0 0 0 0 0 0 0 0 0 0 0 0 0 0 0 0 0 0 0 0 0 0 0 0 0 0 0 0 0 0 0 0 0 0 0 0 0 0 0 0 0 0 0 0 0 0 0 0 0 0 0 0 0 0 0 0 0 0 0 0 0 0 0 0 0 0 0 0 0 0 0 0 0 0 0 0 0 0 0 0 0 0 0 0 0 0 0 0 0 0 0 0 0 0 0 0 0 0 0 0 0 0 0 0 0 0 0 0 1 0 0 137 216 0 0 1 0 0 0 0 0 0 0 0 0 0 0 2 0 0 0 0 0 6 0 2 0 0 0 56 0 0 0 255 255 255 255 7 0 2 0 0 0 0 0 data 7 0x20007 0x9c7 0x38 0x114a 0x60003 0x114a 0x18 oops 0
ciMethodData java/util/AbstractList$Itr hasNext ()Z 2 64561 orig 264 104 163 68 81 0 0 0 0 248 77 70 23 0 0 0 0 176 1 0 0 0 0 0 0 0 0 0 0 0 0 0 0 0 0 0 0 0 0 0 0 0 0 0 0 0 0 0 0 0 0 0 0 0 0 0 0 0 0 0 0 0 0 0 0 0 0 0 0 0 0 0 0 0 0 0 0 0 0 0 0 77 68 79 32 101 120 116 114 97 32 100 97 116 97 32 108 111 99 107 0 0 0 0 0 0 0 0 0 0 0 0 0 0 0 0 0 0 0 0 0 0 0 0 0 0 0 0 0 0 0 0 0 0 0 0 0 0 0 0 0 0 0 0 0 0 0 0 0 0 0 0 0 0 0 0 0 0 0 0 0 0 0 0 0 0 0 0 0 0 0 0 0 0 0 0 0 0 0 0 0 0 0 0 0 0 0 0 0 0 0 0 0 0 0 0 0 0 0 0 0 0 0 0 0 0 0 0 0 0 0 0 0 0 0 0 0 128 1 0 0 137 213 7 0 1 0 0 0 0 0 0 0 0 0 0 0 2 0 0 0 0 0 6 0 2 0 0 0 104 0 0 0 255 255 255 255 5 0 8 0 0 0 0 0 data 13 0x80005 0xec67 0x1926d020 0xe45 0x1926d0d0 0x5 0xb0007 0x6d1b 0x38 0x8d96 0xf0003 0x8d96 0x18 oops 2 2 java/util/Arrays$ArrayList 4 net/bytebuddy/description/type/TypeList$Generic$Empty
ciMethodData java/util/AbstractList$Itr next ()Ljava/lang/Object; 2 5807 orig 264 104 163 68 81 0 0 0 0 200 78 70 23 0 0 0 0 232 1 0 0 0 0 0 0 0 0 0 0 0 0 0 0 0 0 0 0 0 0 0 0 0 0 0 0 0 0 0 0 0 0 0 0 0 0 0 0 0 0 0 0 0 0 0 0 0 0 0 0 0 0 0 0 0 0 0 0 0 0 0 0 77 68 79 32 101 120 116 114 97 32 100 97 116 97 32 108 111 99 107 0 0 0 0 0 0 0 0 0 0 0 0 0 0 0 0 0 0 0 0 0 0 0 0 0 0 0 0 0 0 0 0 0 0 0 0 0 0 0 0 0 0 0 0 0 0 0 0 0 0 0 0 0 0 0 0 0 0 0 0 0 0 0 0 0 0 0 0 0 0 0 0 0 0 0 0 0 0 0 0 0 0 0 0 0 0 0 0 0 0 0 0 0 0 0 0 0 0 0 0 0 0 0 0 0 0 0 0 0 0 0 0 0 0 0 0 0 166 1 0 0 57 168 0 0 1 0 0 0 0 0 0 0 0 0 0 0 2 0 0 0 0 0 11 0 2 0 0 0 160 0 0 0 255 255 255 255 5 0 1 0 0 0 0 0 data 20 0x10005 0x15 0x1b145cb0 0x12f9 0x193ecea0 0x1f9 0xe0005 0x792 0x1926d020 0xd4a 0x193ecf50 0x2b 0x220005 0x0 0x0 0x0 0x0 0x0 0x290002 0x0 oops 4 2 java/util/AbstractList$Itr 4 java/util/AbstractList$ListItr 8 java/util/Arrays$ArrayList 10 net/bytebuddy/description/method/MethodList$ForLoadedMethods
ciMethodData java/util/AbstractList$Itr checkForComodification ()V 2 5807 orig 264 104 163 68 81 0 0 0 0 104 80 70 23 0 0 0 0 80 1 0 0 0 0 0 0 0 0 0 0 0 0 0 0 0 0 0 0 0 0 0 0 0 0 0 0 0 0 0 0 0 0 0 0 0 0 0 0 0 0 0 0 0 0 0 0 0 0 0 0 0 0 0 0 0 0 0 0 0 0 0 0 77 68 79 32 101 120 116 114 97 32 100 97 116 97 32 108 111 99 107 0 0 0 0 0 0 0 0 0 0 0 0 0 0 0 0 0 0 0 0 0 0 0 0 0 0 0 0 0 0 0 0 0 0 0 0 0 0 0 0 0 0 0 0 0 0 0 0 0 0 0 0 0 0 0 0 0 0 0 0 0 0 0 0 0 0 0 0 0 0 0 0 0 0 0 0 0 0 0 0 0 0 0 0 0 25 0 0 0 0 0 0 0 0 0 0 0 0 0 0 0 1 0 0 0 0 0 0 0 0 0 0 0 0 0 0 0 184 1 0 0 169 167 0 0 1 0 0 0 0 0 0 0 0 0 0 0 2 0 0 0 0 0 5 0 2 0 0 0 48 0 0 0 255 255 255 255 7 0 11 0 0 0 0 0 data 6 0xb0007 0x14f5 0x30 0x0 0x120002 0x0 oops 0
ciMethodData java/util/AbstractList iterator ()Ljava/util/Iterator; 2 30804 orig 264 104 163 68 81 0 0 0 0 112 109 32 23 0 0 0 0 48 1 0 0 0 0 0 0 0 0 0 0 0 0 0 0 0 0 0 0 0 0 0 0 0 0 0 0 0 0 0 0 0 0 0 0 0 0 0 0 0 0 0 0 0 0 0 0 0 0 0 0 0 0 0 0 0 0 0 0 0 0 0 0 77 68 79 32 101 120 116 114 97 32 100 97 116 97 32 108 111 99 107 0 0 0 0 0 0 0 0 0 0 0 0 0 0 0 0 0 0 0 0 0 0 0 0 0 0 0 0 0 0 0 0 0 0 0 0 0 0 0 0 0 0 0 0 0 0 0 0 0 0 0 0 0 0 0 0 0 0 0 0 0 0 0 0 0 0 0 0 0 0 0 0 0 0 0 0 0 0 0 0 0 0 0 0 0 0 0 0 0 0 0 0 0 0 0 0 0 0 0 0 0 0 0 0 0 0 0 0 0 0 0 0 0 0 0 0 0 0 1 0 0 161 186 3 0 1 0 0 0 0 0 0 0 0 0 0 0 2 0 0 0 0 0 3 0 2 0 0 0 16 0 0 0 255 255 255 255 2 0 6 0 0 0 0 0 data 2 0x60002 0x7754 oops 0
ciMethodData java/util/AbstractList$Itr <init> (Ljava/util/AbstractList;Ljava/util/AbstractList$1;)V 2 43511 orig 264 104 163 68 81 0 0 0 0 0 81 70 23 0 0 0 0 64 1 0 0 0 0 0 0 0 0 0 0 0 0 0 0 0 0 0 0 0 0 0 0 0 0 0 0 0 0 0 0 0 0 0 0 0 0 0 0 0 0 0 0 0 0 0 0 0 0 0 0 0 0 0 0 0 0 0 0 0 0 0 0 77 68 79 32 101 120 116 114 97 32 100 97 116 97 32 108 111 99 107 0 0 0 0 0 0 0 0 0 0 0 0 0 0 0 0 0 0 0 0 0 0 0 0 0 0 0 0 0 0 0 0 0 0 0 0 0 0 0 0 0 0 0 0 0 0 0 0 0 0 0 0 0 0 0 0 0 0 0 0 0 0 0 0 0 0 0 0 0 0 0 0 0 0 0 0 0 0 0 0 0 0 0 0 0 1 0 0 0 0 0 0 0 4 0 0 0 0 0 0 0 5 0 0 0 0 0 0 0 0 0 0 0 0 0 0 0 5 1 0 0 145 71 5 0 1 0 0 0 0 0 0 0 0 0 0 0 2 0 0 0 0 0 3 0 2 0 0 0 16 0 0 0 255 255 255 255 2 0 2 0 0 0 0 0 data 2 0x20002 0xa8f2 oops 0
ciMethodData java/util/AbstractList$Itr <init> (Ljava/util/AbstractList;)V 2 9986 orig 264 104 163 68 81 0 0 0 0 80 77 70 23 0 0 0 0 56 1 0 0 0 0 0 0 0 0 0 0 0 0 0 0 0 0 0 0 0 0 0 0 0 0 0 0 0 0 0 0 0 0 0 0 0 0 0 0 0 0 0 0 0 0 0 0 0 0 0 0 0 0 0 0 0 0 0 0 0 0 0 0 77 68 79 32 101 120 116 114 97 32 100 97 116 97 32 108 111 99 107 0 0 0 0 0 0 0 0 0 0 0 0 0 0 0 0 0 0 0 0 0 0 0 0 0 0 0 0 0 0 0 0 0 0 0 0 0 0 0 0 0 0 0 0 0 0 0 0 0 0 0 0 0 0 0 0 0 0 0 0 0 0 0 0 0 0 0 0 0 0 0 0 0 0 0 0 0 0 0 0 0 0 0 0 0 1 0 0 0 0 0 0 0 0 0 0 0 0 0 0 0 1 0 0 0 0 0 0 0 0 0 0 0 0 0 0 0 5 1 0 0 233 47 1 0 1 0 0 0 0 0 0 0 0 0 0 0 2 0 0 0 0 0 3 0 2 0 0 0 16 0 0 0 255 255 255 255 2 0 6 0 0 0 0 0 data 2 0x60002 0x25fd oops 0
ciMethod net/bytebuddy/description/type/TypeDescription$Generic$Visitor$Substitutor$ForAttachment of (Lnet/bytebuddy/description/type/TypeDescription;)Lnet/bytebuddy/description/type/TypeDescription$Generic$Visitor$Substitutor$ForAttachment; 2065 1 225 0 -1
ciMethod net/bytebuddy/description/type/TypeList$Generic asErasures ()Lnet/bytebuddy/description/type/TypeList; 0 0 1 0 -1
ciMethod net/bytebuddy/description/type/TypeList$Generic contains (Ljava/lang/Object;)Z 0 0 1 0 -1
ciMethod net/bytebuddy/description/ModifierReviewable getModifiers ()I 0 0 1 0 -1
ciMethod net/bytebuddy/description/type/TypeDefinition asErasure ()Lnet/bytebuddy/description/type/TypeDescription; 0 0 1 0 -1
ciMethod net/bytebuddy/description/type/TypeDefinition getSort ()Lnet/bytebuddy/description/type/TypeDefinition$Sort; 0 0 1 0 -1
ciMethod net/bytebuddy/description/type/TypeDescription isAssignableFrom (Lnet/bytebuddy/description/type/TypeDescription;)Z 0 0 1 0 -1
ciMethod net/bytebuddy/description/type/TypeDescription getComponentType ()Lnet/bytebuddy/description/type/TypeDescription; 0 0 1 0 -1
ciMethod net/bytebuddy/description/type/TypeDescription isArray ()Z 0 0 1 0 -1
ciMethod net/bytebuddy/description/type/TypeDescription isPrimitive ()Z 0 0 1 0 -1
ciMethod net/bytebuddy/description/type/TypeDescription getInterfaces ()Lnet/bytebuddy/description/type/TypeList$Generic; 0 0 1 0 -1
ciMethod net/bytebuddy/description/type/TypeDescription asGenericType ()Lnet/bytebuddy/description/type/TypeDescription$Generic; 0 0 1 0 -1
ciMethod net/bytebuddy/description/type/TypeDescription getSuperClass ()Lnet/bytebuddy/description/type/TypeDescription$Generic; 0 0 1 0 -1
ciMethod net/bytebuddy/description/type/TypeDescription represents (Ljava/lang/reflect/Type;)Z 0 0 1 0 -1
ciMethod net/bytebuddy/description/type/TypeDescription isInterface ()Z 0 0 1 0 -1
ciMethod net/bytebuddy/description/type/TypeDescription getName ()Ljava/lang/String; 0 0 1 0 -1
ciMethod net/bytebuddy/description/type/TypeList$Generic$AbstractBase <init> ()V 2049 1 32621 0 32
ciMethod net/bytebuddy/matcher/FilterableList$AbstractBase <init> ()V 2097 1 66063 0 32
ciMethod net/bytebuddy/description/type/TypeDescription$Generic$OfNonGenericType <init> ()V 3401 1 17617 0 0
ciMethod net/bytebuddy/description/type/TypeDescription$Generic asErasure ()Lnet/bytebuddy/description/type/TypeDescription; 0 0 1 0 -1
ciMethod net/bytebuddy/description/type/TypeDescription$Generic$AbstractBase <init> ()V 2137 1 40117 0 0
ciMethod net/bytebuddy/description/ModifierReviewable$AbstractBase <init> ()V 2057 1 130590 0 0
ciMethod net/bytebuddy/description/ModifierReviewable$AbstractBase isInterface ()Z 2129 1 10456 0 96
ciMethod net/bytebuddy/description/ModifierReviewable$AbstractBase matchesMask (I)Z 2145 1 75429 0 0
ciMethod net/bytebuddy/description/type/TypeDescription$ForLoadedType <init> (Ljava/lang/Class;)V 849 1 47621 0 0
ciMethod net/bytebuddy/description/type/TypeDescription$ForLoadedType getName (Ljava/lang/Class;)Ljava/lang/String; 2049 1 6954 0 0
ciMethod net/bytebuddy/description/type/TypeDescription$ForLoadedType of (Ljava/lang/Class;)Lnet/bytebuddy/description/type/TypeDescription; 2153 1 59558 0 768
ciMethod net/bytebuddy/description/type/TypeDescription$ForLoadedType isAssignableFrom (Lnet/bytebuddy/description/type/TypeDescription;)Z 2057 1 20424 0 0
ciMethod net/bytebuddy/description/type/TypeDescription$ForLoadedType represents (Ljava/lang/reflect/Type;)Z 3129 1 14245 0 2496
ciMethod net/bytebuddy/description/type/TypeDescription$ForLoadedType getComponentType ()Lnet/bytebuddy/description/type/TypeDescription; 385 1 44 0 0
ciMethod net/bytebuddy/description/type/TypeDescription$ForLoadedType isArray ()Z 3121 1 13795 0 96
ciMethod net/bytebuddy/description/type/TypeDescription$ForLoadedType getSuperClass ()Lnet/bytebuddy/description/type/TypeDescription$Generic; 3217 1 11903 0 256
ciMethod net/bytebuddy/description/type/TypeDescription$ForLoadedType getInterfaces ()Lnet/bytebuddy/description/type/TypeList$Generic; 4097 1 10388 0 224
ciMethod net/bytebuddy/description/type/TypeDescription$ForLoadedType getName ()Ljava/lang/String; 2049 1 6954 0 416
ciMethod net/bytebuddy/description/type/TypeDescription$ForLoadedType getModifiers ()I 3137 1 11876 0 96
ciMethod net/bytebuddy/description/type/TypeDescription$ForLoadedType asGenericType ()Lnet/bytebuddy/description/type/TypeDescription$Generic; 3169 1 1154 0 0
ciMethod net/bytebuddy/description/type/TypeDescription$AbstractBase <init> ()V 889 1 47736 0 0
ciMethod net/bytebuddy/description/type/TypeDescription$AbstractBase isAssignable (Lnet/bytebuddy/description/type/TypeDescription;Lnet/bytebuddy/description/type/TypeDescription;)Z 2393 673 31240 0 0
ciMethod net/bytebuddy/description/type/TypeDescription$AbstractBase isAssignableFrom (Lnet/bytebuddy/description/type/TypeDescription;)Z 1777 1 20318 0 0
ciMethod net/bytebuddy/description/type/TypeDescription$AbstractBase represents (Ljava/lang/reflect/Type;)Z 2065 1 14218 0 -1
ciMethod net/bytebuddy/description/type/TypeDescription$AbstractBase equals (Ljava/lang/Object;)Z 70457 1 19014 0 1600
ciMethod net/bytebuddy/description/TypeVariableSource$AbstractBase <init> ()V 1873 1 62027 0 0
ciMethod net/bytebuddy/description/type/TypeDescription$AbstractBase getName ()Ljava/lang/String; 0 0 1 0 -1
ciMethod net/bytebuddy/description/type/TypeDescription$AbstractBase isArray ()Z 0 0 1 0 -1
ciMethod net/bytebuddy/description/type/TypeList iterator ()Ljava/util/Iterator; 0 0 1 0 -1
ciMethod net/bytebuddy/description/type/TypeDescription$Generic$OfNonGenericType$ForLoadedType <init> (Ljava/lang/Class;)V 521 1 182 0 0
ciMethod net/bytebuddy/description/type/TypeDescription$Generic$OfNonGenericType$ForLoadedType <init> (Ljava/lang/Class;Lnet/bytebuddy/description/type/TypeDescription$Generic$AnnotationReader;)V 3393 1 17597 0 0
ciMethod net/bytebuddy/description/type/TypeDescription$Generic$OfNonGenericType$ForLoadedType of (Ljava/lang/Class;)Lnet/bytebuddy/description/type/TypeDescription$Generic; 545 1 1154 0 0
ciMethod net/bytebuddy/dynamic/scaffold/InstrumentedType$Default getSuperClass ()Lnet/bytebuddy/description/type/TypeDescription$Generic; 1377 1 150 0 0
ciMethod net/bytebuddy/description/type/TypeDescription$AbstractBase$OfSimpleType isPrimitive ()Z 913 1 90 0 0
ciMethod net/bytebuddy/description/type/TypeDefinition$Sort isNonGeneric ()Z 6273 1 7212 0 0
ciMethod net/bytebuddy/description/type/TypeDescription$Generic$LazyProjection$WithResolvedErasure <init> (Lnet/bytebuddy/description/type/TypeDescription$Generic;Lnet/bytebuddy/description/type/TypeDescription$Generic$Visitor;)V 2065 1 224 0 -1
ciMethod net/bytebuddy/description/type/TypeDescription$Generic$LazyProjection$WithResolvedErasure asErasure ()Lnet/bytebuddy/description/type/TypeDescription; 1265 1 142 0 0
ciMethod net/bytebuddy/description/type/TypeDescription$Generic$LazyProjection <init> ()V 3089 1 18988 0 0
ciMethod net/bytebuddy/description/type/TypeDescription$Generic$LazyProjection$ForLoadedSuperClass <init> (Ljava/lang/Class;)V 1089 1 1933 0 0
ciMethod net/bytebuddy/description/type/TypeDescription$Generic$LazyProjection$ForLoadedSuperClass asErasure ()Lnet/bytebuddy/description/type/TypeDescription; 2057 1 3942 0 0
ciMethod net/bytebuddy/description/type/TypeDescription$Generic$LazyProjection$WithLazyNavigation$OfAnnotatedElement <init> ()V 1433 1 1995 0 0
ciMethod net/bytebuddy/description/type/TypeDescription$Generic$LazyProjection$WithLazyNavigation <init> ()V 1449 1 1995 0 0
ciMethod net/bytebuddy/description/type/TypeList$Generic$OfLoadedInterfaceTypes <init> (Ljava/lang/Class;)V 4097 1 10388 0 0
ciMethod net/bytebuddy/description/type/TypeList$Generic$OfLoadedInterfaceTypes asErasures ()Lnet/bytebuddy/description/type/TypeList; 3249 1 9439 0 2112
ciMethodData net/bytebuddy/description/ModifierReviewable$AbstractBase <init> ()V 2 130590 orig 264 104 163 68 81 0 0 0 0 240 109 10 29 0 0 0 0 48 1 0 0 0 0 0 0 0 0 0 0 0 0 0 0 0 0 0 0 0 0 0 0 0 0 0 0 0 0 0 0 0 0 0 0 0 0 0 0 0 0 0 0 0 0 0 0 0 0 0 0 0 0 0 0 0 0 0 0 0 0 0 0 77 68 79 32 101 120 116 114 97 32 100 97 116 97 32 108 111 99 107 0 0 0 0 0 0 0 0 0 0 0 0 0 0 0 0 0 0 0 0 0 0 0 0 0 0 0 0 0 0 0 0 0 0 0 0 0 0 0 0 0 0 0 0 0 0 0 0 0 0 0 0 0 0 0 0 0 0 0 0 0 0 0 0 0 0 0 0 0 0 0 0 0 0 0 0 0 0 0 0 0 0 0 0 0 1 0 0 0 0 0 0 0 0 0 0 0 0 0 0 0 1 0 0 0 0 0 0 0 0 0 0 0 0 0 0 0 1 1 0 0 233 232 15 0 1 0 0 0 0 0 0 0 0 0 0 0 2 0 0 0 0 0 3 0 2 0 0 0 16 0 0 0 255 255 255 255 2 0 1 0 0 0 0 0 data 2 0x10002 0x1fd1d oops 0
ciMethodData net/bytebuddy/matcher/FilterableList$AbstractBase <init> ()V 2 66069 orig 264 104 163 68 81 0 0 0 0 144 152 8 29 0 0 0 0 48 1 0 0 0 0 0 0 0 0 0 0 0 0 0 0 0 0 0 0 0 0 0 0 0 0 0 0 0 0 0 0 0 0 0 0 0 0 0 0 0 0 0 0 0 0 0 0 0 0 0 0 0 0 0 0 0 0 0 0 0 0 0 0 77 68 79 32 101 120 116 114 97 32 100 97 116 97 32 108 111 99 107 0 0 0 0 0 0 0 0 0 0 0 0 0 0 0 0 0 0 0 0 0 0 0 0 0 0 0 0 0 0 0 0 0 0 0 0 0 0 0 0 0 0 0 0 0 0 0 0 0 0 0 0 0 0 0 0 0 0 0 0 0 0 0 0 0 0 0 0 0 0 0 0 0 0 0 0 0 0 0 0 0 0 0 0 0 1 0 0 0 0 0 0 0 0 0 0 0 0 0 0 0 1 0 0 0 0 0 0 0 0 0 0 0 0 0 0 0 6 1 0 0 121 8 8 0 1 0 0 0 0 0 0 0 0 0 0 0 2 0 0 0 0 0 3 0 2 0 0 0 16 0 0 0 255 255 255 255 2 0 1 0 0 0 0 0 data 2 0x10002 0x1010f oops 0
ciMethodData net/bytebuddy/description/type/TypeDescription$Generic$AbstractBase <init> ()V 2 40117 orig 264 104 163 68 81 0 0 0 0 176 82 10 29 0 0 0 0 48 1 0 0 0 0 0 0 0 0 0 0 0 0 0 0 0 0 0 0 0 0 0 0 0 0 0 0 0 0 0 0 0 0 0 0 0 0 0 0 0 0 0 0 0 0 0 0 0 0 0 0 0 0 0 0 0 0 0 0 0 0 0 0 77 68 79 32 101 120 116 114 97 32 100 97 116 97 32 108 111 99 107 0 0 0 0 0 0 0 0 0 0 0 0 0 0 0 0 0 0 0 0 0 0 0 0 0 0 0 0 0 0 0 0 0 0 0 0 0 0 0 0 0 0 0 0 0 0 0 0 0 0 0 0 0 0 0 0 0 0 0 0 0 0 0 0 0 0 0 0 0 0 0 0 0 0 0 0 0 0 0 0 0 0 0 0 0 1 0 0 0 0 0 0 0 0 0 0 0 0 0 0 0 1 0 0 0 0 0 0 0 0 0 0 0 0 0 0 0 11 1 0 0 81 221 4 0 1 0 0 0 0 0 0 0 0 0 0 0 2 0 0 0 0 0 3 0 2 0 0 0 16 0 0 0 255 255 255 255 2 0 1 0 0 0 0 0 data 2 0x10002 0x9baa oops 0
ciMethodData net/bytebuddy/description/type/TypeDescription$ForLoadedType getName ()Ljava/lang/String; 2 6954 orig 264 104 163 68 81 0 0 0 0 248 202 13 29 0 0 0 0 88 1 0 0 0 0 0 0 0 0 0 0 0 0 0 0 0 0 0 0 0 0 0 0 0 0 0 0 0 0 0 0 0 0 0 0 0 0 0 0 0 0 0 0 0 0 0 0 0 0 0 0 0 0 0 0 0 0 0 0 0 0 0 0 77 68 79 32 101 120 116 114 97 32 100 97 116 97 32 108 111 99 107 0 0 0 0 0 0 0 0 0 0 0 0 0 0 0 0 0 0 0 0 0 0 0 0 0 0 0 0 0 0 0 0 0 0 0 0 0 0 0 0 0 0 0 0 0 0 0 0 0 0 0 0 0 0 0 0 0 0 0 0 0 0 0 0 0 0 0 0 0 0 0 0 0 0 0 0 0 0 0 0 0 0 0 0 0 0 0 0 0 0 0 0 0 0 0 0 0 0 0 0 0 0 0 0 0 0 0 0 0 0 0 0 0 0 0 0 0 0 1 0 0 81 209 0 0 1 0 0 0 0 0 0 0 0 0 0 0 2 0 0 0 0 0 11 0 2 0 0 0 16 0 0 0 255 255 255 255 2 0 4 0 0 0 0 0 data 2 0x40002 0x1a2a oops 0
ciMethodData net/bytebuddy/description/type/TypeDescription$ForLoadedType getName (Ljava/lang/Class;)Ljava/lang/String; 2 6954 orig 264 104 163 68 81 0 0 0 0 72 181 13 29 0 0 0 0 16 2 0 0 128 0 0 0 0 0 0 0 0 0 0 0 0 0 0 0 0 0 0 0 0 0 0 0 0 0 0 0 0 0 0 0 0 0 0 0 0 0 0 0 0 0 0 0 0 0 0 0 0 0 0 0 0 0 0 0 0 0 0 0 77 68 79 32 101 120 116 114 97 32 100 97 116 97 32 108 111 99 107 0 0 0 0 0 0 0 0 0 0 0 0 0 0 0 0 0 0 0 0 0 0 0 0 0 0 0 0 0 0 0 0 0 0 0 0 0 0 0 0 0 0 0 0 0 0 0 0 0 0 0 0 0 0 0 0 0 0 0 0 0 0 0 0 0 0 0 0 0 0 0 0 0 0 0 0 0 0 0 0 0 0 0 0 0 17 0 0 0 0 0 0 0 0 0 0 0 0 0 0 0 0 0 0 0 0 0 0 0 0 0 0 0 0 0 0 0 0 1 0 0 81 209 0 0 1 0 0 0 0 0 0 0 0 0 0 0 2 0 0 0 0 0 10 0 2 0 0 0 200 0 0 0 255 255 255 255 5 0 1 0 0 0 0 0 data 25 0x10005 0x4 0x2e7b750 0x1a26 0x0 0x0 0x80005 0x4 0x2e7b6c0 0x1a26 0x0 0x0 0xe0007 0x0 0x38 0x1a2a 0x120003 0x1a2a 0x48 0x180005 0x0 0x0 0x0 0x0 0x0 oops 2 2 java/lang/Class 8 java/lang/String
ciMethodData net/bytebuddy/description/type/TypeDescription$ForLoadedType of (Ljava/lang/Class;)Lnet/bytebuddy/description/type/TypeDescription; 2 59575 orig 264 104 163 68 81 0 0 0 0 24 182 13 29 0 0 0 0 240 1 0 0 0 0 0 0 0 0 0 0 0 0 0 0 0 0 0 0 0 0 0 0 0 0 0 0 0 0 0 0 0 0 0 0 0 0 0 0 0 0 0 0 0 0 0 0 0 0 0 0 0 0 0 0 0 0 0 0 0 0 0 0 77 68 79 32 101 120 116 114 97 32 100 97 116 97 32 108 111 99 107 0 0 0 0 0 0 0 0 0 0 0 0 0 0 0 0 0 0 0 0 0 0 0 0 0 0 0 0 0 0 0 0 0 0 0 0 0 0 0 0 0 0 0 0 0 0 0 0 0 0 0 0 0 0 0 0 0 0 0 0 0 0 0 0 0 0 0 0 0 0 0 0 0 0 0 0 0 0 0 0 0 0 0 0 0 0 0 0 0 0 0 0 0 0 0 0 0 0 0 0 0 0 0 0 0 0 0 0 0 0 0 0 0 0 0 0 0 13 1 0 0 81 61 7 0 1 0 0 0 0 0 0 0 0 0 0 0 2 0 0 0 0 0 14 0 2 0 0 0 168 0 0 0 255 255 255 255 5 0 4 0 0 0 0 0 data 21 0x40005 0x0 0x1a91f1c0 0xe7aa 0x0 0x0 0x90104 0x0 0x1b145090 0x2e0f 0x0 0x0 0xe0007 0x2e0f 0x48 0xb99b 0x160002 0xb99b 0x190003 0xb99b 0x18 oops 2 2 java/util/HashMap 8 net/bytebuddy/description/type/TypeDescription$ForLoadedType
ciMethodData net/bytebuddy/description/type/TypeDescription$ForLoadedType <init> (Ljava/lang/Class;)V 2 47621 orig 264 104 163 68 81 0 0 0 0 112 180 13 29 0 0 0 0 56 1 0 0 0 0 0 0 0 0 0 0 0 0 0 0 0 0 0 0 0 0 0 0 0 0 0 0 0 0 0 0 0 0 0 0 0 0 0 0 0 0 0 0 0 0 0 0 0 0 0 0 0 0 0 0 0 0 0 0 0 0 0 0 77 68 79 32 101 120 116 114 97 32 100 97 116 97 32 108 111 99 107 0 0 0 0 0 0 0 0 0 0 0 0 0 0 0 0 0 0 0 0 0 0 0 0 0 0 0 0 0 0 0 0 0 0 0 0 0 0 0 0 0 0 0 0 0 0 0 0 0 0 0 0 0 0 0 0 0 0 0 0 0 0 0 0 0 0 0 0 0 0 0 0 0 0 0 0 0 0 0 0 0 0 0 0 0 1 0 0 0 0 0 0 0 0 0 0 0 0 0 0 0 1 0 0 0 0 0 0 0 0 0 0 0 0 0 0 0 106 0 0 0 217 204 5 0 1 0 0 0 0 0 0 0 0 0 0 0 2 0 0 0 0 0 0 0 0 0 0 0 16 0 0 0 255 255 255 255 2 0 1 0 0 0 0 0 data 2 0x10002 0xb99b oops 0
ciMethodData net/bytebuddy/description/type/TypeDescription$AbstractBase <init> ()V 2 47736 orig 264 104 163 68 81 0 0 0 0 8 240 13 29 0 0 0 0 48 1 0 0 0 0 0 0 0 0 0 0 0 0 0 0 0 0 0 0 0 0 0 0 0 0 0 0 0 0 0 0 0 0 0 0 0 0 0 0 0 0 0 0 0 0 0 0 0 0 0 0 0 0 0 0 0 0 0 0 0 0 0 0 77 68 79 32 101 120 116 114 97 32 100 97 116 97 32 108 111 99 107 0 0 0 0 0 0 0 0 0 0 0 0 0 0 0 0 0 0 0 0 0 0 0 0 0 0 0 0 0 0 0 0 0 0 0 0 0 0 0 0 0 0 0 0 0 0 0 0 0 0 0 0 0 0 0 0 0 0 0 0 0 0 0 0 0 0 0 0 0 0 0 0 0 0 0 0 0 0 0 0 0 0 0 0 0 1 0 0 0 0 0 0 0 0 0 0 0 0 0 0 0 1 0 0 0 0 0 0 0 0 0 0 0 0 0 0 0 111 0 0 0 73 208 5 0 1 0 0 0 0 0 0 0 0 0 0 0 2 0 0 0 0 0 3 0 2 0 0 0 16 0 0 0 255 255 255 255 2 0 1 0 0 0 0 0 data 2 0x10002 0xba09 oops 0
ciMethodData net/bytebuddy/description/TypeVariableSource$AbstractBase <init> ()V 2 62027 orig 264 104 163 68 81 0 0 0 0 192 29 14 29 0 0 0 0 48 1 0 0 0 0 0 0 0 0 0 0 0 0 0 0 0 0 0 0 0 0 0 0 0 0 0 0 0 0 0 0 0 0 0 0 0 0 0 0 0 0 0 0 0 0 0 0 0 0 0 0 0 0 0 0 0 0 0 0 0 0 0 0 77 68 79 32 101 120 116 114 97 32 100 97 116 97 32 108 111 99 107 0 0 0 0 0 0 0 0 0 0 0 0 0 0 0 0 0 0 0 0 0 0 0 0 0 0 0 0 0 0 0 0 0 0 0 0 0 0 0 0 0 0 0 0 0 0 0 0 0 0 0 0 0 0 0 0 0 0 0 0 0 0 0 0 0 0 0 0 0 0 0 0 0 0 0 0 0 0 0 0 0 0 0 0 0 1 0 0 0 0 0 0 0 0 0 0 0 0 0 0 0 1 0 0 0 0 0 0 0 0 0 0 0 0 0 0 0 234 0 0 0 9 139 7 0 1 0 0 0 0 0 0 0 0 0 0 0 2 0 0 0 0 0 3 0 2 0 0 0 16 0 0 0 255 255 255 255 2 0 1 0 0 0 0 0 data 2 0x10002 0xf161 oops 0
ciMethodData net/bytebuddy/description/ModifierReviewable$AbstractBase matchesMask (I)Z 2 75429 orig 264 104 163 68 81 0 0 0 0 8 134 10 29 0 0 0 0 184 1 0 0 0 0 0 0 0 0 0 0 0 0 0 0 0 0 0 0 0 0 0 0 0 0 0 0 0 0 0 0 0 0 0 0 0 0 0 0 0 0 0 0 0 0 0 0 0 0 0 0 0 0 0 0 0 0 0 0 0 0 0 0 77 68 79 32 101 120 116 114 97 32 100 97 116 97 32 108 111 99 107 0 0 0 0 0 0 0 0 0 0 0 0 0 0 0 0 0 0 0 0 0 0 0 0 0 0 0 0 0 0 0 0 0 0 0 0 0 0 0 0 0 0 0 0 0 0 0 0 0 0 0 0 0 0 0 0 0 0 0 0 0 0 0 0 0 0 0 0 0 0 0 0 0 0 0 0 0 0 0 0 0 0 0 0 0 0 0 0 0 0 0 0 0 0 0 0 0 0 0 0 0 0 0 0 0 0 0 0 0 0 0 0 0 0 0 0 0 12 1 0 0 201 44 9 0 1 0 0 0 0 0 0 0 0 0 0 0 2 0 0 0 0 0 6 0 2 0 0 0 104 0 0 0 255 255 255 255 5 0 1 0 0 0 0 0 data 13 0x10005 0x1899 0x1b145090 0x394b 0x1aeee510 0xd3b5 0x70007 0xc1b4 0x38 0x63e5 0xb0003 0x63e5 0x18 oops 2 2 net/bytebuddy/description/type/TypeDescription$ForLoadedType 4 net/bytebuddy/description/method/MethodDescription$TypeSubstituting
ciMethodData net/bytebuddy/description/type/TypeList$Generic$AbstractBase <init> ()V 2 32627 orig 264 104 163 68 81 0 0 0 0 112 140 8 29 0 0 0 0 48 1 0 0 0 0 0 0 0 0 0 0 0 0 0 0 0 0 0 0 0 0 0 0 0 0 0 0 0 0 0 0 0 0 0 0 0 0 0 0 0 0 0 0 0 0 0 0 0 0 0 0 0 0 0 0 0 0 0 0 0 0 0 0 77 68 79 32 101 120 116 114 97 32 100 97 116 97 32 108 111 99 107 0 0 0 0 0 0 0 0 0 0 0 0 0 0 0 0 0 0 0 0 0 0 0 0 0 0 0 0 0 0 0 0 0 0 0 0 0 0 0 0 0 0 0 0 0 0 0 0 0 0 0 0 0 0 0 0 0 0 0 0 0 0 0 0 0 0 0 0 0 0 0 0 0 0 0 0 0 0 0 0 0 0 0 0 0 1 0 0 0 0 0 0 0 0 0 0 0 0 0 0 0 1 0 0 0 0 0 0 0 0 0 0 0 0 0 0 0 0 1 0 0 153 243 3 0 1 0 0 0 0 0 0 0 0 0 0 0 2 0 0 0 0 0 3 0 2 0 0 0 16 0 0 0 255 255 255 255 2 0 1 0 0 0 0 0 data 2 0x10002 0x7e73 oops 0
ciMethodData net/bytebuddy/description/type/TypeDescription$Generic$OfNonGenericType$ForLoadedType <init> (Ljava/lang/Class;Lnet/bytebuddy/description/type/TypeDescription$Generic$AnnotationReader;)V 2 17597 orig 264 104 163 68 81 0 0 0 0 80 165 15 29 0 0 0 0 64 1 0 0 0 0 0 0 0 0 0 0 0 0 0 0 0 0 0 0 0 0 0 0 0 0 0 0 0 0 0 0 0 0 0 0 0 0 0 0 0 0 0 0 0 0 0 0 0 0 0 0 0 0 0 0 0 0 0 0 0 0 0 0 77 68 79 32 101 120 116 114 97 32 100 97 116 97 32 108 111 99 107 0 0 0 0 0 0 0 0 0 0 0 0 0 0 0 0 0 0 0 0 0 0 0 0 0 0 0 0 0 0 0 0 0 0 0 0 0 0 0 0 0 0 0 0 0 0 0 0 0 0 0 0 0 0 0 0 0 0 0 0 0 0 0 0 0 0 0 0 0 0 0 0 0 0 0 0 0 0 0 0 0 0 0 0 0 1 0 0 0 0 0 0 0 0 0 0 0 0 0 0 0 1 0 0 0 0 0 0 0 0 0 0 0 0 0 0 0 168 1 0 0 169 24 2 0 1 0 0 0 0 0 0 0 0 0 0 0 2 0 0 0 0 0 3 0 2 0 0 0 16 0 0 0 255 255 255 255 2 0 1 0 0 0 0 0 data 2 0x10002 0x4315 oops 0
ciMethodData net/bytebuddy/description/type/TypeDescription$Generic$OfNonGenericType <init> ()V 2 17617 orig 264 104 163 68 81 0 0 0 0 248 19 10 29 0 0 0 0 48 1 0 0 0 0 0 0 0 0 0 0 0 0 0 0 0 0 0 0 0 0 0 0 0 0 0 0 0 0 0 0 0 0 0 0 0 0 0 0 0 0 0 0 0 0 0 0 0 0 0 0 0 0 0 0 0 0 0 0 0 0 0 0 77 68 79 32 101 120 116 114 97 32 100 97 116 97 32 108 111 99 107 0 0 0 0 0 0 0 0 0 0 0 0 0 0 0 0 0 0 0 0 0 0 0 0 0 0 0 0 0 0 0 0 0 0 0 0 0 0 0 0 0 0 0 0 0 0 0 0 0 0 0 0 0 0 0 0 0 0 0 0 0 0 0 0 0 0 0 0 0 0 0 0 0 0 0 0 0 0 0 0 0 0 0 0 0 1 0 0 0 0 0 0 0 0 0 0 0 0 0 0 0 1 0 0 0 0 0 0 0 0 0 0 0 0 0 0 0 169 1 0 0 65 25 2 0 1 0 0 0 0 0 0 0 0 0 0 0 2 0 0 0 0 0 3 0 2 0 0 0 16 0 0 0 255 255 255 255 2 0 1 0 0 0 0 0 data 2 0x10002 0x4328 oops 0
ciMethodData net/bytebuddy/description/type/TypeDescription$Generic$LazyProjection <init> ()V 2 18988 orig 264 104 163 68 81 0 0 0 0 88 75 24 29 0 0 0 0 48 1 0 0 0 0 0 0 0 0 0 0 0 0 0 0 0 0 0 0 0 0 0 0 0 0 0 0 0 0 0 0 0 0 0 0 0 0 0 0 0 0 0 0 0 0 0 0 0 0 0 0 0 0 0 0 0 0 0 0 0 0 0 0 77 68 79 32 101 120 116 114 97 32 100 97 116 97 32 108 111 99 107 0 0 0 0 0 0 0 0 0 0 0 0 0 0 0 0 0 0 0 0 0 0 0 0 0 0 0 0 0 0 0 0 0 0 0 0 0 0 0 0 0 0 0 0 0 0 0 0 0 0 0 0 0 0 0 0 0 0 0 0 0 0 0 0 0 0 0 0 0 0 0 0 0 0 0 0 0 0 0 0 0 0 0 0 0 1 0 0 0 0 0 0 0 0 0 0 0 0 0 0 0 1 0 0 0 0 0 0 0 0 0 0 0 0 0 0 0 130 1 0 0 81 69 2 0 1 0 0 0 0 0 0 0 0 0 0 0 2 0 0 0 0 0 3 0 2 0 0 0 16 0 0 0 255 255 255 255 2 0 1 0 0 0 0 0 data 2 0x10002 0x48aa oops 0
ciMethodData net/bytebuddy/description/type/TypeDescription$AbstractBase equals (Ljava/lang/Object;)Z 2 19014 orig 264 104 163 68 81 0 0 0 0 120 23 14 29 0 0 0 0 104 3 0 0 128 1 0 0 0 0 0 0 0 0 0 0 0 0 0 0 0 0 0 0 0 0 0 0 0 0 0 0 0 0 0 0 0 0 0 0 0 0 0 0 0 0 0 0 0 0 0 0 0 0 0 0 0 0 0 0 0 0 0 0 77 68 79 32 101 120 116 114 97 32 100 97 116 97 32 108 111 99 107 0 0 0 0 0 0 0 0 0 0 0 0 0 0 0 0 0 0 0 0 0 0 0 0 0 0 0 0 0 0 0 0 0 0 0 0 0 0 0 0 0 0 0 0 0 1 0 0 0 0 0 0 0 0 0 0 0 0 0 0 0 0 0 0 0 0 0 0 4 0 0 0 0 0 0 0 0 0 0 0 0 0 0 0 0 17 0 0 0 0 0 0 0 0 0 0 0 0 0 0 0 0 0 0 0 0 0 0 0 0 0 0 0 0 0 0 0 132 1 0 0 249 62 1 0 1 0 0 0 0 0 0 0 0 0 0 0 2 0 0 0 0 0 10 0 2 0 0 0 24 2 0 0 255 255 255 255 7 0 2 0 0 0 0 0 data 67 0x20007 0x19ed 0x20 0xdf2 0x80004 0x0 0x1a6d9030 0x2f8 0x1b145090 0x1623 0xb0007 0x19ed 0x20 0x0 0x110004 0x0 0x1a6d9030 0x2f8 0x1b145090 0x1623 0x160005 0xd2 0x1a6d9030 0x2f8 0x1b145090 0x1623 0x1b0005 0xd7 0x1b14bc70 0x1916 0x0 0x0 0x1e0007 0x7a 0x118 0x1973 0x227005 0x5 0x1b145090 0x18ff 0x1b145940 0x70 0x260005 0x59 0x1a6d9030 0x2f8 0x1b145090 0x1623 0x2bf005 0x5 0x1b145090 0x1931 0x1b145940 0x41 0x300005 0xdb 0x2e7b6c0 0x189c 0x0 0x0 0x330007 0x760 0x38 0x1217 0x370003 0x1217 0x18 oops 14 6 net/bytebuddy/description/type/TypeDescription$Generic$OfNonGenericType$ForLoadedType 8 net/bytebuddy/description/type/TypeDescription$ForLoadedType 16 net/bytebuddy/description/type/TypeDescription$Generic$OfNonGenericType$ForLoadedType 18 net/bytebuddy/description/type/TypeDescription$ForLoadedType 22 net/bytebuddy/description/type/TypeDescription$Generic$OfNonGenericType$ForLoadedType 24 net/bytebuddy/description/type/TypeDescription$ForLoadedType 28 net/bytebuddy/description/type/TypeDefinition$Sort 38 net/bytebuddy/description/type/TypeDescription$ForLoadedType 40 net/bytebuddy/dynamic/scaffold/InstrumentedType$Default 44 net/bytebuddy/description/type/TypeDescription$Generic$OfNonGenericType$ForLoadedType 46 net/bytebuddy/description/type/TypeDescription$ForLoadedType 50 net/bytebuddy/description/type/TypeDescription$ForLoadedType 52 net/bytebuddy/dynamic/scaffold/InstrumentedType$Default 56 java/lang/String
ciMethodData net/bytebuddy/description/type/TypeDefinition$Sort isNonGeneric ()Z 2 7212 orig 264 104 163 68 81 0 0 0 0 144 172 22 29 0 0 0 0 128 1 0 0 0 0 0 0 0 0 0 0 0 0 0 0 0 0 0 0 0 0 0 0 0 0 0 0 0 0 0 0 0 0 0 0 0 0 0 0 0 0 0 0 0 0 0 0 0 0 0 0 0 0 0 0 0 0 0 0 0 0 0 0 77 68 79 32 101 120 116 114 97 32 100 97 116 97 32 108 111 99 107 0 0 0 0 0 0 0 0 0 0 0 0 0 0 0 0 0 0 0 0 0 0 0 0 0 0 0 0 0 0 0 0 0 0 0 0 0 0 0 0 0 0 0 0 0 0 0 0 0 0 0 0 0 0 0 0 0 0 0 0 0 0 0 0 0 0 0 0 0 0 0 0 0 0 0 0 0 0 0 0 0 0 0 0 0 0 0 0 0 0 0 0 0 0 0 0 0 0 0 0 0 0 0 0 0 0 0 0 0 0 0 0 0 0 0 0 0 212 0 0 0 17 204 0 0 1 0 0 0 0 0 0 0 0 0 0 0 2 0 0 0 0 0 3 0 2 0 0 0 56 0 0 0 255 255 255 255 7 0 4 0 0 0 0 0 data 7 0x40007 0x7b 0x38 0x1907 0x80003 0x1907 0x18 oops 0
ciMethodData net/bytebuddy/description/type/TypeDescription$Generic$OfNonGenericType$ForLoadedType of (Ljava/lang/Class;)Lnet/bytebuddy/description/type/TypeDescription$Generic; 2 1158 orig 264 104 163 68 81 0 0 0 0 24 166 15 29 0 0 0 0 240 1 0 0 0 0 0 0 0 0 0 0 0 0 0 0 0 0 0 0 0 0 0 0 0 0 0 0 0 0 0 0 0 0 0 0 0 0 0 0 0 0 0 0 0 0 0 0 0 0 0 0 0 0 0 0 0 0 0 0 0 0 0 0 77 68 79 32 101 120 116 114 97 32 100 97 116 97 32 108 111 99 107 0 0 0 0 0 0 0 0 0 0 0 0 0 0 0 0 0 0 0 0 0 0 0 0 0 0 0 0 0 0 0 0 0 0 0 0 0 0 0 0 0 0 0 0 0 0 0 0 0 0 0 0 0 0 0 0 0 0 0 0 0 0 0 0 0 0 0 0 0 0 0 0 0 0 0 0 0 0 0 0 0 0 0 0 0 0 0 0 0 0 0 0 0 0 0 0 0 0 0 0 0 0 0 0 0 0 0 0 0 0 0 0 0 0 0 0 0 68 0 0 0 17 34 0 0 1 0 0 0 0 0 0 0 0 0 0 0 2 0 0 0 0 0 14 0 2 0 0 0 168 0 0 0 255 255 255 255 5 0 4 0 0 0 0 0 data 21 0x40005 0x0 0x1a91f1c0 0x442 0x0 0x0 0x90104 0x0 0x1a6d9030 0x3cd 0x0 0x0 0xe0007 0x3cd 0x48 0x75 0x160002 0x75 0x190003 0x75 0x18 oops 2 2 java/util/HashMap 8 net/bytebuddy/description/type/TypeDescription$Generic$OfNonGenericType$ForLoadedType
ciMethodData net/bytebuddy/description/type/TypeDescription$Generic$OfNonGenericType$ForLoadedType <init> (Ljava/lang/Class;)V 1 194 orig 264 104 163 68 81 0 0 0 0 136 164 15 29 0 0 0 0 56 1 0 0 0 0 0 0 0 0 0 0 0 0 0 0 0 0 0 0 0 0 0 0 0 0 0 0 0 0 0 0 0 0 0 0 0 0 0 0 0 0 0 0 0 0 0 0 0 0 0 0 0 0 0 0 0 0 0 0 0 0 0 0 77 68 79 32 101 120 116 114 97 32 100 97 116 97 32 108 111 99 107 0 0 0 0 0 0 0 0 0 0 0 0 0 0 0 0 0 0 0 0 0 0 0 0 0 0 0 0 0 0 0 0 0 0 0 0 0 0 0 0 0 0 0 0 0 0 0 0 0 0 0 0 0 0 0 0 0 0 0 0 0 0 0 0 0 0 0 0 0 0 0 0 0 0 0 0 0 0 0 0 0 0 0 0 0 1 0 0 0 0 0 0 0 0 0 0 0 0 0 0 0 1 0 0 0 0 0 0 0 0 0 0 0 0 0 0 0 65 0 0 0 9 4 0 0 1 0 0 0 0 0 0 0 0 0 0 0 2 0 0 0 0 0 0 0 0 0 0 0 16 0 0 0 255 255 255 255 2 0 5 0 0 0 0 0 data 2 0x50002 0x81 oops 0
ciMethodData net/bytebuddy/description/type/TypeDescription$ForLoadedType getModifiers ()I 2 11876 orig 264 104 163 68 81 0 0 0 0 200 205 13 29 0 0 0 0 120 1 0 0 0 0 0 0 0 0 0 0 0 0 0 0 0 0 0 0 0 0 0 0 0 0 0 0 0 0 0 0 0 0 0 0 0 0 0 0 0 0 0 0 0 0 0 0 0 0 0 0 0 0 0 0 0 0 0 0 0 0 0 0 77 68 79 32 101 120 116 114 97 32 100 97 116 97 32 108 111 99 107 0 0 0 0 0 0 0 0 0 0 0 0 0 0 0 0 0 0 0 0 0 0 0 0 0 0 0 0 0 0 0 0 0 0 0 0 0 0 0 0 0 0 0 0 0 0 0 0 0 0 0 0 0 0 0 0 0 0 0 0 0 0 0 0 0 0 0 0 0 0 0 0 0 0 0 0 0 0 0 0 0 0 0 0 0 17 0 0 0 0 0 0 0 0 0 0 0 0 0 0 0 1 0 0 0 0 0 0 0 0 0 0 0 0 0 0 0 136 1 0 0 225 102 1 0 1 0 0 0 0 0 0 0 0 0 0 0 2 0 0 0 0 0 3 0 2 0 0 0 48 0 0 0 255 255 255 255 5 0 4 0 0 0 0 0 data 6 0x40005 0x0 0x2e7b750 0x2cdc 0x0 0x0 oops 1 2 java/lang/Class
ciMethodData net/bytebuddy/description/type/TypeDescription$ForLoadedType isArray ()Z 2 13795 orig 264 104 163 68 81 0 0 0 0 48 189 13 29 0 0 0 0 120 1 0 0 0 0 0 0 0 0 0 0 0 0 0 0 0 0 0 0 0 0 0 0 0 0 0 0 0 0 0 0 0 0 0 0 0 0 0 0 0 0 0 0 0 0 0 0 0 0 0 0 0 0 0 0 0 0 0 0 0 0 0 0 77 68 79 32 101 120 116 114 97 32 100 97 116 97 32 108 111 99 107 0 0 0 0 0 0 0 0 0 0 0 0 0 0 0 0 0 0 0 0 0 0 0 0 0 0 0 0 0 0 0 0 0 0 0 0 0 0 0 0 0 0 0 0 0 0 0 0 0 0 0 0 0 0 0 0 0 0 0 0 0 0 0 0 0 0 0 0 0 0 0 0 0 0 0 0 0 0 0 0 0 0 0 0 0 0 0 0 0 0 0 0 0 0 0 0 0 0 0 0 0 0 0 0 0 0 0 0 0 0 0 0 0 0 0 0 0 134 1 0 0 233 162 1 0 1 0 0 0 0 0 0 0 0 0 0 0 2 0 0 0 0 0 3 0 2 0 0 0 48 0 0 0 255 255 255 255 5 0 4 0 0 0 0 0 data 6 0x40005 0x5 0x2e7b750 0x3458 0x0 0x0 oops 1 2 java/lang/Class
ciMethodData net/bytebuddy/description/ModifierReviewable$AbstractBase isInterface ()Z 2 10456 orig 264 104 163 68 81 0 0 0 0 40 121 10 29 0 0 0 0 48 1 0 0 0 0 0 0 0 0 0 0 0 0 0 0 0 0 0 0 0 0 0 0 0 0 0 0 0 0 0 0 0 0 0 0 0 0 0 0 0 0 0 0 0 0 0 0 0 0 0 0 0 0 0 0 0 0 0 0 0 0 0 0 77 68 79 32 101 120 116 114 97 32 100 97 116 97 32 108 111 99 107 0 0 0 0 0 0 0 0 0 0 0 0 0 0 0 0 0 0 0 0 0 0 0 0 0 0 0 0 0 0 0 0 0 0 0 0 0 0 0 0 0 0 0 0 0 0 0 0 0 0 0 0 0 0 0 0 0 0 0 0 0 0 0 0 0 0 0 0 0 0 0 0 0 0 0 0 0 0 0 0 0 0 0 0 0 0 0 0 0 0 0 0 0 0 0 0 0 0 0 0 0 0 0 0 0 0 0 0 0 0 0 0 0 0 0 0 0 10 1 0 0 113 62 1 0 1 0 0 0 0 0 0 0 0 0 0 0 2 0 0 0 0 0 7 0 2 0 0 0 16 0 0 0 255 255 255 255 2 0 4 0 0 0 0 0 data 2 0x40002 0x27ce oops 0
ciMethod net/bytebuddy/description/type/TypeList$ForLoadedTypes <init> ([Ljava/lang/Class;)V 3249 1 9439 0 -1
ciMethodData net/bytebuddy/description/type/TypeDescription$ForLoadedType isAssignableFrom (Lnet/bytebuddy/description/type/TypeDescription;)Z 2 20424 orig 264 104 163 68 81 0 0 0 0 176 183 13 29 0 0 0 0 104 2 0 0 0 0 0 0 0 0 0 0 0 0 0 0 0 0 0 0 0 0 0 0 0 0 0 0 0 0 0 0 0 0 0 0 0 0 0 0 0 0 0 0 0 0 0 0 0 0 0 0 0 0 0 0 0 0 0 0 0 0 0 0 77 68 79 32 101 120 116 114 97 32 100 97 116 97 32 108 111 99 107 0 0 0 0 0 0 0 0 0 0 0 0 0 0 0 0 0 0 0 0 0 0 0 0 0 0 0 0 0 0 0 0 0 0 0 0 0 0 0 0 0 0 0 0 0 1 0 0 0 0 0 0 0 0 0 0 0 0 0 0 0 0 0 0 0 4 0 0 0 0 0 0 0 0 0 0 0 0 0 0 0 0 0 0 0 17 0 0 0 0 0 0 0 0 0 0 0 0 0 0 0 0 0 0 0 0 0 0 0 0 0 0 0 0 0 0 0 1 1 0 0 57 118 2 0 1 0 0 0 0 0 0 0 0 0 0 0 2 0 0 0 0 0 12 0 2 0 0 0 24 1 0 0 255 255 255 255 4 192 1 0 0 0 0 0 data 35 0x1c004 0xffffffffffffffcf 0x1b145090 0x4e9a 0x1b145940 0x14 0x40007 0x31 0xa0 0x4e9a 0xc0004 0x0 0x1b145090 0x4e9a 0x0 0x0 0x120005 0x22 0x2e7b750 0x4e78 0x0 0x0 0x150007 0x48 0x50 0x4e52 0x1a0002 0x4e83 0x1d0007 0x4e53 0x38 0x30 0x210003 0x78 0x18 oops 4 2 net/bytebuddy/description/type/TypeDescription$ForLoadedType 4 net/bytebuddy/dynamic/scaffold/InstrumentedType$Default 12 net/bytebuddy/description/type/TypeDescription$ForLoadedType 18 java/lang/Class
ciMethodData net/bytebuddy/description/type/TypeDescription$AbstractBase isAssignableFrom (Lnet/bytebuddy/description/type/TypeDescription;)Z 2 20318 orig 264 104 163 68 81 0 0 0 0 16 243 13 29 0 0 0 0 96 1 0 0 0 0 0 0 0 0 0 0 0 0 0 0 0 0 0 0 0 0 0 0 0 0 0 0 0 0 0 0 0 0 0 0 0 0 0 0 0 0 0 0 0 0 0 0 0 0 0 0 0 0 0 0 0 0 0 0 0 0 0 0 77 68 79 32 101 120 116 114 97 32 100 97 116 97 32 108 111 99 107 0 0 0 0 0 0 0 0 0 0 0 0 0 0 0 0 0 0 0 0 0 0 0 0 0 0 0 0 0 0 0 0 0 0 0 0 0 0 0 0 0 0 0 0 0 0 0 0 0 0 0 0 0 0 0 0 0 0 0 0 0 0 0 0 0 0 0 0 0 0 0 0 0 0 0 0 0 0 0 0 0 0 0 0 0 17 0 0 0 0 0 0 0 0 0 0 0 0 0 0 0 0 0 0 0 0 0 0 0 0 0 0 0 0 0 0 0 222 0 0 0 1 116 2 0 1 0 0 0 0 0 0 0 0 0 0 0 2 0 0 0 0 0 0 0 0 0 0 0 16 0 0 0 255 255 255 255 2 0 2 0 0 0 0 0 data 2 0x20002 0x4e80 oops 0
ciMethodData net/bytebuddy/description/type/TypeDescription$AbstractBase isAssignable (Lnet/bytebuddy/description/type/TypeDescription;Lnet/bytebuddy/description/type/TypeDescription;)Z 2 31241 orig 264 104 163 68 81 0 0 0 0 168 241 13 29 0 0 0 0 48 7 0 0 80 0 0 0 0 0 0 0 0 0 0 0 0 0 0 0 0 0 0 0 0 0 0 0 0 0 0 0 0 0 0 0 0 0 0 0 0 0 0 0 0 0 0 0 0 0 0 0 0 0 0 0 0 0 0 0 0 0 0 0 77 68 79 32 101 120 116 114 97 32 100 97 116 97 32 108 111 99 107 0 0 0 0 0 0 0 0 0 0 0 0 0 0 0 0 0 0 0 0 0 0 0 0 0 0 0 0 0 0 0 0 0 0 0 0 0 0 0 0 0 0 0 0 0 1 0 0 0 0 0 0 0 0 0 0 0 0 0 0 0 0 0 0 0 4 0 0 0 0 0 0 0 0 0 0 0 0 0 0 0 0 0 0 0 0 0 0 0 0 0 0 0 0 0 0 0 0 0 0 0 0 0 0 0 0 0 0 0 0 0 0 0 0 0 0 0 43 1 0 0 241 198 3 0 121 61 2 0 0 0 0 0 0 0 0 0 2 0 0 0 1 0 33 0 2 0 0 0 224 5 0 0 255 255 255 255 5 0 2 0 0 0 0 0 data 188 0x20005 0x0 0x1b145090 0x78de 0x0 0x0 0x50007 0x78da 0x20 0x4 0xbc005 0x2 0x1b145090 0x78a7 0x1b145940 0x35 0x100007 0x78d8 0x1e0 0x6 0x140005 0x0 0x1b145090 0x6 0x0 0x0 0x190007 0x6 0xa8 0x0 0x1d0005 0x0 0x0 0x0 0x0 0x0 0x230005 0x0 0x0 0x0 0x0 0x0 0x280002 0x0 0x2b0003 0x0 0x100 0x310005 0x0 0x1b145090 0x6 0x0 0x0 0x360007 0x0 0xa0 0x6 0x3d0005 0x0 0x1b145090 0x6 0x0 0x0 0x420005 0x0 0x1bcc20f0 0x6 0x0 0x0 0x470007 0x6 0x38 0x0 0x4b0003 0x0 0x18 0x530005 0x0 0x1b145090 0x78d8 0x0 0x0 0x580007 0x78bb 0x88 0x1d 0x5c0005 0x0 0x1b145940 0x1d 0x0 0x0 0x610007 0x0 0x38 0x1d 0x650003 0x1d 0x18 0x6b0005 0x0 0x1b145090 0x78a3 0x1b145940 0x18 0x720007 0x6995 0xa0 0xf26 0x770005 0x0 0x1b1459f0 0xf0e 0x1b145aa0 0x18 0x7c0005 0x0 0x1b145090 0xf26 0x0 0x0 0x810007 0xf0f 0x20 0x17 0x870005 0x0 0x1b145090 0x78a4 0x0 0x0 0x8c0007 0xdf1 0x1c8 0x6ab3 0x900005 0x0 0x1b145090 0x6ab3 0x0 0x0 0x950005 0x0 0x1b145b50 0x6ab3 0x0 0x0 0x9a0005 0x0 0x1b145c00 0x6ab3 0x0 0x0 0xa10005 0x0 0x1b145cb0 0xb262 0x0 0x0 0xa60007 0x6ab3 0xe8 0x47af 0xaa0005 0x0 0x1b145cb0 0x47af 0x0 0x0 0xaf0004 0x0 0x1b145090 0x47af 0x0 0x0 0xb70005 0x0 0x1b145090 0x47af 0x0 0x0 0xbc0007 0x47af 0x20 0x0 0xc10003 0x47af 0xffffffffffffff00 oops 22 2 net/bytebuddy/description/type/TypeDescription$ForLoadedType 12 net/bytebuddy/description/type/TypeDescription$ForLoadedType 14 net/bytebuddy/dynamic/scaffold/InstrumentedType$Default 22 net/bytebuddy/description/type/TypeDescription$ForLoadedType 49 net/bytebuddy/description/type/TypeDescription$ForLoadedType 59 net/bytebuddy/description/type/TypeDescription$ForLoadedType 65 net/bytebuddy/description/type/TypeList$Generic$ForLoadedTypes 78 net/bytebuddy/description/type/TypeDescription$ForLoadedType 88 net/bytebuddy/dynamic/scaffold/InstrumentedType$Default 101 net/bytebuddy/description/type/TypeDescription$ForLoadedType 103 net/bytebuddy/dynamic/scaffold/InstrumentedType$Default 111 net/bytebuddy/description/type/TypeDescription$Generic$LazyProjection$ForLoadedSuperClass 113 net/bytebuddy/description/type/TypeDescription$Generic$LazyProjection$WithResolvedErasure 117 net/bytebuddy/description/type/TypeDescription$ForLoadedType 127 net/bytebuddy/description/type/TypeDescription$ForLoadedType 137 net/bytebuddy/description/type/TypeDescription$ForLoadedType 143 net/bytebuddy/description/type/TypeList$Generic$OfLoadedInterfaceTypes 149 net/bytebuddy/description/type/TypeList$ForLoadedTypes 155 java/util/AbstractList$Itr 165 java/util/AbstractList$Itr 171 net/bytebuddy/description/type/TypeDescription$ForLoadedType 177 net/bytebuddy/description/type/TypeDescription$ForLoadedType
ciMethodData net/bytebuddy/description/type/TypeDescription$ForLoadedType getSuperClass ()Lnet/bytebuddy/description/type/TypeDescription$Generic; 2 11903 orig 264 104 163 68 81 0 0 0 0 96 191 13 29 0 0 0 0 136 2 0 0 24 1 0 0 0 0 0 0 0 0 0 0 0 0 0 0 0 0 0 0 0 0 0 0 0 0 0 0 0 0 0 0 0 0 0 0 0 0 0 0 0 0 0 0 0 0 0 0 0 0 0 0 0 0 0 0 0 0 0 0 77 68 79 32 101 120 116 114 97 32 100 97 116 97 32 108 111 99 107 0 0 0 0 0 0 0 0 0 0 0 0 0 0 0 0 0 0 0 0 0 0 0 0 0 0 0 0 0 0 0 0 0 0 0 0 0 0 0 0 0 0 0 0 0 0 0 0 0 0 0 0 0 0 0 0 0 0 0 0 0 0 0 0 0 0 0 0 0 0 0 0 0 0 0 0 0 0 0 0 0 0 0 0 0 0 0 0 0 0 0 0 0 0 0 0 0 0 0 0 0 0 0 0 0 0 0 0 0 0 0 0 0 0 0 0 0 146 1 0 0 105 103 1 0 1 0 0 0 0 0 0 0 0 0 0 0 2 0 0 0 0 0 7 0 2 0 0 0 64 1 0 0 255 255 255 255 7 0 3 0 0 0 0 0 data 40 0x30007 0x2ced 0xc8 0x0 0xa0005 0x0 0x0 0x0 0x0 0x0 0xd0007 0x0 0x38 0x0 0x130003 0x0 0x58 0x1a0005 0x0 0x0 0x0 0x0 0x0 0x1d0002 0x0 0x250005 0x16 0x2e7b750 0x2cd7 0x0 0x0 0x280007 0x707 0x38 0x25e6 0x2e0003 0x25e6 0x28 0x390002 0x707 oops 1 27 java/lang/Class
ciMethodData net/bytebuddy/description/type/TypeDescription$Generic$LazyProjection$ForLoadedSuperClass <init> (Ljava/lang/Class;)V 2 1933 orig 264 104 163 68 81 0 0 0 0 32 182 25 29 0 0 0 0 56 1 0 0 0 0 0 0 0 0 0 0 0 0 0 0 0 0 0 0 0 0 0 0 0 0 0 0 0 0 0 0 0 0 0 0 0 0 0 0 0 0 0 0 0 0 0 0 0 0 0 0 0 0 0 0 0 0 0 0 0 0 0 0 77 68 79 32 101 120 116 114 97 32 100 97 116 97 32 108 111 99 107 0 0 0 0 0 0 0 0 0 0 0 0 0 0 0 0 0 0 0 0 0 0 0 0 0 0 0 0 0 0 0 0 0 0 0 0 0 0 0 0 0 0 0 0 0 0 0 0 0 0 0 0 0 0 0 0 0 0 0 0 0 0 0 0 0 0 0 0 0 0 0 0 0 0 0 0 0 0 0 0 0 0 0 0 0 0 0 0 0 0 0 0 0 0 0 0 0 0 0 0 0 0 0 0 0 0 0 0 0 0 0 0 0 0 0 0 0 136 0 0 0 41 56 0 0 1 0 0 0 0 0 0 0 0 0 0 0 2 0 0 0 0 0 0 0 0 0 0 0 16 0 0 0 255 255 255 255 2 0 1 0 0 0 0 0 data 2 0x10002 0x705 oops 0
ciMethodData net/bytebuddy/description/type/TypeDescription$Generic$LazyProjection$WithLazyNavigation$OfAnnotatedElement <init> ()V 2 1995 orig 264 104 163 68 81 0 0 0 0 136 188 25 29 0 0 0 0 48 1 0 0 0 0 0 0 0 0 0 0 0 0 0 0 0 0 0 0 0 0 0 0 0 0 0 0 0 0 0 0 0 0 0 0 0 0 0 0 0 0 0 0 0 0 0 0 0 0 0 0 0 0 0 0 0 0 0 0 0 0 0 0 77 68 79 32 101 120 116 114 97 32 100 97 116 97 32 108 111 99 107 0 0 0 0 0 0 0 0 0 0 0 0 0 0 0 0 0 0 0 0 0 0 0 0 0 0 0 0 0 0 0 0 0 0 0 0 0 0 0 0 0 0 0 0 0 0 0 0 0 0 0 0 0 0 0 0 0 0 0 0 0 0 0 0 0 0 0 0 0 0 0 0 0 0 0 0 0 0 0 0 0 0 0 0 0 1 0 0 0 0 0 0 0 0 0 0 0 0 0 0 0 1 0 0 0 0 0 0 0 0 0 0 0 0 0 0 0 179 0 0 0 193 56 0 0 1 0 0 0 0 0 0 0 0 0 0 0 2 0 0 0 0 0 0 0 0 0 0 0 16 0 0 0 255 255 255 255 2 0 1 0 0 0 0 0 data 2 0x10002 0x718 oops 0
ciMethodData net/bytebuddy/description/type/TypeDescription$Generic$LazyProjection$WithLazyNavigation <init> ()V 2 1995 orig 264 104 163 68 81 0 0 0 0 56 194 25 29 0 0 0 0 48 1 0 0 0 0 0 0 0 0 0 0 0 0 0 0 0 0 0 0 0 0 0 0 0 0 0 0 0 0 0 0 0 0 0 0 0 0 0 0 0 0 0 0 0 0 0 0 0 0 0 0 0 0 0 0 0 0 0 0 0 0 0 0 77 68 79 32 101 120 116 114 97 32 100 97 116 97 32 108 111 99 107 0 0 0 0 0 0 0 0 0 0 0 0 0 0 0 0 0 0 0 0 0 0 0 0 0 0 0 0 0 0 0 0 0 0 0 0 0 0 0 0 0 0 0 0 0 0 0 0 0 0 0 0 0 0 0 0 0 0 0 0 0 0 0 0 0 0 0 0 0 0 0 0 0 0 0 0 0 0 0 0 0 0 0 0 0 1 0 0 0 0 0 0 0 0 0 0 0 0 0 0 0 1 0 0 0 0 0 0 0 0 0 0 0 0 0 0 0 181 0 0 0 177 56 0 0 1 0 0 0 0 0 0 0 0 0 0 0 2 0 0 0 0 0 0 0 0 0 0 0 16 0 0 0 255 255 255 255 2 0 1 0 0 0 0 0 data 2 0x10002 0x716 oops 0
ciMethodData net/bytebuddy/description/type/TypeDescription$ForLoadedType getInterfaces ()Lnet/bytebuddy/description/type/TypeList$Generic; 2 10388 orig 264 104 163 68 81 0 0 0 0 64 192 13 29 0 0 0 0 136 2 0 0 24 1 0 0 0 0 0 0 0 0 0 0 0 0 0 0 0 0 0 0 0 0 0 0 0 0 0 0 0 0 0 0 0 0 0 0 0 0 0 0 0 0 0 0 0 0 0 0 0 0 0 0 0 0 0 0 0 0 0 0 77 68 79 32 101 120 116 114 97 32 100 97 116 97 32 108 111 99 107 0 0 0 0 0 0 0 0 0 0 0 0 0 0 0 0 0 0 0 0 0 0 0 0 0 0 0 0 0 0 0 0 0 0 0 0 0 0 0 0 0 0 0 0 0 0 0 0 0 0 0 0 0 0 0 0 0 0 0 0 0 0 0 0 0 0 0 0 0 0 0 0 0 0 0 0 0 0 0 0 0 0 0 0 0 0 0 0 0 0 0 0 0 0 0 0 0 0 0 0 0 0 0 0 0 0 0 0 0 0 0 0 0 0 0 0 0 0 2 0 0 161 52 1 0 1 0 0 0 0 0 0 0 0 0 0 0 2 0 0 0 0 0 7 0 2 0 0 0 64 1 0 0 255 255 255 255 7 0 3 0 0 0 0 0 data 40 0x30007 0x2694 0xc8 0x0 0x70005 0x0 0x0 0x0 0x0 0x0 0xa0007 0x0 0x38 0x0 0x100003 0x0 0x58 0x1b0005 0x0 0x0 0x0 0x0 0x0 0x1e0002 0x0 0x230005 0x0 0x1b145090 0x2694 0x0 0x0 0x260007 0x2694 0x38 0x0 0x2c0003 0x0 0x28 0x370002 0x2694 oops 1 27 net/bytebuddy/description/type/TypeDescription$ForLoadedType
ciMethodData net/bytebuddy/description/type/TypeList$Generic$OfLoadedInterfaceTypes <init> (Ljava/lang/Class;)V 2 10388 orig 264 104 163 68 81 0 0 0 0 120 68 26 29 0 0 0 0 56 1 0 0 0 0 0 0 0 0 0 0 0 0 0 0 0 0 0 0 0 0 0 0 0 0 0 0 0 0 0 0 0 0 0 0 0 0 0 0 0 0 0 0 0 0 0 0 0 0 0 0 0 0 0 0 0 0 0 0 0 0 0 0 77 68 79 32 101 120 116 114 97 32 100 97 116 97 32 108 111 99 107 0 0 0 0 0 0 0 0 0 0 0 0 0 0 0 0 0 0 0 0 0 0 0 0 0 0 0 0 0 0 0 0 0 0 0 0 0 0 0 0 0 0 0 0 0 0 0 0 0 0 0 0 0 0 0 0 0 0 0 0 0 0 0 0 0 0 0 0 0 0 0 0 0 0 0 0 0 0 0 0 0 0 0 0 0 0 0 0 0 0 0 0 0 0 0 0 0 0 0 0 0 0 0 0 0 0 0 0 0 0 0 0 0 0 0 0 0 0 2 0 0 161 52 1 0 1 0 0 0 0 0 0 0 0 0 0 0 2 0 0 0 0 0 3 0 2 0 0 0 16 0 0 0 255 255 255 255 2 0 1 0 0 0 0 0 data 2 0x10002 0x2694 oops 0
ciMethodData net/bytebuddy/description/type/TypeDescription$Generic$LazyProjection$ForLoadedSuperClass asErasure ()Lnet/bytebuddy/description/type/TypeDescription; 2 3942 orig 264 104 163 68 81 0 0 0 0 0 184 25 29 0 0 0 0 192 1 0 0 80 0 0 0 0 0 0 0 0 0 0 0 0 0 0 0 0 0 0 0 0 0 0 0 0 0 0 0 0 0 0 0 0 0 0 0 0 0 0 0 0 0 0 0 0 0 0 0 0 0 0 0 0 0 0 0 0 0 0 0 77 68 79 32 101 120 116 114 97 32 100 97 116 97 32 108 111 99 107 0 0 0 0 0 0 0 0 0 0 0 0 0 0 0 0 0 0 0 0 0 0 0 0 0 0 0 0 0 0 0 0 0 0 0 0 0 0 0 0 0 0 0 0 0 0 0 0 0 0 0 0 0 0 0 0 0 0 0 0 0 0 0 0 0 0 0 0 0 0 0 0 0 0 0 0 0 0 0 0 0 0 0 0 0 0 0 0 0 0 0 0 0 0 0 0 0 0 0 0 0 0 0 0 0 0 0 0 0 0 0 0 0 0 0 0 0 1 1 0 0 41 115 0 0 1 0 0 0 0 0 0 0 0 0 0 0 2 0 0 0 0 0 17 0 2 0 0 0 120 0 0 0 255 255 255 255 5 0 4 0 0 0 0 0 data 15 0x40005 0x10 0x2e7b750 0xe55 0x0 0x0 0x90007 0xe65 0x38 0x0 0xf0003 0x0 0x28 0x130002 0xe65 oops 1 2 java/lang/Class
ciMethodData net/bytebuddy/description/type/TypeDescription$ForLoadedType asGenericType ()Lnet/bytebuddy/description/type/TypeDescription$Generic; 1 1154 orig 264 104 163 68 81 0 0 0 0 40 208 13 29 0 0 0 0 88 1 0 0 0 0 0 0 0 0 0 0 0 0 0 0 0 0 0 0 0 0 0 0 0 0 0 0 0 0 0 0 0 0 0 0 0 0 0 0 0 0 0 0 0 0 0 0 0 0 0 0 0 0 0 0 0 0 0 0 0 0 0 0 77 68 79 32 101 120 116 114 97 32 100 97 116 97 32 108 111 99 107 0 0 0 0 0 0 0 0 0 0 0 0 0 0 0 0 0 0 0 0 0 0 0 0 0 0 0 0 0 0 0 0 0 0 0 0 0 0 0 0 0 0 0 0 0 0 0 0 0 0 0 0 0 0 0 0 0 0 0 0 0 0 0 0 0 0 0 0 0 0 0 0 0 0 0 0 0 0 0 0 0 0 0 0 0 0 0 0 0 0 0 0 0 0 0 0 0 0 0 0 0 0 0 0 0 0 0 0 0 0 0 0 0 0 0 0 0 140 1 0 0 177 23 0 0 1 0 0 0 0 0 0 0 0 0 0 0 2 0 0 0 0 0 15 0 2 0 0 0 16 0 0 0 255 255 255 255 2 0 4 0 0 0 0 0 data 2 0x40002 0x2f6 oops 0
instanceKlass net/serenitybdd/screenplay/actions/type/RenderEnteredText$$Lambda$383
instanceKlass net/bytebuddy/implementation/bytecode/assign/TypeCasting
instanceKlass net/thucydides/core/model/TestResultComparison
instanceKlass net/thucydides/core/webdriver/WebdriverInstances$$Lambda$382
instanceKlass net/thucydides/core/webdriver/WebdriverInstances$$Lambda$381
instanceKlass net/thucydides/core/webdriver/WebdriverInstances$$Lambda$380
instanceKlass net/thucydides/core/model/TestResultList$AuthorisedResults
instanceKlass net/thucydides/core/model/TestResultList
instanceKlass net/thucydides/core/model/TestOutcome$$Lambda$379
instanceKlass net/thucydides/core/steps/BaseStepListener$$Lambda$378
instanceKlass net/thucydides/core/steps/StepInterceptor$$Lambda$377
instanceKlass java/time/LocalTime$1
instanceKlass java/time/temporal/TemporalQueries$$Lambda$376
instanceKlass java/time/temporal/TemporalQueries$$Lambda$375
instanceKlass java/time/temporal/TemporalQueries$$Lambda$374
instanceKlass sun/nio/ch/FileDispatcherImpl$1
instanceKlass java/time/temporal/TemporalQueries$$Lambda$373
instanceKlass sun/nio/ch/NativeDispatcher
instanceKlass java/time/temporal/TemporalQueries$$Lambda$372
instanceKlass java/time/temporal/TemporalQueries$$Lambda$371
instanceKlass sun/nio/ch/NativeThreadSet
instanceKlass java/time/temporal/TemporalQueries$$Lambda$370
instanceKlass java/time/temporal/TemporalQuery
instanceKlass java/time/temporal/TemporalQueries
instanceKlass sun/nio/ch/IOUtil$1
instanceKlass java/time/OffsetDateTime
instanceKlass sun/nio/ch/IOUtil
instanceKlass net/thucydides/core/steps/BaseStepListener$$Lambda$369
instanceKlass java/nio/channels/AsynchronousFileChannel
instanceKlass java/nio/channels/AsynchronousChannel
instanceKlass java/nio/channels/FileLock
instanceKlass java/nio/file/TempFileHelper
instanceKlass com/google/common/jimfs/BasicAttributeProvider$Attributes
instanceKlass net/serenitybdd/core/photography/ScreenshotNegative$ScreenshotNegativeBuilder
instanceKlass com/google/common/base/Functions
instanceKlass com/google/common/jimfs/Options
instanceKlass com/google/common/collect/MapMakerInternalMap$AbstractStrongKeyEntry
instanceKlass com/google/common/collect/MapMakerInternalMap$WeakValueEntry
instanceKlass com/google/common/collect/MapMakerInternalMap$StrongKeyWeakValueEntry$Helper
instanceKlass com/google/common/collect/MapMakerInternalMap$InternalEntry
instanceKlass com/google/common/collect/MapMakerInternalMap$1
instanceKlass com/google/common/collect/MapMakerInternalMap$InternalEntryHelper
instanceKlass com/google/common/collect/MapMakerInternalMap$WeakValueReference
instanceKlass com/google/common/collect/MapMaker
instanceKlass com/google/common/jimfs/FileLookup
instanceKlass java/nio/file/SecureDirectoryStream
instanceKlass com/google/common/jimfs/FileSystemView
instanceKlass com/google/common/jimfs/FileTree
instanceKlass com/google/common/jimfs/Util
instanceKlass com/google/common/jimfs/DirectoryEntry
instanceKlass java/nio/file/WatchKey
instanceKlass com/google/common/jimfs/JimfsPath
instanceKlass com/google/common/collect/AbstractIterator$1
instanceKlass com/google/common/collect/FluentIterable
instanceKlass com/google/common/jimfs/FileFactory$RegularFileSupplier
instanceKlass com/google/common/jimfs/FileFactory$DirectorySupplier
instanceKlass com/google/common/jimfs/FileFactory
instanceKlass java/util/concurrent/locks/ReentrantReadWriteLock$WriteLock
instanceKlass java/util/concurrent/locks/ReentrantReadWriteLock$ReadLock
instanceKlass java/util/concurrent/locks/ReentrantReadWriteLock
instanceKlass java/util/concurrent/locks/ReadWriteLock
instanceKlass com/google/common/collect/Table
instanceKlass com/google/common/math/LongMath
instanceKlass com/google/common/jimfs/HeapDisk
instanceKlass java/nio/file/attribute/UserDefinedFileAttributeView
instanceKlass java/nio/file/attribute/AclFileAttributeView
instanceKlass java/nio/file/attribute/DosFileAttributeView
instanceKlass java/nio/file/attribute/PosixFilePermissions
instanceKlass java/nio/file/attribute/PosixFileAttributeView
instanceKlass java/nio/file/attribute/PosixFileAttributes
instanceKlass com/google/common/jimfs/UserLookupService$NamedPrincipal
instanceKlass java/nio/file/attribute/GroupPrincipal
instanceKlass java/nio/file/attribute/UserPrincipalLookupService
instanceKlass java/nio/file/attribute/FileOwnerAttributeView
instanceKlass com/google/common/jimfs/AttributeProvider
instanceKlass com/google/common/jimfs/StandardAttributeProviders
instanceKlass com/google/common/jimfs/AttributeService
instanceKlass com/google/common/jimfs/FileSystemState
instanceKlass com/google/common/jimfs/PathService$1
instanceKlass com/google/common/jimfs/Name$2
instanceKlass com/google/common/jimfs/Name$1
instanceKlass com/google/common/jimfs/Name
instanceKlass com/google/common/jimfs/PathService
instanceKlass com/google/common/jimfs/JimfsFileSystems$1
instanceKlass java/nio/file/spi/FileSystemProvider$1
instanceKlass com/google/common/jimfs/File
instanceKlass com/google/common/jimfs/JimfsFileSystems
instanceKlass java/nio/channels/spi/AbstractInterruptibleChannel
instanceKlass java/nio/channels/InterruptibleChannel
instanceKlass java/nio/channels/ScatteringByteChannel
instanceKlass java/nio/channels/GatheringByteChannel
instanceKlass com/google/common/jimfs/Jimfs
instanceKlass com/google/common/jimfs/PathType$ParseResult
instanceKlass com/google/common/jimfs/AbstractWatchService
instanceKlass java/nio/file/WatchService
instanceKlass com/google/common/jimfs/WatchServiceConfiguration
instanceKlass com/google/common/jimfs/Configuration$Builder
instanceKlass com/google/common/jimfs/PathType
instanceKlass com/google/common/jimfs/Configuration$UnixHolder
instanceKlass com/google/common/jimfs/Configuration
instanceKlass org/apache/commons/codec/Charsets
instanceKlass org/apache/commons/codec/binary/Hex
instanceKlass org/apache/commons/codec/BinaryDecoder
instanceKlass org/apache/commons/codec/Decoder
instanceKlass org/apache/commons/codec/BinaryEncoder
instanceKlass org/apache/commons/codec/Encoder
instanceKlass org/apache/commons/codec/digest/DigestUtils
instanceKlass org/openqa/selenium/OutputType$3
instanceKlass org/openqa/selenium/OutputType$2
instanceKlass org/openqa/selenium/OutputType$1
instanceKlass org/openqa/selenium/OutputType
instanceKlass net/thucydides/core/annotations/BlurScreenshots
instanceKlass net/thucydides/core/steps/BaseStepListener$$Lambda$368
instanceKlass net/thucydides/core/screenshots/ScreenshotAndHtmlSource
instanceKlass net/thucydides/core/model/screenshots/ScreenshotPermission$TakeScreenshotsComparer
instanceKlass net/thucydides/core/model/screenshots/ScreenshotPreferencesByClass$ScreenshotPreferencesByClassBuilder
instanceKlass net/thucydides/core/model/screenshots/ScreenshotPreferencesByClass
instanceKlass net/thucydides/core/annotations/Screenshots
instanceKlass org/junit/runner/Computer
instanceKlass net/thucydides/core/steps/BaseStepListener$StepMerger
instanceKlass net/thucydides/core/steps/TestFailureCause
instanceKlass net/thucydides/core/model/stacktrace/FailureCause
instanceKlass net/thucydides/core/reflection/StackTraceAnalyser
instanceKlass net/thucydides/core/model/screenshots/ScreenshotPermission
instanceKlass net/thucydides/core/model/TestStep$$Lambda$367
instanceKlass net/thucydides/core/model/TestOutcome$$Lambda$366
instanceKlass net/thucydides/core/steps/TestResultTally
instanceKlass net/thucydides/core/annotations/WhenPageOpens
instanceKlass net/thucydides/core/annotations/At
instanceKlass org/openqa/selenium/remote/internal/WebElementToJsonConverter
instanceKlass net/thucydides/core/pages/jquery/JQueryEnabledPage
instanceKlass net/thucydides/core/webdriver/stubs/WebDriverStub
instanceKlass net/thucydides/core/webdriver/javascript/JavascriptSupport
instanceKlass net/thucydides/core/webdriver/redimension/MaximizeRedimensioner
instanceKlass net/thucydides/core/webdriver/redimension/ResizeRedimensioner
instanceKlass net/thucydides/core/webdriver/redimension/NoopRedimensioner
instanceKlass net/thucydides/core/webdriver/redimension/Redimensioner
instanceKlass net/thucydides/core/webdriver/redimension/RedimensionConfiguration
instanceKlass org/openqa/selenium/json/JsonInput$$Lambda$365
instanceKlass org/openqa/selenium/remote/RemoteWebDriver$RemoteWebDriverOptions$RemoteTimeouts
instanceKlass org/openqa/selenium/WebDriver$Timeouts
instanceKlass org/openqa/selenium/WebDriver$ImeHandler
instanceKlass org/openqa/selenium/WebDriver$Window
instanceKlass org/openqa/selenium/remote/RemoteWebDriver$RemoteWebDriverOptions
instanceKlass net/serenitybdd/core/webdriver/driverproviders/EnhanceDriver$$Lambda$364
instanceKlass org/openqa/selenium/remote/mobile/RemoteNetworkConnection
instanceKlass org/openqa/selenium/remote/RemoteTouchScreen
instanceKlass org/openqa/selenium/html5/SessionStorage
instanceKlass org/openqa/selenium/html5/LocalStorage
instanceKlass org/openqa/selenium/remote/html5/RemoteWebStorage
instanceKlass org/openqa/selenium/remote/html5/RemoteLocationContext
instanceKlass org/openqa/selenium/remote/RemoteWebElement
instanceKlass org/openqa/selenium/internal/HasIdentity
instanceKlass org/openqa/selenium/WrapsDriver
instanceKlass org/openqa/selenium/remote/http/AbstractHttpResponseCodec
instanceKlass org/openqa/selenium/interactions/KeyInput
instanceKlass java/util/UUID$Holder
instanceKlass org/openqa/selenium/interactions/Interaction
instanceKlass org/openqa/selenium/interactions/PointerInput
instanceKlass org/openqa/selenium/interactions/Encodable
instanceKlass org/openqa/selenium/remote/http/AbstractHttpCommandCodec$CommandSpec
instanceKlass org/openqa/selenium/interactions/InputSource
instanceKlass org/openqa/selenium/remote/http/AbstractHttpCommandCodec
instanceKlass org/openqa/selenium/remote/ProtocolHandshake$Result$$Lambda$363
instanceKlass org/openqa/selenium/remote/W3CHandshakeResponse$$Lambda$362
instanceKlass org/openqa/selenium/remote/W3CHandshakeResponse$$Lambda$361
instanceKlass org/openqa/selenium/remote/JsonWireProtocolResponse$$Lambda$360
instanceKlass org/openqa/selenium/remote/JsonWireProtocolResponse$$Lambda$359
instanceKlass org/openqa/selenium/remote/ProtocolHandshake$$Lambda$358
instanceKlass org/openqa/selenium/remote/ProtocolHandshake$$Lambda$357
instanceKlass org/openqa/selenium/remote/W3CHandshakeResponse
instanceKlass org/openqa/selenium/remote/HandshakeResponse$$Lambda$356
instanceKlass org/openqa/selenium/remote/ProtocolHandshake$Result
instanceKlass org/openqa/selenium/remote/JsonWireProtocolResponse
instanceKlass org/openqa/selenium/remote/HandshakeResponse
instanceKlass org/openqa/selenium/remote/InitialHandshakeResponse
instanceKlass java/math/MathContext
instanceKlass org/openqa/selenium/json/NumberCoercer$1
instanceKlass org/openqa/selenium/json/NumberCoercer$$Lambda$355
instanceKlass com/google/common/net/MediaType$Tokenizer
instanceKlass org/openqa/selenium/remote/internal/OkHttpClient$$Lambda$354
instanceKlass org/openqa/selenium/remote/internal/OkHttpClient$$Lambda$353
instanceKlass okhttp3/internal/http1/Http1Codec$AbstractSource
instanceKlass okhttp3/internal/http/HttpHeaders
instanceKlass okhttp3/Response$Builder
instanceKlass okhttp3/internal/http/StatusLine
instanceKlass okhttp3/internal/http1/Http1Codec$FixedLengthSink
instanceKlass okio/ForwardingSink
instanceKlass okio/Segment
instanceKlass okio/SegmentPool
instanceKlass okhttp3/internal/http/RequestLine
instanceKlass okhttp3/internal/http1/Http1Codec
instanceKlass okio/RealBufferedSink
instanceKlass okio/AsyncTimeout$1
instanceKlass okio/Okio$1
instanceKlass okio/RealBufferedSource
instanceKlass okio/AsyncTimeout$2
instanceKlass okio/Okio$2
instanceKlass okio/Timeout
instanceKlass okio/Okio
instanceKlass okhttp3/internal/connection/ConnectionSpecSelector
instanceKlass okhttp3/internal/http/HttpCodec
instanceKlass okhttp3/internal/ws/RealWebSocket$Streams
instanceKlass okhttp3/internal/http2/Http2Connection$Listener
instanceKlass okhttp3/internal/connection/RouteSelector$Selection
instanceKlass okhttp3/Route
instanceKlass java/util/ArrayDeque$DeqIterator
instanceKlass okhttp3/CacheControl$Builder
instanceKlass okhttp3/CacheControl
instanceKlass okhttp3/internal/cache/CacheStrategy
instanceKlass okhttp3/internal/cache/CacheStrategy$Factory
instanceKlass okhttp3/internal/connection/RouteSelector
instanceKlass okhttp3/Address
instanceKlass okhttp3/internal/connection/StreamAllocation
instanceKlass okhttp3/Connection
instanceKlass okhttp3/internal/http/RealInterceptorChain
instanceKlass okhttp3/internal/http/CallServerInterceptor
instanceKlass okhttp3/internal/connection/ConnectInterceptor
instanceKlass okhttp3/internal/cache/CacheInterceptor
instanceKlass okhttp3/internal/http/BridgeInterceptor
instanceKlass okhttp3/internal/http/RetryAndFollowUpInterceptor
instanceKlass okhttp3/RealCall
instanceKlass okhttp3/Headers
instanceKlass okhttp3/Request
instanceKlass okhttp3/internal/http/HttpMethod
instanceKlass com/google/common/io/ByteArrayDataInput
instanceKlass com/google/common/io/ByteArrayDataOutput
instanceKlass com/google/common/io/ByteStreams
instanceKlass okhttp3/MediaType
instanceKlass org/openqa/selenium/remote/internal/OkHttpClient$1
instanceKlass org/openqa/selenium/BuildInfo
instanceKlass com/google/common/collect/CollectSpliterators$1$$Lambda$352
instanceKlass com/google/common/collect/CollectSpliterators$1
instanceKlass com/google/common/collect/AbstractMapBasedMultimap$$Lambda$351
instanceKlass com/google/common/collect/CollectSpliterators$1FlatMapSpliterator$$Lambda$350
instanceKlass org/openqa/selenium/remote/http/HttpMessage$$Lambda$349
instanceKlass org/openqa/selenium/remote/http/HttpMessage$$Lambda$348
instanceKlass org/openqa/selenium/remote/http/HttpMessage$$Lambda$347
instanceKlass com/google/common/collect/CollectSpliterators$1FlatMapSpliterator
instanceKlass com/google/common/collect/CollectSpliterators
instanceKlass com/google/common/collect/AbstractMapBasedMultimap$$Lambda$346
instanceKlass com/google/common/collect/AbstractMapBasedMultimap$KeySet$1
instanceKlass sun/text/normalizer/UnicodeSet
instanceKlass sun/text/normalizer/UnicodeMatcher
instanceKlass sun/text/normalizer/NormalizerImpl$AuxTrieImpl
instanceKlass sun/text/normalizer/NormalizerImpl$NormTrieImpl
instanceKlass sun/text/normalizer/NormalizerImpl$FCDTrieImpl
instanceKlass sun/text/normalizer/NormalizerDataReader
instanceKlass sun/text/normalizer/ICUData
instanceKlass sun/text/normalizer/NormalizerImpl
instanceKlass sun/text/normalizer/VersionInfo
instanceKlass sun/text/normalizer/CharTrie$FriendAgent
instanceKlass sun/text/normalizer/Trie
instanceKlass sun/net/idn/StringPrep$StringPrepTrieImpl
instanceKlass sun/text/normalizer/Trie$DataManipulate
instanceKlass sun/text/normalizer/ICUBinary
instanceKlass sun/net/idn/StringPrepDataReader
instanceKlass sun/text/normalizer/ICUBinary$Authenticate
instanceKlass sun/net/idn/StringPrep
instanceKlass java/net/IDN
instanceKlass okhttp3/HttpUrl$Builder
instanceKlass okhttp3/HttpUrl
instanceKlass okhttp3/Headers$Builder
instanceKlass okhttp3/Request$Builder
instanceKlass com/google/common/collect/SortedSetMultimap
instanceKlass com/google/common/collect/Multimaps
instanceKlass com/google/common/net/MediaType$2
instanceKlass com/google/common/primitives/Ints
instanceKlass com/google/common/collect/AbstractMapBasedMultiset$2
instanceKlass com/google/common/collect/Multisets$AbstractEntry
instanceKlass com/google/common/collect/Count
instanceKlass com/google/common/collect/Collections2
instanceKlass com/google/common/collect/SortedMultiset
instanceKlass com/google/common/collect/SortedMultisetBridge
instanceKlass com/google/common/collect/Multiset$Entry
instanceKlass com/google/common/collect/Multisets
instanceKlass com/google/common/base/Optional
instanceKlass com/google/common/collect/Maps$13
instanceKlass com/google/common/collect/Maps$9
instanceKlass com/google/common/net/MediaType$1
instanceKlass com/google/common/collect/ImmutableMultimap$Builder
instanceKlass com/google/common/base/Ascii
instanceKlass com/google/common/base/Charsets
instanceKlass com/google/common/net/MediaType
instanceKlass org/openqa/selenium/remote/http/HttpMessage
instanceKlass org/openqa/selenium/remote/NewSessionPayload$$Lambda$345
instanceKlass org/openqa/selenium/remote/NewSessionPayload$$Lambda$344
instanceKlass org/openqa/selenium/remote/NewSessionPayload$$Lambda$343
instanceKlass org/openqa/selenium/remote/NewSessionPayload$$Lambda$342
instanceKlass org/openqa/selenium/remote/NewSessionPayload$$Lambda$341
instanceKlass org/openqa/selenium/remote/NewSessionPayload$$Lambda$340
instanceKlass org/openqa/selenium/remote/NewSessionPayload$$Lambda$339
instanceKlass org/openqa/selenium/remote/NewSessionPayload$$Lambda$338
instanceKlass org/openqa/selenium/remote/NewSessionPayload$$Lambda$337
instanceKlass org/openqa/selenium/remote/NewSessionPayload$$Lambda$336
instanceKlass org/openqa/selenium/remote/NewSessionPayload$$Lambda$335
instanceKlass org/openqa/selenium/remote/session/SafariFilter$$Lambda$334
instanceKlass org/openqa/selenium/remote/session/SafariFilter$$Lambda$333
instanceKlass org/openqa/selenium/remote/session/SafariFilter$$Lambda$332
instanceKlass org/openqa/selenium/remote/session/SafariFilter$$Lambda$331
instanceKlass org/openqa/selenium/remote/session/OperaFilter$$Lambda$330
instanceKlass org/openqa/selenium/remote/session/OperaFilter$$Lambda$329
instanceKlass org/openqa/selenium/remote/session/OperaFilter$$Lambda$328
instanceKlass org/openqa/selenium/remote/session/OperaFilter$$Lambda$327
instanceKlass org/openqa/selenium/remote/session/InternetExplorerFilter$$Lambda$326
instanceKlass org/openqa/selenium/remote/session/InternetExplorerFilter$$Lambda$325
instanceKlass org/openqa/selenium/remote/session/InternetExplorerFilter$$Lambda$324
instanceKlass org/openqa/selenium/remote/session/InternetExplorerFilter$$Lambda$323
instanceKlass org/openqa/selenium/remote/session/FirefoxFilter$$Lambda$322
instanceKlass org/openqa/selenium/remote/session/FirefoxFilter$$Lambda$321
instanceKlass org/openqa/selenium/remote/session/FirefoxFilter$$Lambda$320
instanceKlass org/openqa/selenium/remote/session/FirefoxFilter$$Lambda$319
instanceKlass org/openqa/selenium/remote/session/FirefoxFilter$$Lambda$318
instanceKlass org/openqa/selenium/remote/session/FirefoxFilter$$Lambda$317
instanceKlass com/google/common/collect/CollectCollectors$$Lambda$316
instanceKlass com/google/common/collect/CollectCollectors$$Lambda$315
instanceKlass com/google/common/collect/CollectCollectors$$Lambda$314
instanceKlass java/lang/invoke/LambdaForm$DMH
instanceKlass com/google/common/collect/CollectCollectors$$Lambda$313
instanceKlass org/openqa/selenium/remote/session/EdgeFilter$$Lambda$312
instanceKlass org/openqa/selenium/remote/session/EdgeFilter$$Lambda$311
instanceKlass org/openqa/selenium/remote/session/EdgeFilter$$Lambda$310
instanceKlass org/openqa/selenium/remote/session/EdgeFilter$$Lambda$309
instanceKlass org/openqa/selenium/remote/NewSessionPayload$$Lambda$308
instanceKlass org/openqa/selenium/remote/NewSessionPayload$$Lambda$307
instanceKlass org/openqa/selenium/remote/NewSessionPayload$$Lambda$306
instanceKlass org/openqa/selenium/remote/NewSessionPayload$$Lambda$305
instanceKlass org/openqa/selenium/remote/NewSessionPayload$$Lambda$304
instanceKlass java/util/stream/AbstractPipeline$$Lambda$303
instanceKlass org/openqa/selenium/remote/session/ChromeFilter$$Lambda$302
instanceKlass org/openqa/selenium/remote/session/ChromeFilter$$Lambda$301
instanceKlass org/openqa/selenium/remote/session/ChromeFilter$$Lambda$300
instanceKlass org/openqa/selenium/remote/session/ChromeFilter$$Lambda$299
instanceKlass org/openqa/selenium/remote/session/ChromeFilter$$Lambda$298
instanceKlass org/openqa/selenium/remote/session/ChromeFilter$$Lambda$297
instanceKlass org/openqa/selenium/remote/NewSessionPayload$$Lambda$296
instanceKlass org/openqa/selenium/remote/NewSessionPayload$$Lambda$295
instanceKlass org/openqa/selenium/remote/NewSessionPayload$$Lambda$294
instanceKlass org/openqa/selenium/remote/NewSessionPayload$$Lambda$293
instanceKlass org/openqa/selenium/remote/NewSessionPayload$$Lambda$292
instanceKlass org/openqa/selenium/remote/NewSessionPayload$$Lambda$291
instanceKlass org/openqa/selenium/remote/NewSessionPayload$$Lambda$290
instanceKlass com/google/common/collect/CollectCollectors$$Lambda$289
instanceKlass com/google/common/collect/CollectCollectors$$Lambda$288
instanceKlass com/google/common/collect/CollectCollectors$$Lambda$287
instanceKlass com/google/common/collect/CollectCollectors$$Lambda$286
instanceKlass org/openqa/selenium/remote/NewSessionPayload$$Lambda$285
instanceKlass org/openqa/selenium/remote/NewSessionPayload$$Lambda$284
instanceKlass org/openqa/selenium/remote/NewSessionPayload$$Lambda$283
instanceKlass org/openqa/selenium/remote/NewSessionPayload$$Lambda$282
instanceKlass org/openqa/selenium/remote/NewSessionPayload$$Lambda$281
instanceKlass org/openqa/selenium/remote/NewSessionPayload$$Lambda$280
instanceKlass org/openqa/selenium/remote/NewSessionPayload$$Lambda$279
instanceKlass org/openqa/selenium/json/JsonInput$1
instanceKlass org/openqa/selenium/json/CollectionCoercer$$Lambda$278
instanceKlass org/openqa/selenium/json/CollectionCoercer$$Lambda$277
instanceKlass org/openqa/selenium/json/JsonInput$$Lambda$276
instanceKlass org/openqa/selenium/json/BooleanCoercer$$Lambda$275
instanceKlass org/openqa/selenium/json/ObjectCoercer$1
instanceKlass org/openqa/selenium/json/ObjectCoercer$$Lambda$274
instanceKlass org/openqa/selenium/json/StringCoercer$1
instanceKlass org/openqa/selenium/json/StringCoercer$$Lambda$273
instanceKlass org/openqa/selenium/json/MapCoercer$$Lambda$272
instanceKlass org/openqa/selenium/json/JsonInputIterator
instanceKlass org/openqa/selenium/json/JsonTypeCoercer$$Lambda$271
instanceKlass org/openqa/selenium/json/JsonTypeCoercer$$Lambda$270
instanceKlass org/openqa/selenium/json/JsonTypeCoercer$$Lambda$269
instanceKlass org/openqa/selenium/json/MapCoercer$$Lambda$268
instanceKlass org/openqa/selenium/json/JsonTypeCoercer$$Lambda$267
instanceKlass org/openqa/selenium/remote/Response
instanceKlass org/openqa/selenium/json/Types
instanceKlass org/openqa/selenium/json/JsonTypeCoercer$$Lambda$266
instanceKlass org/openqa/selenium/json/JsonTypeCoercer$$Lambda$265
instanceKlass org/openqa/selenium/json/Input
instanceKlass org/openqa/selenium/json/JsonInput
instanceKlass org/openqa/selenium/remote/session/W3CPlatformNameNormaliser
instanceKlass org/openqa/selenium/remote/session/StripAnyPlatform
instanceKlass org/openqa/selenium/remote/session/ProxyTransform
instanceKlass org/openqa/selenium/remote/NewSessionPayload$$Lambda$264
instanceKlass org/openqa/selenium/remote/session/CapabilityTransform
instanceKlass org/openqa/selenium/remote/session/SafariFilter
instanceKlass org/openqa/selenium/remote/session/OperaFilter
instanceKlass org/openqa/selenium/remote/session/InternetExplorerFilter
instanceKlass org/openqa/selenium/remote/session/FirefoxFilter
instanceKlass org/openqa/selenium/remote/session/EdgeFilter
instanceKlass org/openqa/selenium/remote/session/ChromeFilter
instanceKlass org/openqa/selenium/remote/NewSessionPayload$$Lambda$263
instanceKlass org/openqa/selenium/remote/session/CapabilitiesFilter
instanceKlass com/google/common/io/CharStreams
instanceKlass org/openqa/selenium/json/JsonOutput$$Lambda$262
instanceKlass java/util/function/UnaryOperator
instanceKlass java/util/stream/Sink$ChainedInt
instanceKlass java/util/Spliterators$IntIteratorSpliterator
instanceKlass java/lang/CharSequence$1CharIterator
instanceKlass java/util/PrimitiveIterator$OfInt
instanceKlass java/util/PrimitiveIterator
instanceKlass org/openqa/selenium/json/JsonOutput$$Lambda$261
instanceKlass org/openqa/selenium/json/JsonOutput$$Lambda$260
instanceKlass java/util/function/IntFunction
instanceKlass java/lang/invoke/LambdaForm$DMH
instanceKlass java/lang/CharSequence$$Lambda$259
instanceKlass org/openqa/selenium/json/JsonOutput$$Lambda$258
instanceKlass org/openqa/selenium/json/JsonOutput$$Lambda$257
instanceKlass org/openqa/selenium/json/JsonOutput$$Lambda$256
instanceKlass org/openqa/selenium/json/JsonOutput$$Lambda$255
instanceKlass org/openqa/selenium/json/JsonOutput$$Lambda$254
instanceKlass org/openqa/selenium/json/JsonOutput$$Lambda$253
instanceKlass org/openqa/selenium/json/JsonOutput$$Lambda$252
instanceKlass org/openqa/selenium/json/JsonOutput$$Lambda$251
instanceKlass org/openqa/selenium/json/JsonOutput$$Lambda$250
instanceKlass org/openqa/selenium/json/JsonOutput$$Lambda$249
instanceKlass org/openqa/selenium/json/JsonOutput$$Lambda$248
instanceKlass org/openqa/selenium/json/JsonOutput$$Lambda$247
instanceKlass org/openqa/selenium/json/JsonOutput$$Lambda$246
instanceKlass org/openqa/selenium/json/JsonOutput$$Lambda$245
instanceKlass org/openqa/selenium/json/JsonOutput$$Lambda$244
instanceKlass org/openqa/selenium/json/JsonOutput$$Lambda$243
instanceKlass org/openqa/selenium/json/JsonOutput$$Lambda$242
instanceKlass org/openqa/selenium/json/JsonOutput$$Lambda$241
instanceKlass org/openqa/selenium/json/JsonOutput$$Lambda$240
instanceKlass org/openqa/selenium/json/JsonOutput$$Lambda$239
instanceKlass org/openqa/selenium/json/JsonOutput$$Lambda$238
instanceKlass org/openqa/selenium/remote/SessionId
instanceKlass org/openqa/selenium/json/JsonOutput$$Lambda$237
instanceKlass org/openqa/selenium/json/JsonOutput$$Lambda$236
instanceKlass org/openqa/selenium/json/JsonOutput$$Lambda$235
instanceKlass org/openqa/selenium/json/JsonOutput$$Lambda$234
instanceKlass org/openqa/selenium/json/JsonOutput$$Lambda$233
instanceKlass org/openqa/selenium/json/JsonOutput$$Lambda$232
instanceKlass org/openqa/selenium/json/JsonOutput$$Lambda$231
instanceKlass org/openqa/selenium/json/JsonOutput$$Lambda$230
instanceKlass org/openqa/selenium/json/JsonOutput$$Lambda$229
instanceKlass org/openqa/selenium/json/JsonOutput$$Lambda$228
instanceKlass org/openqa/selenium/json/JsonOutput$$Lambda$227
instanceKlass org/openqa/selenium/json/JsonOutput$$Lambda$226
instanceKlass org/openqa/selenium/json/JsonOutput$$Lambda$225
instanceKlass org/openqa/selenium/json/JsonOutput$$Lambda$224
instanceKlass org/openqa/selenium/json/JsonOutput$$Lambda$223
instanceKlass org/openqa/selenium/json/JsonOutput$$Lambda$222
instanceKlass org/openqa/selenium/json/JsonOutput$$Lambda$221
instanceKlass org/openqa/selenium/json/JsonOutput$$Lambda$220
instanceKlass org/openqa/selenium/json/JsonOutput$$Lambda$219
instanceKlass org/openqa/selenium/json/JsonOutput$$Lambda$218
instanceKlass org/openqa/selenium/json/JsonOutput$$Lambda$217
instanceKlass org/openqa/selenium/json/JsonOutput$SafeBiConsumer
instanceKlass org/openqa/selenium/json/JsonOutput$$Lambda$216
instanceKlass org/openqa/selenium/json/JsonOutput$Node
instanceKlass org/openqa/selenium/json/JsonOutput$$Lambda$215
instanceKlass org/openqa/selenium/json/JsonOutput$$Lambda$214
instanceKlass org/openqa/selenium/json/JsonOutput
instanceKlass org/openqa/selenium/json/JsonTypeCoercer$$Lambda$213
instanceKlass org/openqa/selenium/json/JsonTypeCoercer$$Lambda$212
instanceKlass org/openqa/selenium/json/JsonTypeCoercer$$Lambda$211
instanceKlass org/openqa/selenium/json/JsonTypeCoercer$$Lambda$210
instanceKlass java/util/stream/Collectors$$Lambda$209
instanceKlass java/util/stream/Collectors$$Lambda$208
instanceKlass org/openqa/selenium/json/JsonTypeCoercer$$Lambda$207
instanceKlass org/openqa/selenium/json/JsonTypeCoercer$$Lambda$206
instanceKlass org/openqa/selenium/json/JsonTypeCoercer$$Lambda$205
instanceKlass org/openqa/selenium/json/JsonTypeCoercer$$Lambda$204
instanceKlass org/openqa/selenium/json/JsonTypeCoercer$$Lambda$203
instanceKlass org/openqa/selenium/json/JsonTypeCoercer$$Lambda$202
instanceKlass org/openqa/selenium/json/JsonTypeCoercer$$Lambda$201
instanceKlass java/lang/invoke/LambdaForm$DMH
instanceKlass org/openqa/selenium/json/JsonTypeCoercer$$Lambda$200
instanceKlass org/openqa/selenium/json/JsonTypeCoercer$$Lambda$199
instanceKlass java/lang/invoke/LambdaForm$DMH
instanceKlass org/openqa/selenium/json/JsonTypeCoercer$$Lambda$198
instanceKlass java/lang/invoke/LambdaForm$DMH
instanceKlass org/openqa/selenium/json/JsonTypeCoercer$$Lambda$197
instanceKlass org/openqa/selenium/json/TypeCoercer
instanceKlass org/openqa/selenium/json/JsonTypeCoercer
instanceKlass org/openqa/selenium/json/Json
instanceKlass org/openqa/selenium/remote/CommandCodec
instanceKlass org/openqa/selenium/remote/ResponseCodec
instanceKlass org/openqa/selenium/remote/NewSessionPayload
instanceKlass com/google/common/io/CharSource
instanceKlass com/google/common/hash/PrimitiveSink
instanceKlass com/google/common/io/ByteSource
instanceKlass org/openqa/selenium/logging/LogEntry$$Lambda$196
instanceKlass org/openqa/selenium/remote/ProtocolHandshake
instanceKlass sun/net/www/http/KeepAliveEntry
instanceKlass sun/net/www/http/KeepAliveCache$1
instanceKlass sun/net/www/http/KeepAliveStreamCleaner$2
instanceKlass sun/net/www/http/KeepAliveStreamCleaner$1
instanceKlass sun/net/www/http/Hurryable
instanceKlass sun/net/www/protocol/http/AuthCacheImpl
instanceKlass sun/net/www/protocol/http/AuthCache
instanceKlass sun/net/www/protocol/http/AuthCacheValue
instanceKlass java/net/Socket$3
instanceKlass org/apache/commons/exec/StreamPumper
instanceKlass java/lang/ProcessImpl$2
instanceKlass sun/net/www/http/HttpCapture$1
instanceKlass sun/net/www/http/HttpCapture
instanceKlass sun/net/www/http/KeepAliveKey
instanceKlass sun/net/NetworkClient$1
instanceKlass sun/net/NetworkClient
instanceKlass sun/net/www/protocol/http/HttpURLConnection$7
instanceKlass java/net/ResponseCache
instanceKlass sun/net/www/protocol/http/HttpURLConnection$3
instanceKlass java/net/CookieHandler
instanceKlass sun/net/www/protocol/http/HttpURLConnection$2
instanceKlass sun/net/www/protocol/http/HttpURLConnection$$Lambda$195
instanceKlass sun/security/action/GetIntegerAction
instanceKlass org/openqa/selenium/net/UrlChecker$$Lambda$194
instanceKlass com/google/common/util/concurrent/SimpleTimeLimiter
instanceKlass java/util/concurrent/Executors
instanceKlass java/lang/ProcessBuilder
instanceKlass org/openqa/selenium/net/UrlChecker$$Lambda$193
instanceKlass org/apache/commons/exec/environment/DefaultProcessingEnvironment
instanceKlass com/google/common/util/concurrent/TimeLimiter
instanceKlass org/apache/commons/exec/environment/EnvironmentUtils
instanceKlass org/openqa/selenium/net/UrlChecker
instanceKlass org/apache/commons/exec/DefaultExecutor$1
instanceKlass org/apache/commons/exec/CommandLine$Argument
instanceKlass org/apache/commons/exec/util/StringUtils
instanceKlass org/apache/commons/exec/CommandLine
instanceKlass org/apache/commons/exec/OS
instanceKlass org/apache/commons/exec/launcher/CommandLauncherImpl
instanceKlass org/apache/commons/exec/launcher/CommandLauncher
instanceKlass org/apache/commons/exec/launcher/CommandLauncherFactory
instanceKlass org/apache/commons/exec/PumpStreamHandler
instanceKlass org/apache/commons/exec/DefaultExecutor
instanceKlass org/apache/commons/exec/DefaultExecuteResultHandler
instanceKlass org/apache/commons/exec/ExecuteResultHandler
instanceKlass org/apache/commons/exec/ExecuteStreamHandler
instanceKlass org/apache/commons/exec/ExecuteWatchdog
instanceKlass org/apache/commons/exec/TimeoutObserver
instanceKlass org/apache/commons/exec/Executor
instanceKlass org/openqa/selenium/os/OsProcess
instanceKlass org/openqa/selenium/os/CommandLine
instanceKlass org/openqa/selenium/remote/Command
instanceKlass org/openqa/selenium/remote/RemoteLogs
instanceKlass org/openqa/selenium/remote/RemoteMouse
instanceKlass org/openqa/selenium/remote/RemoteKeyboard
instanceKlass org/openqa/selenium/remote/RemoteExecuteMethod
instanceKlass org/openqa/selenium/remote/internal/JsonToWebElementConverter
instanceKlass org/openqa/selenium/remote/UselessFileDetector
instanceKlass org/openqa/selenium/remote/ErrorCodes$KnownError
instanceKlass org/openqa/selenium/remote/ErrorCodes
instanceKlass org/openqa/selenium/remote/ErrorHandler
instanceKlass okhttp3/internal/tls/BasicTrustRootIndex
instanceKlass sun/security/provider/SeedGenerator$1
instanceKlass sun/security/provider/SeedGenerator
instanceKlass sun/security/provider/SecureRandom$SeederHolder
instanceKlass javax/net/ssl/X509ExtendedKeyManager
instanceKlass javax/net/ssl/X509KeyManager
instanceKlass javax/net/ssl/KeyManager
instanceKlass sun/security/ssl/SSLSessionContextImpl$1
instanceKlass sun/security/ssl/SSLSessionContextImpl
instanceKlass javax/net/ssl/SSLSessionContext
instanceKlass sun/security/ssl/EphemeralKeyManager$EphemeralKeyPair
instanceKlass sun/security/ssl/EphemeralKeyManager
instanceKlass sun/security/ssl/SSLContextImpl$CustomizedSSLProtocols
instanceKlass sun/security/ssl/CipherSuiteList
instanceKlass java/security/spec/ECGenParameterSpec
instanceKlass sun/security/util/ECKeySizeParameterSpec
instanceKlass sun/security/util/SecurityProviderConstants
instanceKlass sun/security/ec/point/Point
instanceKlass java/security/KeyPairGeneratorSpi
instanceKlass sun/security/util/AnchorCertificates$1
instanceKlass sun/security/util/AnchorCertificates
instanceKlass java/security/cert/TrustAnchor
instanceKlass sun/security/x509/X509CertImpl$$Lambda$192
instanceKlass sun/security/util/UntrustedCertificates$1
instanceKlass sun/security/util/UntrustedCertificates
instanceKlass java/security/cert/PKIXCertPathChecker
instanceKlass java/security/cert/CertPathChecker
instanceKlass javax/crypto/JarVerifier$JarHolder
instanceKlass javax/crypto/JarVerifier$2
instanceKlass javax/crypto/JceSecurity$2
instanceKlass javax/crypto/KeyAgreement
instanceKlass sun/security/ssl/JsseJce$EcAvailability
instanceKlass sun/security/ssl/SSLAlgorithmDecomposer$1
instanceKlass sun/security/ssl/CipherSuite$MacAlg
instanceKlass javax/crypto/JceSecurityManager$1
instanceKlass java/security/spec/DSAParameterSpec
instanceKlass java/security/interfaces/DSAParams
instanceKlass java/security/interfaces/DSAPrivateKey
instanceKlass java/net/NetworkInterface$2
instanceKlass java/net/DefaultInterface
instanceKlass java/net/InterfaceAddress
instanceKlass java/net/NetworkInterface$1
instanceKlass java/net/NetworkInterface
instanceKlass sun/security/validator/EndEntityChecker
instanceKlass sun/security/validator/Validator
instanceKlass sun/security/util/Pem
instanceKlass javax/crypto/JarVerifier$1
instanceKlass javax/crypto/JarVerifier
instanceKlass java/util/Vector$1
instanceKlass javax/crypto/CryptoPolicyParser$CryptoPermissionEntry
instanceKlass javax/crypto/CryptoPolicyParser$GrantEntry
instanceKlass java/io/StreamTokenizer
instanceKlass javax/crypto/CryptoPolicyParser
instanceKlass java/util/jar/JarFile$JarEntryIterator
instanceKlass javax/crypto/JceSecurity$1
instanceKlass javax/crypto/JceSecurity
instanceKlass javax/crypto/Cipher
instanceKlass java/security/SecureRandomSpi
instanceKlass sun/security/krb5/Realm
instanceKlass sun/security/krb5/PrincipalName
instanceKlass sun/security/ssl/JsseJce$1
instanceKlass sun/security/ssl/JsseJce
instanceKlass sun/security/ssl/CipherSuite$BulkCipher
instanceKlass sun/security/ssl/CipherSuite
instanceKlass sun/security/ssl/SSLAlgorithmConstraints
instanceKlass sun/security/ssl/ProtocolVersion
instanceKlass sun/security/ssl/ProtocolList
instanceKlass javax/net/ssl/SSLContextSpi
instanceKlass javax/net/ssl/SSLContext
instanceKlass javax/net/ssl/SSLParameters
instanceKlass sun/security/mscapi/SunMSCAPI$1
instanceKlass sun/security/smartcardio/SunPCSC$1
instanceKlass org/jcp/xml/dsig/internal/dom/XMLDSigRI$1
instanceKlass com/sun/security/sasl/Provider$1
instanceKlass sun/security/jgss/SunProvider$1
instanceKlass com/sun/crypto/provider/SunJCE$1
instanceKlass okhttp3/internal/tls/TrustRootIndex
instanceKlass okhttp3/internal/tls/CertificateChainCleaner
instanceKlass okhttp3/internal/platform/Platform
instanceKlass javax/net/ssl/X509ExtendedTrustManager
instanceKlass javax/net/ssl/X509TrustManager
instanceKlass javax/net/ssl/TrustManager
instanceKlass sun/security/validator/TrustStoreUtil
instanceKlass sun/security/x509/AccessDescription
instanceKlass sun/security/x509/CertificatePolicyMap
instanceKlass java/security/cert/PolicyQualifierInfo
instanceKlass sun/security/x509/CertificatePolicyId
instanceKlass sun/security/x509/PolicyInformation
instanceKlass sun/security/x509/DNSName
instanceKlass sun/security/x509/URIName
instanceKlass sun/security/x509/DistributionPoint
instanceKlass sun/security/util/ECUtil
instanceKlass java/security/interfaces/ECPublicKey
instanceKlass java/security/interfaces/ECKey
instanceKlass sun/security/provider/JavaKeyStore$TrustedCertEntry
instanceKlass sun/security/action/OpenFileInputStreamAction
instanceKlass sun/security/provider/KeyStoreDelegator$1
instanceKlass java/security/KeyStoreSpi
instanceKlass java/security/KeyStore$1
instanceKlass sun/security/ssl/TrustStoreManager$TrustStoreDescriptor$1
instanceKlass sun/security/ssl/TrustStoreManager$TrustStoreDescriptor
instanceKlass sun/security/ssl/TrustStoreManager$TrustAnchorManager
instanceKlass sun/security/ssl/TrustStoreManager
instanceKlass sun/security/ssl/Debug
instanceKlass sun/security/ssl/SunJSSE$1
instanceKlass java/security/spec/ECFieldF2m
instanceKlass java/security/spec/ECParameterSpec
instanceKlass java/security/spec/AlgorithmParameterSpec
instanceKlass java/security/spec/ECPoint
instanceKlass java/security/spec/EllipticCurve
instanceKlass java/security/spec/ECFieldFp
instanceKlass java/security/spec/ECField
instanceKlass sun/security/ec/CurveDB
instanceKlass sun/security/ec/SunECEntries
instanceKlass sun/security/ec/SunEC$1
instanceKlass sun/security/util/ManifestEntryVerifier$SunProviderHolder
instanceKlass java/util/Base64$Encoder
instanceKlass java/util/Base64$Decoder
instanceKlass java/util/Base64
instanceKlass java/security/cert/CertPath
instanceKlass sun/security/rsa/RSAPadding
instanceKlass sun/security/rsa/RSACore
instanceKlass java/security/interfaces/RSAPrivateCrtKey
instanceKlass sun/security/pkcs/PKCS8Key
instanceKlass java/security/interfaces/RSAPrivateKey
instanceKlass java/security/PrivateKey
instanceKlass sun/security/jca/ServiceId
instanceKlass java/security/SignatureSpi
instanceKlass javax/crypto/SecretKey
instanceKlass javax/security/auth/Destroyable
instanceKlass sun/security/util/Length
instanceKlass sun/security/util/KeyUtil
instanceKlass sun/text/normalizer/NormalizerBase$1
instanceKlass sun/text/normalizer/NormalizerBase$QuickCheckResult
instanceKlass sun/text/normalizer/NormalizerBase$Mode
instanceKlass sun/text/normalizer/NormalizerBase
instanceKlass java/text/Normalizer
instanceKlass sun/security/pkcs/PKCS9Attribute
instanceKlass sun/security/x509/AVAKeyword
instanceKlass sun/security/util/ConstraintsParameters
instanceKlass sun/security/pkcs/SignerInfo
instanceKlass java/security/interfaces/DSAPublicKey
instanceKlass java/security/interfaces/DSAKey
instanceKlass java/security/spec/DSAPublicKeySpec
instanceKlass java/security/AlgorithmParametersSpi
instanceKlass java/security/AlgorithmParameters
instanceKlass java/util/logging/Logger$1
instanceKlass jdk/internal/event/EventHelper
instanceKlass sun/security/util/MemoryCache$CacheEntry
instanceKlass sun/security/x509/X509AttributeName
instanceKlass sun/security/x509/RFC822Name
instanceKlass sun/security/x509/GeneralName
instanceKlass sun/security/x509/GeneralNames
instanceKlass sun/security/x509/KeyIdentifier
instanceKlass sun/security/x509/NetscapeCertTypeExtension$MapEntry
instanceKlass sun/security/x509/OIDMap$OIDInfo
instanceKlass sun/security/x509/PKIXExtensions
instanceKlass sun/security/x509/OIDMap
instanceKlass sun/security/x509/Extension
instanceKlass java/security/cert/Extension
instanceKlass sun/security/x509/CertificateExtensions
instanceKlass java/security/interfaces/RSAPublicKey
instanceKlass java/security/interfaces/RSAKey
instanceKlass java/security/spec/RSAPrivateKeySpec
instanceKlass java/security/spec/RSAPublicKeySpec
instanceKlass java/security/KeyFactorySpi
instanceKlass sun/security/jca/ProviderList$ServiceList$1
instanceKlass java/security/KeyFactory
instanceKlass java/security/spec/EncodedKeySpec
instanceKlass java/security/spec/KeySpec
instanceKlass sun/security/util/BitArray
instanceKlass sun/security/x509/X509Key
instanceKlass java/security/PublicKey
instanceKlass sun/security/x509/CertificateX509Key
instanceKlass sun/security/x509/CertificateValidity
instanceKlass sun/security/x509/AVA
instanceKlass sun/security/x509/RDN
instanceKlass javax/security/auth/x500/X500Principal
instanceKlass sun/security/x509/X500Name$1
instanceKlass sun/security/x509/X500Name
instanceKlass sun/security/x509/GeneralNameInterface
instanceKlass sun/security/x509/CertificateAlgorithmId
instanceKlass sun/security/x509/SerialNumber
instanceKlass sun/security/x509/CertificateSerialNumber
instanceKlass sun/security/x509/CertificateVersion
instanceKlass sun/security/x509/X509CertInfo
instanceKlass sun/security/x509/CertAttrSet
instanceKlass sun/security/util/Cache$EqualByteArray
instanceKlass sun/security/util/Cache
instanceKlass java/security/cert/CertificateFactorySpi
instanceKlass java/security/cert/CertificateFactory
instanceKlass sun/security/x509/AlgorithmId
instanceKlass sun/security/util/ByteArrayTagOrder
instanceKlass sun/security/util/ByteArrayLexOrder
instanceKlass sun/security/util/DerEncoder
instanceKlass sun/security/util/DerValue
instanceKlass sun/security/util/ObjectIdentifier
instanceKlass sun/security/pkcs/ContentInfo
instanceKlass sun/security/util/DerIndefLenConverter
instanceKlass sun/security/util/DerInputStream
instanceKlass sun/security/pkcs/PKCS7
instanceKlass sun/security/util/ManifestDigester$Section
